[0.572s] Invoking command in '/home/quantum_main/computer_vision/build/custom_interfaces': CMAKE_PREFIX_PATH=/opt/ros/humble /usr/bin/cmake --build /home/quantum_main/computer_vision/build/custom_interfaces -- -j6 -l6
[0.733s] [  1%] Built target custom_interfaces__cpp
[0.745s] [ 12%] Built target custom_interfaces__rosidl_generator_c
[0.759s] [ 12%] Built target ament_cmake_python_copy_custom_interfaces
[0.805s] [ 17%] [32mBuilding CXX object CMakeFiles/custom_interfaces__rosidl_typesupport_introspection_cpp.dir/rosidl_typesupport_introspection_cpp/custom_interfaces/msg/detail/target_coordinates__type_support.cpp.o[0m
[0.806s] [ 25%] Built target custom_interfaces__rosidl_typesupport_cpp
[0.811s] [ 26%] [32mBuilding CXX object CMakeFiles/custom_interfaces__rosidl_typesupport_fastrtps_cpp.dir/rosidl_typesupport_fastrtps_cpp/custom_interfaces/msg/detail/dds_fastrtps/target_coordinates__type_support.cpp.o[0m
[0.824s] [ 38%] Built target custom_interfaces__rosidl_typesupport_fastrtps_c
[0.828s] [ 49%] Built target custom_interfaces__rosidl_typesupport_introspection_c
[0.841s] [ 60%] Built target custom_interfaces__rosidl_typesupport_c
[1.361s] running egg_info
[1.363s] writing custom_interfaces.egg-info/PKG-INFO
[1.363s] writing dependency_links to custom_interfaces.egg-info/dependency_links.txt
[1.364s] writing top-level names to custom_interfaces.egg-info/top_level.txt
[1.371s] reading manifest file 'custom_interfaces.egg-info/SOURCES.txt'
[1.373s] writing manifest file 'custom_interfaces.egg-info/SOURCES.txt'
[1.458s] [ 60%] Built target ament_cmake_python_build_custom_interfaces_egg
[1.742s] [ 61%] [32m[1mLinking CXX shared library libcustom_interfaces__rosidl_typesupport_introspection_cpp.so[0m
[1.757s] [ 63%] [32m[1mLinking CXX shared library libcustom_interfaces__rosidl_typesupport_fastrtps_cpp.so[0m
[1.829s] [ 71%] Built target custom_interfaces__rosidl_typesupport_introspection_cpp
[1.929s] [ 79%] Built target custom_interfaces__rosidl_typesupport_fastrtps_cpp
[1.972s] [ 79%] Built target custom_interfaces
[2.017s] [ 80%] Built target custom_interfaces__py
[2.073s] [ 90%] Built target custom_interfaces__rosidl_generator_py
[2.119s] [ 93%] [32m[1mLinking C shared library rosidl_generator_py/custom_interfaces/custom_interfaces_s__rosidl_typesupport_c.cpython-310-aarch64-linux-gnu.so[0m
[2.119s] [ 93%] [32m[1mLinking C shared library rosidl_generator_py/custom_interfaces/custom_interfaces_s__rosidl_typesupport_fastrtps_c.cpython-310-aarch64-linux-gnu.so[0m
[2.120s] [ 95%] [32mBuilding C object CMakeFiles/custom_interfaces__rosidl_typesupport_introspection_c__pyext.dir/rosidl_generator_py/custom_interfaces/_custom_interfaces_s.ep.rosidl_typesupport_introspection_c.c.o[0m
[2.187s] [ 96%] Built target custom_interfaces__rosidl_typesupport_c__pyext
[2.189s] [ 98%] Built target custom_interfaces__rosidl_typesupport_fastrtps_c__pyext
[2.387s] [01m[K/home/quantum_main/computer_vision/build/custom_interfaces/rosidl_generator_py/custom_interfaces/_custom_interfaces_s.ep.rosidl_typesupport_introspection_c.c:934:1:[m[K [01;31m[Kfatal error: [m[Kopening dependency file CMakeFiles/custom_interfaces__rosidl_typesupport_introspection_c__pyext.dir/rosidl_generator_py/custom_interfaces/_custom_interfaces_s.ep.rosidl_typesupport_introspection_c.c.o.d: No such file or directory
[2.387s]   934 | [01;31m[K}[m[K
[2.387s]       | [01;31m[K^[m[K
[2.388s] compilation terminated.
[2.391s] gmake[2]: *** [CMakeFiles/custom_interfaces__rosidl_typesupport_introspection_c__pyext.dir/build.make:76: CMakeFiles/custom_interfaces__rosidl_typesupport_introspection_c__pyext.dir/rosidl_generator_py/custom_interfaces/_custom_interfaces_s.ep.rosidl_typesupport_introspection_c.c.o] Error 1
[2.392s] gmake[1]: *** [CMakeFiles/Makefile2:535: CMakeFiles/custom_interfaces__rosidl_typesupport_introspection_c__pyext.dir/all] Error 2
[2.392s] gmake: *** [Makefile:146: all] Error 2
[2.398s] Invoked command in '/home/quantum_main/computer_vision/build/custom_interfaces' returned '2': CMAKE_PREFIX_PATH=/opt/ros/humble /usr/bin/cmake --build /home/quantum_main/computer_vision/build/custom_interfaces -- -j6 -l6
