[1.478s] Invoking command in '/home/quantum_main/computer_vision/computer_ros_vision': PYTHONPATH=/home/quantum_main/computer_vision/build/computer_ros_vision/prefix_override:/usr/lib/python3/dist-packages/colcon_core/task/python/colcon_distutils_commands:/home/quantum_main/computer_vision/install/computer_ros_vision/lib/python3.10/site-packages:${PYTHONPATH} /usr/bin/python3 -W ignore:setup.py install is deprecated setup.py egg_info --egg-base ../build/computer_ros_vision build --build-base /home/quantum_main/computer_vision/build/computer_ros_vision/build install --record /home/quantum_main/computer_vision/build/computer_ros_vision/install.log --single-version-externally-managed install_data
[1.994s] running egg_info
[1.995s] writing ../build/computer_ros_vision/computer_ros_vision.egg-info/PKG-INFO
[1.996s] writing dependency_links to ../build/computer_ros_vision/computer_ros_vision.egg-info/dependency_links.txt
[1.996s] writing entry points to ../build/computer_ros_vision/computer_ros_vision.egg-info/entry_points.txt
[1.996s] writing requirements to ../build/computer_ros_vision/computer_ros_vision.egg-info/requires.txt
[1.997s] writing top-level names to ../build/computer_ros_vision/computer_ros_vision.egg-info/top_level.txt
[2.000s] reading manifest file '../build/computer_ros_vision/computer_ros_vision.egg-info/SOURCES.txt'
[2.003s] writing manifest file '../build/computer_ros_vision/computer_ros_vision.egg-info/SOURCES.txt'
[2.003s] running build
[2.003s] running build_py
[2.003s] running install
[2.004s] running install_lib
[2.006s] running install_data
[2.007s] running install_egg_info
[2.013s] removing '/home/quantum_main/computer_vision/install/computer_ros_vision/lib/python3.10/site-packages/computer_ros_vision-0.0.0-py3.10.egg-info' (and everything under it)
[2.014s] Copying ../build/computer_ros_vision/computer_ros_vision.egg-info to /home/quantum_main/computer_vision/install/computer_ros_vision/lib/python3.10/site-packages/computer_ros_vision-0.0.0-py3.10.egg-info
[2.016s] running install_scripts
[2.060s] Installing server script to /home/quantum_main/computer_vision/install/computer_ros_vision/lib/computer_ros_vision
[2.060s] writing list of installed files to '/home/quantum_main/computer_vision/build/computer_ros_vision/install.log'
[2.153s] Invoked command in '/home/quantum_main/computer_vision/computer_ros_vision' returned '0': PYTHONPATH=/home/quantum_main/computer_vision/build/computer_ros_vision/prefix_override:/usr/lib/python3/dist-packages/colcon_core/task/python/colcon_distutils_commands:/home/quantum_main/computer_vision/install/computer_ros_vision/lib/python3.10/site-packages:${PYTHONPATH} /usr/bin/python3 -W ignore:setup.py install is deprecated setup.py egg_info --egg-base ../build/computer_ros_vision build --build-base /home/quantum_main/computer_vision/build/computer_ros_vision/build install --record /home/quantum_main/computer_vision/build/computer_ros_vision/install.log --single-version-externally-managed install_data
