/home/quantum_main/computer_vision/cv_ros/install/computer_ros_vision/lib/python3.10/site-packages/computer_ros_vision/zed_node.py
/home/quantum_main/computer_vision/cv_ros/install/computer_ros_vision/lib/python3.10/site-packages/computer_ros_vision/detect_with_ros.py
/home/quantum_main/computer_vision/cv_ros/install/computer_ros_vision/lib/python3.10/site-packages/computer_ros_vision/server3_zed.py
/home/quantum_main/computer_vision/cv_ros/install/computer_ros_vision/lib/python3.10/site-packages/computer_ros_vision/server3.py
/home/quantum_main/computer_vision/cv_ros/install/computer_ros_vision/lib/python3.10/site-packages/computer_ros_vision/__init__.py
/home/quantum_main/computer_vision/cv_ros/install/computer_ros_vision/lib/python3.10/site-packages/computer_ros_vision/__pycache__/zed_node.cpython-310.pyc
/home/quantum_main/computer_vision/cv_ros/install/computer_ros_vision/lib/python3.10/site-packages/computer_ros_vision/__pycache__/detect_with_ros.cpython-310.pyc
/home/quantum_main/computer_vision/cv_ros/install/computer_ros_vision/lib/python3.10/site-packages/computer_ros_vision/__pycache__/server3_zed.cpython-310.pyc
/home/quantum_main/computer_vision/cv_ros/install/computer_ros_vision/lib/python3.10/site-packages/computer_ros_vision/__pycache__/server3.cpython-310.pyc
/home/quantum_main/computer_vision/cv_ros/install/computer_ros_vision/lib/python3.10/site-packages/computer_ros_vision/__pycache__/__init__.cpython-310.pyc
/home/quantum_main/computer_vision/cv_ros/install/computer_ros_vision/share/ament_index/resource_index/packages/computer_ros_vision
/home/quantum_main/computer_vision/cv_ros/install/computer_ros_vision/share/computer_ros_vision/package.xml
/home/quantum_main/computer_vision/cv_ros/install/computer_ros_vision/lib/python3.10/site-packages/computer_ros_vision-0.0.0-py3.10.egg-info/requires.txt
/home/quantum_main/computer_vision/cv_ros/install/computer_ros_vision/lib/python3.10/site-packages/computer_ros_vision-0.0.0-py3.10.egg-info/top_level.txt
/home/quantum_main/computer_vision/cv_ros/install/computer_ros_vision/lib/python3.10/site-packages/computer_ros_vision-0.0.0-py3.10.egg-info/entry_points.txt
/home/quantum_main/computer_vision/cv_ros/install/computer_ros_vision/lib/python3.10/site-packages/computer_ros_vision-0.0.0-py3.10.egg-info/zip-safe
/home/quantum_main/computer_vision/cv_ros/install/computer_ros_vision/lib/python3.10/site-packages/computer_ros_vision-0.0.0-py3.10.egg-info/dependency_links.txt
/home/quantum_main/computer_vision/cv_ros/install/computer_ros_vision/lib/python3.10/site-packages/computer_ros_vision-0.0.0-py3.10.egg-info/SOURCES.txt
/home/quantum_main/computer_vision/cv_ros/install/computer_ros_vision/lib/python3.10/site-packages/computer_ros_vision-0.0.0-py3.10.egg-info/PKG-INFO
/home/quantum_main/computer_vision/cv_ros/install/computer_ros_vision/lib/computer_ros_vision/server
