[0.563s] Invoking command in '/home/quantum_main/computer_vision/cv_ros/build/custom_interfaces': CMAKE_PREFIX_PATH=/opt/ros/humble /usr/bin/cmake /home/quantum_main/computer_vision/cv_ros/src/custom_interfaces -DCMAKE_INSTALL_PREFIX=/home/quantum_main/computer_vision/cv_ros/install/custom_interfaces
[0.681s] -- The C compiler identification is GNU 11.4.0
[0.792s] -- The CXX compiler identification is GNU 11.4.0
[0.808s] -- Detecting C compiler ABI info
[0.952s] -- Detecting C compiler ABI info - done
[0.965s] -- Check for working C compiler: /usr/bin/cc - skipped
[0.966s] -- Detecting C compile features
[0.966s] -- Detecting C compile features - done
[0.973s] -- Detecting CXX compiler ABI info
[1.137s] -- Detecting CXX compiler ABI info - done
[1.157s] -- Check for working CXX compiler: /usr/bin/c++ - skipped
[1.158s] -- Detecting CXX compile features
[1.158s] -- Detecting CXX compile features - done
[1.164s] -- Found ament_cmake: 1.3.10 (/opt/ros/humble/share/ament_cmake/cmake)
[1.531s] -- Found Python3: /usr/bin/python3 (found version "3.10.12") found components: Interpreter 
[1.714s] -- Found rclcpp: 16.0.10 (/opt/ros/humble/share/rclcpp/cmake)
[1.802s] -- Found rosidl_generator_c: 3.1.5 (/opt/ros/humble/share/rosidl_generator_c/cmake)
[1.810s] -- Found rosidl_adapter: 3.1.5 (/opt/ros/humble/share/rosidl_adapter/cmake)
[1.827s] -- Found rosidl_generator_cpp: 3.1.5 (/opt/ros/humble/share/rosidl_generator_cpp/cmake)
[1.853s] -- Using all available rosidl_typesupport_c: rosidl_typesupport_fastrtps_c;rosidl_typesupport_introspection_c
[1.885s] -- Using all available rosidl_typesupport_cpp: rosidl_typesupport_fastrtps_cpp;rosidl_typesupport_introspection_cpp
[1.972s] -- Found rmw_implementation_cmake: 6.1.2 (/opt/ros/humble/share/rmw_implementation_cmake/cmake)
[1.977s] -- Found rmw_fastrtps_cpp: 6.2.7 (/opt/ros/humble/share/rmw_fastrtps_cpp/cmake)
[2.136s] -- Found OpenSSL: /usr/lib/aarch64-linux-gnu/libcrypto.so (found version "3.0.2")  
[2.191s] -- Found FastRTPS: /opt/ros/humble/include  
[2.262s] -- Using RMW implementation 'rmw_fastrtps_cpp' as default
[2.278s] -- Looking for pthread.h
[2.420s] -- Looking for pthread.h - found
[2.421s] -- Performing Test CMAKE_HAVE_LIBC_PTHREAD
[2.593s] -- Performing Test CMAKE_HAVE_LIBC_PTHREAD - Success
[2.596s] -- Found Threads: TRUE  
[2.732s] -- Found rosidl_default_generators: 1.2.0 (/opt/ros/humble/share/rosidl_default_generators/cmake)
[2.750s] -- Found ament_lint_auto: 0.12.11 (/opt/ros/humble/share/ament_lint_auto/cmake)
[3.380s] -- Found ament_cmake_ros: 0.10.0 (/opt/ros/humble/share/ament_cmake_ros/cmake)
[4.141s] -- Using all available rosidl_typesupport_c: rosidl_typesupport_fastrtps_c;rosidl_typesupport_introspection_c
[4.433s] -- Using all available rosidl_typesupport_cpp: rosidl_typesupport_fastrtps_cpp;rosidl_typesupport_introspection_cpp
[4.487s] -- Found PythonInterp: /usr/bin/python3 (found suitable version "3.10.12", minimum required is "3.6") 
[4.492s] -- Found python_cmake_module: 0.10.0 (/opt/ros/humble/share/python_cmake_module/cmake)
[4.565s] -- Found PythonLibs: /usr/lib/aarch64-linux-gnu/libpython3.10.so (found suitable version "3.10.12", minimum required is "3.5") 
[4.565s] -- Using PYTHON_EXECUTABLE: /usr/bin/python3
[4.565s] -- Using PYTHON_INCLUDE_DIRS: /usr/include/python3.10
[4.566s] -- Using PYTHON_LIBRARIES: /usr/lib/aarch64-linux-gnu/libpython3.10.so
[4.618s] -- Found PythonExtra: .so  
[4.712s] -- Added test 'copyright' to check source files copyright and LICENSE
[4.729s] -- Added test 'lint_cmake' to check CMake code style
[4.739s] -- Added test 'xmllint' to check XML markup files
[4.753s] -- Configuring done
[4.830s] -- Generating done
[4.836s] -- Build files have been written to: /home/quantum_main/computer_vision/cv_ros/build/custom_interfaces
[4.870s] Invoked command in '/home/quantum_main/computer_vision/cv_ros/build/custom_interfaces' returned '0': CMAKE_PREFIX_PATH=/opt/ros/humble /usr/bin/cmake /home/quantum_main/computer_vision/cv_ros/src/custom_interfaces -DCMAKE_INSTALL_PREFIX=/home/quantum_main/computer_vision/cv_ros/install/custom_interfaces
[4.876s] Invoking command in '/home/quantum_main/computer_vision/cv_ros/build/custom_interfaces': CMAKE_PREFIX_PATH=/opt/ros/humble /usr/bin/cmake --build /home/quantum_main/computer_vision/cv_ros/build/custom_interfaces -- -j6 -l6
[4.966s] [  1%] [34m[1mGenerating C code for ROS interfaces[0m
[4.985s] [  3%] [34m[1mGenerating C++ code for ROS interfaces[0m
[5.006s] [  3%] Built target ament_cmake_python_copy_custom_interfaces
[5.528s] running egg_info
[5.529s] creating custom_interfaces.egg-info
[5.529s] writing custom_interfaces.egg-info/PKG-INFO
[5.530s] writing dependency_links to custom_interfaces.egg-info/dependency_links.txt
[5.530s] writing top-level names to custom_interfaces.egg-info/top_level.txt
[5.530s] writing manifest file 'custom_interfaces.egg-info/SOURCES.txt'
[5.536s] reading manifest file 'custom_interfaces.egg-info/SOURCES.txt'
[5.536s] writing manifest file 'custom_interfaces.egg-info/SOURCES.txt'
[5.607s] [  3%] Built target ament_cmake_python_build_custom_interfaces_egg
[5.911s] [  3%] Built target custom_interfaces__cpp
[5.930s] [  4%] [34m[1mGenerating C++ type support dispatch for ROS interfaces[0m
[5.960s] [  6%] [34m[1mGenerating C++ type support for eProsima Fast-RTPS[0m
[5.977s] [  7%] [34m[1mGenerating C++ introspection for ROS interfaces[0m
[6.040s] [  9%] [32mBuilding C object CMakeFiles/custom_interfaces__rosidl_generator_c.dir/rosidl_generator_c/custom_interfaces/srv/detail/follow_gps__functions.c.o[0m
[6.041s] [ 11%] [32mBuilding C object CMakeFiles/custom_interfaces__rosidl_generator_c.dir/rosidl_generator_c/custom_interfaces/msg/detail/target_coordinates__functions.c.o[0m
[6.054s] [ 12%] [32mBuilding C object CMakeFiles/custom_interfaces__rosidl_generator_c.dir/rosidl_generator_c/custom_interfaces/msg/detail/age__functions.c.o[0m
[6.170s] [ 14%] [32mBuilding C object CMakeFiles/custom_interfaces__rosidl_generator_c.dir/rosidl_generator_c/custom_interfaces/msg/detail/coordinates__functions.c.o[0m
[6.173s] [ 15%] [32mBuilding C object CMakeFiles/custom_interfaces__rosidl_generator_c.dir/rosidl_generator_c/custom_interfaces/msg/detail/ca__functions.c.o[0m
[6.275s] [ 17%] [32m[1mLinking C shared library libcustom_interfaces__rosidl_generator_c.so[0m
[6.343s] [ 17%] Built target custom_interfaces__rosidl_generator_c
[6.363s] [ 19%] [34m[1mGenerating C type support for eProsima Fast-RTPS[0m
[6.369s] [ 20%] [34m[1mGenerating C introspection for ROS interfaces[0m
[6.376s] [ 22%] [34m[1mGenerating C type support dispatch for ROS interfaces[0m
[6.670s] [ 23%] [32mBuilding CXX object CMakeFiles/custom_interfaces__rosidl_typesupport_cpp.dir/rosidl_typesupport_cpp/custom_interfaces/msg/age__type_support.cpp.o[0m
[6.908s] [ 25%] [32mBuilding CXX object CMakeFiles/custom_interfaces__rosidl_typesupport_introspection_cpp.dir/rosidl_typesupport_introspection_cpp/custom_interfaces/msg/detail/age__type_support.cpp.o[0m
[6.953s] [ 26%] [32mBuilding CXX object CMakeFiles/custom_interfaces__rosidl_typesupport_fastrtps_cpp.dir/rosidl_typesupport_fastrtps_cpp/custom_interfaces/msg/detail/dds_fastrtps/age__type_support.cpp.o[0m
[7.105s] [ 28%] [32mBuilding CXX object CMakeFiles/custom_interfaces__rosidl_typesupport_c.dir/rosidl_typesupport_c/custom_interfaces/msg/age__type_support.cpp.o[0m
[7.192s] [ 30%] [32mBuilding CXX object CMakeFiles/custom_interfaces__rosidl_typesupport_c.dir/rosidl_typesupport_c/custom_interfaces/srv/follow_gps__type_support.cpp.o[0m
[7.255s] [ 31%] [32mBuilding CXX object CMakeFiles/custom_interfaces__rosidl_typesupport_cpp.dir/rosidl_typesupport_cpp/custom_interfaces/srv/follow_gps__type_support.cpp.o[0m
[7.281s] [ 33%] [32mBuilding CXX object CMakeFiles/custom_interfaces__rosidl_typesupport_c.dir/rosidl_typesupport_c/custom_interfaces/msg/target_coordinates__type_support.cpp.o[0m
[7.326s] [ 34%] [32mBuilding C object CMakeFiles/custom_interfaces__rosidl_typesupport_introspection_c.dir/rosidl_typesupport_introspection_c/custom_interfaces/msg/detail/age__type_support.c.o[0m
[7.344s] [ 36%] [32mBuilding CXX object CMakeFiles/custom_interfaces__rosidl_typesupport_c.dir/rosidl_typesupport_c/custom_interfaces/msg/coordinates__type_support.cpp.o[0m
[7.406s] [ 38%] [32mBuilding C object CMakeFiles/custom_interfaces__rosidl_typesupport_introspection_c.dir/rosidl_typesupport_introspection_c/custom_interfaces/srv/detail/follow_gps__type_support.c.o[0m
[7.408s] [ 39%] [32mBuilding CXX object CMakeFiles/custom_interfaces__rosidl_typesupport_c.dir/rosidl_typesupport_c/custom_interfaces/msg/ca__type_support.cpp.o[0m
[7.480s] [ 41%] [32m[1mLinking CXX shared library libcustom_interfaces__rosidl_typesupport_c.so[0m
[7.501s] [ 42%] [32mBuilding CXX object CMakeFiles/custom_interfaces__rosidl_typesupport_fastrtps_c.dir/rosidl_typesupport_fastrtps_c/custom_interfaces/msg/detail/age__type_support_c.cpp.o[0m
[7.506s] [ 44%] [32mBuilding C object CMakeFiles/custom_interfaces__rosidl_typesupport_introspection_c.dir/rosidl_typesupport_introspection_c/custom_interfaces/msg/detail/target_coordinates__type_support.c.o[0m
[7.578s] [ 46%] [32mBuilding C object CMakeFiles/custom_interfaces__rosidl_typesupport_introspection_c.dir/rosidl_typesupport_introspection_c/custom_interfaces/msg/detail/coordinates__type_support.c.o[0m
[7.580s] [ 46%] Built target custom_interfaces__rosidl_typesupport_c
[7.608s] [ 47%] [32mBuilding CXX object CMakeFiles/custom_interfaces__rosidl_typesupport_cpp.dir/rosidl_typesupport_cpp/custom_interfaces/msg/target_coordinates__type_support.cpp.o[0m
[7.673s] [ 49%] [32mBuilding C object CMakeFiles/custom_interfaces__rosidl_typesupport_introspection_c.dir/rosidl_typesupport_introspection_c/custom_interfaces/msg/detail/ca__type_support.c.o[0m
[7.812s] [ 50%] [32m[1mLinking C shared library libcustom_interfaces__rosidl_typesupport_introspection_c.so[0m
[7.849s] [ 52%] [32mBuilding CXX object CMakeFiles/custom_interfaces__rosidl_typesupport_fastrtps_cpp.dir/rosidl_typesupport_fastrtps_cpp/custom_interfaces/srv/detail/dds_fastrtps/follow_gps__type_support.cpp.o[0m
[7.859s] [ 53%] [32mBuilding CXX object CMakeFiles/custom_interfaces__rosidl_typesupport_fastrtps_c.dir/rosidl_typesupport_fastrtps_c/custom_interfaces/srv/detail/follow_gps__type_support_c.cpp.o[0m
[7.874s] [ 55%] [32mBuilding CXX object CMakeFiles/custom_interfaces__rosidl_typesupport_introspection_cpp.dir/rosidl_typesupport_introspection_cpp/custom_interfaces/srv/detail/follow_gps__type_support.cpp.o[0m
[7.880s] [ 55%] Built target custom_interfaces__rosidl_typesupport_introspection_c
[7.901s] [ 57%] [32mBuilding CXX object CMakeFiles/custom_interfaces__rosidl_typesupport_fastrtps_c.dir/rosidl_typesupport_fastrtps_c/custom_interfaces/msg/detail/target_coordinates__type_support_c.cpp.o[0m
[8.257s] [ 58%] [32mBuilding CXX object CMakeFiles/custom_interfaces__rosidl_typesupport_fastrtps_cpp.dir/rosidl_typesupport_fastrtps_cpp/custom_interfaces/msg/detail/dds_fastrtps/target_coordinates__type_support.cpp.o[0m
[8.269s] [ 60%] [32mBuilding CXX object CMakeFiles/custom_interfaces__rosidl_typesupport_cpp.dir/rosidl_typesupport_cpp/custom_interfaces/msg/coordinates__type_support.cpp.o[0m
[8.699s] [ 61%] [32mBuilding CXX object CMakeFiles/custom_interfaces__rosidl_typesupport_introspection_cpp.dir/rosidl_typesupport_introspection_cpp/custom_interfaces/msg/detail/target_coordinates__type_support.cpp.o[0m
[8.732s] [ 63%] [32mBuilding CXX object CMakeFiles/custom_interfaces__rosidl_typesupport_cpp.dir/rosidl_typesupport_cpp/custom_interfaces/msg/ca__type_support.cpp.o[0m
[8.738s] [ 65%] [32mBuilding CXX object CMakeFiles/custom_interfaces__rosidl_typesupport_fastrtps_c.dir/rosidl_typesupport_fastrtps_c/custom_interfaces/msg/detail/coordinates__type_support_c.cpp.o[0m
[8.778s] [ 66%] [32mBuilding CXX object CMakeFiles/custom_interfaces__rosidl_typesupport_fastrtps_cpp.dir/rosidl_typesupport_fastrtps_cpp/custom_interfaces/msg/detail/dds_fastrtps/coordinates__type_support.cpp.o[0m
[9.045s] [ 68%] [32mBuilding CXX object CMakeFiles/custom_interfaces__rosidl_typesupport_fastrtps_cpp.dir/rosidl_typesupport_fastrtps_cpp/custom_interfaces/msg/detail/dds_fastrtps/ca__type_support.cpp.o[0m
[9.102s] [ 69%] [32mBuilding CXX object CMakeFiles/custom_interfaces__rosidl_typesupport_introspection_cpp.dir/rosidl_typesupport_introspection_cpp/custom_interfaces/msg/detail/coordinates__type_support.cpp.o[0m
[9.359s] [ 71%] [32m[1mLinking CXX shared library libcustom_interfaces__rosidl_typesupport_cpp.so[0m
[9.450s] [ 71%] Built target custom_interfaces__rosidl_typesupport_cpp
[9.472s] [ 73%] [32mBuilding CXX object CMakeFiles/custom_interfaces__rosidl_typesupport_introspection_cpp.dir/rosidl_typesupport_introspection_cpp/custom_interfaces/msg/detail/ca__type_support.cpp.o[0m
[9.585s] [ 74%] [32mBuilding CXX object CMakeFiles/custom_interfaces__rosidl_typesupport_fastrtps_c.dir/rosidl_typesupport_fastrtps_c/custom_interfaces/msg/detail/ca__type_support_c.cpp.o[0m
[10.057s] [ 76%] [32m[1mLinking CXX shared library libcustom_interfaces__rosidl_typesupport_fastrtps_cpp.so[0m
[10.221s] [ 76%] Built target custom_interfaces__rosidl_typesupport_fastrtps_cpp
[10.323s] [ 79%] [32m[1mLinking CXX shared library libcustom_interfaces__rosidl_typesupport_fastrtps_c.so[0m
[10.323s] [ 79%] [32m[1mLinking CXX shared library libcustom_interfaces__rosidl_typesupport_introspection_cpp.so[0m
[10.408s] [ 79%] Built target custom_interfaces__rosidl_typesupport_introspection_cpp
[10.476s] [ 79%] Built target custom_interfaces__rosidl_typesupport_fastrtps_c
[10.520s] [ 79%] Built target custom_interfaces
[10.566s] [ 80%] [34m[1mGenerating Python code for ROS interfaces[0m
[11.894s] [ 80%] Built target custom_interfaces__py
[11.935s] [ 84%] [32mBuilding C object CMakeFiles/custom_interfaces__rosidl_generator_py.dir/rosidl_generator_py/custom_interfaces/msg/_target_coordinates_s.c.o[0m
[11.936s] [ 84%] [32mBuilding C object CMakeFiles/custom_interfaces__rosidl_generator_py.dir/rosidl_generator_py/custom_interfaces/srv/_follow_gps_s.c.o[0m
[11.936s] [ 85%] [32mBuilding C object CMakeFiles/custom_interfaces__rosidl_generator_py.dir/rosidl_generator_py/custom_interfaces/msg/_age_s.c.o[0m
[11.936s] [ 88%] [32mBuilding C object CMakeFiles/custom_interfaces__rosidl_generator_py.dir/rosidl_generator_py/custom_interfaces/msg/_coordinates_s.c.o[0m
[11.936s] [ 88%] [32mBuilding C object CMakeFiles/custom_interfaces__rosidl_generator_py.dir/rosidl_generator_py/custom_interfaces/msg/_ca_s.c.o[0m
[12.162s] [ 90%] [32m[1mLinking C shared library rosidl_generator_py/custom_interfaces/libcustom_interfaces__rosidl_generator_py.so[0m
[12.249s] [ 90%] Built target custom_interfaces__rosidl_generator_py
[12.290s] [ 93%] [32mBuilding C object CMakeFiles/custom_interfaces__rosidl_typesupport_c__pyext.dir/rosidl_generator_py/custom_interfaces/_custom_interfaces_s.ep.rosidl_typesupport_c.c.o[0m
[12.290s] [ 93%] [32mBuilding C object CMakeFiles/custom_interfaces__rosidl_typesupport_fastrtps_c__pyext.dir/rosidl_generator_py/custom_interfaces/_custom_interfaces_s.ep.rosidl_typesupport_fastrtps_c.c.o[0m
[12.291s] [ 95%] [32mBuilding C object CMakeFiles/custom_interfaces__rosidl_typesupport_introspection_c__pyext.dir/rosidl_generator_py/custom_interfaces/_custom_interfaces_s.ep.rosidl_typesupport_introspection_c.c.o[0m
[12.507s] [ 98%] [32m[1mLinking C shared library rosidl_generator_py/custom_interfaces/custom_interfaces_s__rosidl_typesupport_c.cpython-310-aarch64-linux-gnu.so[0m
[12.507s] [ 98%] [32m[1mLinking C shared library rosidl_generator_py/custom_interfaces/custom_interfaces_s__rosidl_typesupport_introspection_c.cpython-310-aarch64-linux-gnu.so[0m
[12.524s] [100%] [32m[1mLinking C shared library rosidl_generator_py/custom_interfaces/custom_interfaces_s__rosidl_typesupport_fastrtps_c.cpython-310-aarch64-linux-gnu.so[0m
[12.577s] [100%] Built target custom_interfaces__rosidl_typesupport_introspection_c__pyext
[12.578s] [100%] Built target custom_interfaces__rosidl_typesupport_c__pyext
[12.595s] [100%] Built target custom_interfaces__rosidl_typesupport_fastrtps_c__pyext
[12.623s] Invoked command in '/home/quantum_main/computer_vision/cv_ros/build/custom_interfaces' returned '0': CMAKE_PREFIX_PATH=/opt/ros/humble /usr/bin/cmake --build /home/quantum_main/computer_vision/cv_ros/build/custom_interfaces -- -j6 -l6
[12.909s] Invoking command in '/home/quantum_main/computer_vision/cv_ros/build/custom_interfaces': CMAKE_PREFIX_PATH=/opt/ros/humble /usr/bin/cmake --install /home/quantum_main/computer_vision/cv_ros/build/custom_interfaces
[12.925s] -- Install configuration: ""
[12.926s] -- Installing: /home/quantum_main/computer_vision/cv_ros/install/custom_interfaces/share/ament_index/resource_index/rosidl_interfaces/custom_interfaces
[12.926s] -- Installing: /home/quantum_main/computer_vision/cv_ros/install/custom_interfaces/include/custom_interfaces/custom_interfaces
[12.927s] -- Installing: /home/quantum_main/computer_vision/cv_ros/install/custom_interfaces/include/custom_interfaces/custom_interfaces/srv
[12.927s] -- Installing: /home/quantum_main/computer_vision/cv_ros/install/custom_interfaces/include/custom_interfaces/custom_interfaces/srv/detail
[12.927s] -- Installing: /home/quantum_main/computer_vision/cv_ros/install/custom_interfaces/include/custom_interfaces/custom_interfaces/srv/detail/follow_gps__type_support.h
[12.927s] -- Installing: /home/quantum_main/computer_vision/cv_ros/install/custom_interfaces/include/custom_interfaces/custom_interfaces/srv/detail/follow_gps__struct.h
[12.927s] -- Installing: /home/quantum_main/computer_vision/cv_ros/install/custom_interfaces/include/custom_interfaces/custom_interfaces/srv/detail/follow_gps__functions.h
[12.928s] -- Installing: /home/quantum_main/computer_vision/cv_ros/install/custom_interfaces/include/custom_interfaces/custom_interfaces/srv/detail/follow_gps__functions.c
[12.928s] -- Installing: /home/quantum_main/computer_vision/cv_ros/install/custom_interfaces/include/custom_interfaces/custom_interfaces/srv/follow_gps.h
[12.928s] -- Installing: /home/quantum_main/computer_vision/cv_ros/install/custom_interfaces/include/custom_interfaces/custom_interfaces/msg
[12.928s] -- Installing: /home/quantum_main/computer_vision/cv_ros/install/custom_interfaces/include/custom_interfaces/custom_interfaces/msg/target_coordinates.h
[12.928s] -- Installing: /home/quantum_main/computer_vision/cv_ros/install/custom_interfaces/include/custom_interfaces/custom_interfaces/msg/detail
[12.929s] -- Installing: /home/quantum_main/computer_vision/cv_ros/install/custom_interfaces/include/custom_interfaces/custom_interfaces/msg/detail/age__type_support.h
[12.929s] -- Installing: /home/quantum_main/computer_vision/cv_ros/install/custom_interfaces/include/custom_interfaces/custom_interfaces/msg/detail/ca__functions.h
[12.929s] -- Installing: /home/quantum_main/computer_vision/cv_ros/install/custom_interfaces/include/custom_interfaces/custom_interfaces/msg/detail/ca__type_support.h
[12.929s] -- Installing: /home/quantum_main/computer_vision/cv_ros/install/custom_interfaces/include/custom_interfaces/custom_interfaces/msg/detail/target_coordinates__functions.c
[12.929s] -- Installing: /home/quantum_main/computer_vision/cv_ros/install/custom_interfaces/include/custom_interfaces/custom_interfaces/msg/detail/age__struct.h
[12.930s] -- Installing: /home/quantum_main/computer_vision/cv_ros/install/custom_interfaces/include/custom_interfaces/custom_interfaces/msg/detail/target_coordinates__struct.h
[12.930s] -- Installing: /home/quantum_main/computer_vision/cv_ros/install/custom_interfaces/include/custom_interfaces/custom_interfaces/msg/detail/target_coordinates__functions.h
[12.930s] -- Installing: /home/quantum_main/computer_vision/cv_ros/install/custom_interfaces/include/custom_interfaces/custom_interfaces/msg/detail/ca__functions.c
[12.930s] -- Installing: /home/quantum_main/computer_vision/cv_ros/install/custom_interfaces/include/custom_interfaces/custom_interfaces/msg/detail/ca__struct.h
[12.930s] -- Installing: /home/quantum_main/computer_vision/cv_ros/install/custom_interfaces/include/custom_interfaces/custom_interfaces/msg/detail/age__functions.h
[12.931s] -- Installing: /home/quantum_main/computer_vision/cv_ros/install/custom_interfaces/include/custom_interfaces/custom_interfaces/msg/detail/coordinates__struct.h
[12.931s] -- Installing: /home/quantum_main/computer_vision/cv_ros/install/custom_interfaces/include/custom_interfaces/custom_interfaces/msg/detail/age__functions.c
[12.931s] -- Installing: /home/quantum_main/computer_vision/cv_ros/install/custom_interfaces/include/custom_interfaces/custom_interfaces/msg/detail/coordinates__type_support.h
[12.932s] -- Installing: /home/quantum_main/computer_vision/cv_ros/install/custom_interfaces/include/custom_interfaces/custom_interfaces/msg/detail/coordinates__functions.c
[12.932s] -- Installing: /home/quantum_main/computer_vision/cv_ros/install/custom_interfaces/include/custom_interfaces/custom_interfaces/msg/detail/coordinates__functions.h
[12.932s] -- Installing: /home/quantum_main/computer_vision/cv_ros/install/custom_interfaces/include/custom_interfaces/custom_interfaces/msg/detail/target_coordinates__type_support.h
[12.932s] -- Installing: /home/quantum_main/computer_vision/cv_ros/install/custom_interfaces/include/custom_interfaces/custom_interfaces/msg/rosidl_generator_c__visibility_control.h
[12.933s] -- Installing: /home/quantum_main/computer_vision/cv_ros/install/custom_interfaces/include/custom_interfaces/custom_interfaces/msg/age.h
[12.933s] -- Installing: /home/quantum_main/computer_vision/cv_ros/install/custom_interfaces/include/custom_interfaces/custom_interfaces/msg/ca.h
[12.933s] -- Installing: /home/quantum_main/computer_vision/cv_ros/install/custom_interfaces/include/custom_interfaces/custom_interfaces/msg/coordinates.h
[12.934s] -- Installing: /home/quantum_main/computer_vision/cv_ros/install/custom_interfaces/share/custom_interfaces/environment/library_path.sh
[12.934s] -- Installing: /home/quantum_main/computer_vision/cv_ros/install/custom_interfaces/share/custom_interfaces/environment/library_path.dsv
[12.934s] -- Installing: /home/quantum_main/computer_vision/cv_ros/install/custom_interfaces/lib/libcustom_interfaces__rosidl_generator_c.so
[12.935s] -- Set runtime path of "/home/quantum_main/computer_vision/cv_ros/install/custom_interfaces/lib/libcustom_interfaces__rosidl_generator_c.so" to ""
[12.935s] -- Up-to-date: /home/quantum_main/computer_vision/cv_ros/install/custom_interfaces/include/custom_interfaces/custom_interfaces
[12.935s] -- Up-to-date: /home/quantum_main/computer_vision/cv_ros/install/custom_interfaces/include/custom_interfaces/custom_interfaces/srv
[12.936s] -- Up-to-date: /home/quantum_main/computer_vision/cv_ros/install/custom_interfaces/include/custom_interfaces/custom_interfaces/srv/detail
[12.936s] -- Installing: /home/quantum_main/computer_vision/cv_ros/install/custom_interfaces/include/custom_interfaces/custom_interfaces/srv/detail/follow_gps__rosidl_typesupport_fastrtps_c.h
[12.936s] -- Up-to-date: /home/quantum_main/computer_vision/cv_ros/install/custom_interfaces/include/custom_interfaces/custom_interfaces/msg
[12.936s] -- Up-to-date: /home/quantum_main/computer_vision/cv_ros/install/custom_interfaces/include/custom_interfaces/custom_interfaces/msg/detail
[12.936s] -- Installing: /home/quantum_main/computer_vision/cv_ros/install/custom_interfaces/include/custom_interfaces/custom_interfaces/msg/detail/coordinates__rosidl_typesupport_fastrtps_c.h
[12.936s] -- Installing: /home/quantum_main/computer_vision/cv_ros/install/custom_interfaces/include/custom_interfaces/custom_interfaces/msg/detail/target_coordinates__rosidl_typesupport_fastrtps_c.h
[12.936s] -- Installing: /home/quantum_main/computer_vision/cv_ros/install/custom_interfaces/include/custom_interfaces/custom_interfaces/msg/detail/age__rosidl_typesupport_fastrtps_c.h
[12.937s] -- Installing: /home/quantum_main/computer_vision/cv_ros/install/custom_interfaces/include/custom_interfaces/custom_interfaces/msg/detail/ca__rosidl_typesupport_fastrtps_c.h
[12.937s] -- Installing: /home/quantum_main/computer_vision/cv_ros/install/custom_interfaces/include/custom_interfaces/custom_interfaces/msg/rosidl_typesupport_fastrtps_c__visibility_control.h
[12.937s] -- Installing: /home/quantum_main/computer_vision/cv_ros/install/custom_interfaces/lib/libcustom_interfaces__rosidl_typesupport_fastrtps_c.so
[12.937s] -- Set runtime path of "/home/quantum_main/computer_vision/cv_ros/install/custom_interfaces/lib/libcustom_interfaces__rosidl_typesupport_fastrtps_c.so" to ""
[12.938s] -- Up-to-date: /home/quantum_main/computer_vision/cv_ros/install/custom_interfaces/include/custom_interfaces/custom_interfaces
[12.938s] -- Up-to-date: /home/quantum_main/computer_vision/cv_ros/install/custom_interfaces/include/custom_interfaces/custom_interfaces/srv
[12.938s] -- Up-to-date: /home/quantum_main/computer_vision/cv_ros/install/custom_interfaces/include/custom_interfaces/custom_interfaces/srv/detail
[12.938s] -- Installing: /home/quantum_main/computer_vision/cv_ros/install/custom_interfaces/include/custom_interfaces/custom_interfaces/srv/detail/follow_gps__struct.hpp
[12.938s] -- Installing: /home/quantum_main/computer_vision/cv_ros/install/custom_interfaces/include/custom_interfaces/custom_interfaces/srv/detail/follow_gps__builder.hpp
[12.938s] -- Installing: /home/quantum_main/computer_vision/cv_ros/install/custom_interfaces/include/custom_interfaces/custom_interfaces/srv/detail/follow_gps__traits.hpp
[12.939s] -- Installing: /home/quantum_main/computer_vision/cv_ros/install/custom_interfaces/include/custom_interfaces/custom_interfaces/srv/follow_gps.hpp
[12.939s] -- Up-to-date: /home/quantum_main/computer_vision/cv_ros/install/custom_interfaces/include/custom_interfaces/custom_interfaces/msg
[12.939s] -- Up-to-date: /home/quantum_main/computer_vision/cv_ros/install/custom_interfaces/include/custom_interfaces/custom_interfaces/msg/detail
[12.939s] -- Installing: /home/quantum_main/computer_vision/cv_ros/install/custom_interfaces/include/custom_interfaces/custom_interfaces/msg/detail/target_coordinates__traits.hpp
[12.939s] -- Installing: /home/quantum_main/computer_vision/cv_ros/install/custom_interfaces/include/custom_interfaces/custom_interfaces/msg/detail/age__traits.hpp
[12.939s] -- Installing: /home/quantum_main/computer_vision/cv_ros/install/custom_interfaces/include/custom_interfaces/custom_interfaces/msg/detail/coordinates__struct.hpp
[12.940s] -- Installing: /home/quantum_main/computer_vision/cv_ros/install/custom_interfaces/include/custom_interfaces/custom_interfaces/msg/detail/ca__struct.hpp
[12.940s] -- Installing: /home/quantum_main/computer_vision/cv_ros/install/custom_interfaces/include/custom_interfaces/custom_interfaces/msg/detail/target_coordinates__struct.hpp
[12.940s] -- Installing: /home/quantum_main/computer_vision/cv_ros/install/custom_interfaces/include/custom_interfaces/custom_interfaces/msg/detail/coordinates__builder.hpp
[12.940s] -- Installing: /home/quantum_main/computer_vision/cv_ros/install/custom_interfaces/include/custom_interfaces/custom_interfaces/msg/detail/target_coordinates__builder.hpp
[12.941s] -- Installing: /home/quantum_main/computer_vision/cv_ros/install/custom_interfaces/include/custom_interfaces/custom_interfaces/msg/detail/age__struct.hpp
[12.941s] -- Installing: /home/quantum_main/computer_vision/cv_ros/install/custom_interfaces/include/custom_interfaces/custom_interfaces/msg/detail/age__builder.hpp
[12.941s] -- Installing: /home/quantum_main/computer_vision/cv_ros/install/custom_interfaces/include/custom_interfaces/custom_interfaces/msg/detail/coordinates__traits.hpp
[12.941s] -- Installing: /home/quantum_main/computer_vision/cv_ros/install/custom_interfaces/include/custom_interfaces/custom_interfaces/msg/detail/ca__traits.hpp
[12.941s] -- Installing: /home/quantum_main/computer_vision/cv_ros/install/custom_interfaces/include/custom_interfaces/custom_interfaces/msg/detail/ca__builder.hpp
[12.942s] -- Installing: /home/quantum_main/computer_vision/cv_ros/install/custom_interfaces/include/custom_interfaces/custom_interfaces/msg/age.hpp
[12.942s] -- Installing: /home/quantum_main/computer_vision/cv_ros/install/custom_interfaces/include/custom_interfaces/custom_interfaces/msg/target_coordinates.hpp
[12.942s] -- Installing: /home/quantum_main/computer_vision/cv_ros/install/custom_interfaces/include/custom_interfaces/custom_interfaces/msg/coordinates.hpp
[12.942s] -- Installing: /home/quantum_main/computer_vision/cv_ros/install/custom_interfaces/include/custom_interfaces/custom_interfaces/msg/ca.hpp
[12.942s] -- Up-to-date: /home/quantum_main/computer_vision/cv_ros/install/custom_interfaces/include/custom_interfaces/custom_interfaces
[12.943s] -- Up-to-date: /home/quantum_main/computer_vision/cv_ros/install/custom_interfaces/include/custom_interfaces/custom_interfaces/srv
[12.943s] -- Up-to-date: /home/quantum_main/computer_vision/cv_ros/install/custom_interfaces/include/custom_interfaces/custom_interfaces/srv/detail
[12.943s] -- Installing: /home/quantum_main/computer_vision/cv_ros/install/custom_interfaces/include/custom_interfaces/custom_interfaces/srv/detail/follow_gps__rosidl_typesupport_fastrtps_cpp.hpp
[12.943s] -- Installing: /home/quantum_main/computer_vision/cv_ros/install/custom_interfaces/include/custom_interfaces/custom_interfaces/srv/detail/dds_fastrtps
[12.943s] -- Up-to-date: /home/quantum_main/computer_vision/cv_ros/install/custom_interfaces/include/custom_interfaces/custom_interfaces/msg
[12.943s] -- Up-to-date: /home/quantum_main/computer_vision/cv_ros/install/custom_interfaces/include/custom_interfaces/custom_interfaces/msg/detail
[12.944s] -- Installing: /home/quantum_main/computer_vision/cv_ros/install/custom_interfaces/include/custom_interfaces/custom_interfaces/msg/detail/ca__rosidl_typesupport_fastrtps_cpp.hpp
[12.944s] -- Installing: /home/quantum_main/computer_vision/cv_ros/install/custom_interfaces/include/custom_interfaces/custom_interfaces/msg/detail/age__rosidl_typesupport_fastrtps_cpp.hpp
[12.944s] -- Installing: /home/quantum_main/computer_vision/cv_ros/install/custom_interfaces/include/custom_interfaces/custom_interfaces/msg/detail/coordinates__rosidl_typesupport_fastrtps_cpp.hpp
[12.944s] -- Installing: /home/quantum_main/computer_vision/cv_ros/install/custom_interfaces/include/custom_interfaces/custom_interfaces/msg/detail/target_coordinates__rosidl_typesupport_fastrtps_cpp.hpp
[12.944s] -- Installing: /home/quantum_main/computer_vision/cv_ros/install/custom_interfaces/include/custom_interfaces/custom_interfaces/msg/detail/dds_fastrtps
[12.944s] -- Installing: /home/quantum_main/computer_vision/cv_ros/install/custom_interfaces/include/custom_interfaces/custom_interfaces/msg/rosidl_typesupport_fastrtps_cpp__visibility_control.h
[12.945s] -- Installing: /home/quantum_main/computer_vision/cv_ros/install/custom_interfaces/lib/libcustom_interfaces__rosidl_typesupport_fastrtps_cpp.so
[12.945s] -- Set runtime path of "/home/quantum_main/computer_vision/cv_ros/install/custom_interfaces/lib/libcustom_interfaces__rosidl_typesupport_fastrtps_cpp.so" to ""
[12.946s] -- Up-to-date: /home/quantum_main/computer_vision/cv_ros/install/custom_interfaces/include/custom_interfaces/custom_interfaces
[12.946s] -- Up-to-date: /home/quantum_main/computer_vision/cv_ros/install/custom_interfaces/include/custom_interfaces/custom_interfaces/srv
[12.946s] -- Up-to-date: /home/quantum_main/computer_vision/cv_ros/install/custom_interfaces/include/custom_interfaces/custom_interfaces/srv/detail
[12.946s] -- Installing: /home/quantum_main/computer_vision/cv_ros/install/custom_interfaces/include/custom_interfaces/custom_interfaces/srv/detail/follow_gps__rosidl_typesupport_introspection_c.h
[12.946s] -- Installing: /home/quantum_main/computer_vision/cv_ros/install/custom_interfaces/include/custom_interfaces/custom_interfaces/srv/detail/follow_gps__type_support.c
[12.947s] -- Up-to-date: /home/quantum_main/computer_vision/cv_ros/install/custom_interfaces/include/custom_interfaces/custom_interfaces/msg
[12.947s] -- Up-to-date: /home/quantum_main/computer_vision/cv_ros/install/custom_interfaces/include/custom_interfaces/custom_interfaces/msg/detail
[12.947s] -- Installing: /home/quantum_main/computer_vision/cv_ros/install/custom_interfaces/include/custom_interfaces/custom_interfaces/msg/detail/age__rosidl_typesupport_introspection_c.h
[12.947s] -- Installing: /home/quantum_main/computer_vision/cv_ros/install/custom_interfaces/include/custom_interfaces/custom_interfaces/msg/detail/age__type_support.c
[12.947s] -- Installing: /home/quantum_main/computer_vision/cv_ros/install/custom_interfaces/include/custom_interfaces/custom_interfaces/msg/detail/ca__type_support.c
[12.947s] -- Installing: /home/quantum_main/computer_vision/cv_ros/install/custom_interfaces/include/custom_interfaces/custom_interfaces/msg/detail/target_coordinates__type_support.c
[12.947s] -- Installing: /home/quantum_main/computer_vision/cv_ros/install/custom_interfaces/include/custom_interfaces/custom_interfaces/msg/detail/target_coordinates__rosidl_typesupport_introspection_c.h
[12.947s] -- Installing: /home/quantum_main/computer_vision/cv_ros/install/custom_interfaces/include/custom_interfaces/custom_interfaces/msg/detail/coordinates__rosidl_typesupport_introspection_c.h
[12.948s] -- Installing: /home/quantum_main/computer_vision/cv_ros/install/custom_interfaces/include/custom_interfaces/custom_interfaces/msg/detail/ca__rosidl_typesupport_introspection_c.h
[12.948s] -- Installing: /home/quantum_main/computer_vision/cv_ros/install/custom_interfaces/include/custom_interfaces/custom_interfaces/msg/detail/coordinates__type_support.c
[12.948s] -- Installing: /home/quantum_main/computer_vision/cv_ros/install/custom_interfaces/include/custom_interfaces/custom_interfaces/msg/rosidl_typesupport_introspection_c__visibility_control.h
[12.948s] -- Installing: /home/quantum_main/computer_vision/cv_ros/install/custom_interfaces/lib/libcustom_interfaces__rosidl_typesupport_introspection_c.so
[12.949s] -- Set runtime path of "/home/quantum_main/computer_vision/cv_ros/install/custom_interfaces/lib/libcustom_interfaces__rosidl_typesupport_introspection_c.so" to ""
[12.949s] -- Installing: /home/quantum_main/computer_vision/cv_ros/install/custom_interfaces/lib/libcustom_interfaces__rosidl_typesupport_c.so
[12.949s] -- Set runtime path of "/home/quantum_main/computer_vision/cv_ros/install/custom_interfaces/lib/libcustom_interfaces__rosidl_typesupport_c.so" to ""
[12.950s] -- Up-to-date: /home/quantum_main/computer_vision/cv_ros/install/custom_interfaces/include/custom_interfaces/custom_interfaces
[12.950s] -- Up-to-date: /home/quantum_main/computer_vision/cv_ros/install/custom_interfaces/include/custom_interfaces/custom_interfaces/srv
[12.950s] -- Up-to-date: /home/quantum_main/computer_vision/cv_ros/install/custom_interfaces/include/custom_interfaces/custom_interfaces/srv/detail
[12.950s] -- Installing: /home/quantum_main/computer_vision/cv_ros/install/custom_interfaces/include/custom_interfaces/custom_interfaces/srv/detail/follow_gps__rosidl_typesupport_introspection_cpp.hpp
[12.950s] -- Installing: /home/quantum_main/computer_vision/cv_ros/install/custom_interfaces/include/custom_interfaces/custom_interfaces/srv/detail/follow_gps__type_support.cpp
[12.950s] -- Up-to-date: /home/quantum_main/computer_vision/cv_ros/install/custom_interfaces/include/custom_interfaces/custom_interfaces/msg
[12.951s] -- Up-to-date: /home/quantum_main/computer_vision/cv_ros/install/custom_interfaces/include/custom_interfaces/custom_interfaces/msg/detail
[12.951s] -- Installing: /home/quantum_main/computer_vision/cv_ros/install/custom_interfaces/include/custom_interfaces/custom_interfaces/msg/detail/age__type_support.cpp
[12.951s] -- Installing: /home/quantum_main/computer_vision/cv_ros/install/custom_interfaces/include/custom_interfaces/custom_interfaces/msg/detail/target_coordinates__type_support.cpp
[12.951s] -- Installing: /home/quantum_main/computer_vision/cv_ros/install/custom_interfaces/include/custom_interfaces/custom_interfaces/msg/detail/coordinates__rosidl_typesupport_introspection_cpp.hpp
[12.951s] -- Installing: /home/quantum_main/computer_vision/cv_ros/install/custom_interfaces/include/custom_interfaces/custom_interfaces/msg/detail/age__rosidl_typesupport_introspection_cpp.hpp
[12.951s] -- Installing: /home/quantum_main/computer_vision/cv_ros/install/custom_interfaces/include/custom_interfaces/custom_interfaces/msg/detail/ca__rosidl_typesupport_introspection_cpp.hpp
[12.952s] -- Installing: /home/quantum_main/computer_vision/cv_ros/install/custom_interfaces/include/custom_interfaces/custom_interfaces/msg/detail/target_coordinates__rosidl_typesupport_introspection_cpp.hpp
[12.952s] -- Installing: /home/quantum_main/computer_vision/cv_ros/install/custom_interfaces/include/custom_interfaces/custom_interfaces/msg/detail/coordinates__type_support.cpp
[12.952s] -- Installing: /home/quantum_main/computer_vision/cv_ros/install/custom_interfaces/include/custom_interfaces/custom_interfaces/msg/detail/ca__type_support.cpp
[12.952s] -- Installing: /home/quantum_main/computer_vision/cv_ros/install/custom_interfaces/lib/libcustom_interfaces__rosidl_typesupport_introspection_cpp.so
[12.953s] -- Set runtime path of "/home/quantum_main/computer_vision/cv_ros/install/custom_interfaces/lib/libcustom_interfaces__rosidl_typesupport_introspection_cpp.so" to ""
[12.953s] -- Installing: /home/quantum_main/computer_vision/cv_ros/install/custom_interfaces/lib/libcustom_interfaces__rosidl_typesupport_cpp.so
[12.954s] -- Set runtime path of "/home/quantum_main/computer_vision/cv_ros/install/custom_interfaces/lib/libcustom_interfaces__rosidl_typesupport_cpp.so" to ""
[12.954s] -- Installing: /home/quantum_main/computer_vision/cv_ros/install/custom_interfaces/share/custom_interfaces/environment/pythonpath.sh
[12.954s] -- Installing: /home/quantum_main/computer_vision/cv_ros/install/custom_interfaces/share/custom_interfaces/environment/pythonpath.dsv
[12.954s] -- Installing: /home/quantum_main/computer_vision/cv_ros/install/custom_interfaces/local/lib/python3.10/dist-packages/custom_interfaces-0.0.0-py3.10.egg-info
[12.954s] -- Installing: /home/quantum_main/computer_vision/cv_ros/install/custom_interfaces/local/lib/python3.10/dist-packages/custom_interfaces-0.0.0-py3.10.egg-info/top_level.txt
[12.955s] -- Installing: /home/quantum_main/computer_vision/cv_ros/install/custom_interfaces/local/lib/python3.10/dist-packages/custom_interfaces-0.0.0-py3.10.egg-info/dependency_links.txt
[12.955s] -- Installing: /home/quantum_main/computer_vision/cv_ros/install/custom_interfaces/local/lib/python3.10/dist-packages/custom_interfaces-0.0.0-py3.10.egg-info/SOURCES.txt
[12.955s] -- Installing: /home/quantum_main/computer_vision/cv_ros/install/custom_interfaces/local/lib/python3.10/dist-packages/custom_interfaces-0.0.0-py3.10.egg-info/PKG-INFO
[12.955s] -- Installing: /home/quantum_main/computer_vision/cv_ros/install/custom_interfaces/local/lib/python3.10/dist-packages/custom_interfaces
[12.956s] -- Installing: /home/quantum_main/computer_vision/cv_ros/install/custom_interfaces/local/lib/python3.10/dist-packages/custom_interfaces/srv
[12.956s] -- Installing: /home/quantum_main/computer_vision/cv_ros/install/custom_interfaces/local/lib/python3.10/dist-packages/custom_interfaces/srv/_follow_gps.py
[12.956s] -- Installing: /home/quantum_main/computer_vision/cv_ros/install/custom_interfaces/local/lib/python3.10/dist-packages/custom_interfaces/srv/_follow_gps_s.c
[12.957s] -- Installing: /home/quantum_main/computer_vision/cv_ros/install/custom_interfaces/local/lib/python3.10/dist-packages/custom_interfaces/srv/__init__.py
[12.957s] -- Installing: /home/quantum_main/computer_vision/cv_ros/install/custom_interfaces/local/lib/python3.10/dist-packages/custom_interfaces/custom_interfaces_s__rosidl_typesupport_fastrtps_c.cpython-310-aarch64-linux-gnu.so
[12.957s] -- Installing: /home/quantum_main/computer_vision/cv_ros/install/custom_interfaces/local/lib/python3.10/dist-packages/custom_interfaces/libcustom_interfaces__rosidl_generator_py.so
[12.957s] -- Installing: /home/quantum_main/computer_vision/cv_ros/install/custom_interfaces/local/lib/python3.10/dist-packages/custom_interfaces/_custom_interfaces_s.ep.rosidl_typesupport_c.c
[12.958s] -- Installing: /home/quantum_main/computer_vision/cv_ros/install/custom_interfaces/local/lib/python3.10/dist-packages/custom_interfaces/msg
[12.958s] -- Installing: /home/quantum_main/computer_vision/cv_ros/install/custom_interfaces/local/lib/python3.10/dist-packages/custom_interfaces/msg/_target_coordinates_s.c
[12.958s] -- Installing: /home/quantum_main/computer_vision/cv_ros/install/custom_interfaces/local/lib/python3.10/dist-packages/custom_interfaces/msg/_ca_s.c
[12.958s] -- Installing: /home/quantum_main/computer_vision/cv_ros/install/custom_interfaces/local/lib/python3.10/dist-packages/custom_interfaces/msg/_coordinates.py
[12.958s] -- Installing: /home/quantum_main/computer_vision/cv_ros/install/custom_interfaces/local/lib/python3.10/dist-packages/custom_interfaces/msg/_age_s.c
[12.959s] -- Installing: /home/quantum_main/computer_vision/cv_ros/install/custom_interfaces/local/lib/python3.10/dist-packages/custom_interfaces/msg/_target_coordinates.py
[12.959s] -- Installing: /home/quantum_main/computer_vision/cv_ros/install/custom_interfaces/local/lib/python3.10/dist-packages/custom_interfaces/msg/__init__.py
[12.959s] -- Installing: /home/quantum_main/computer_vision/cv_ros/install/custom_interfaces/local/lib/python3.10/dist-packages/custom_interfaces/msg/_coordinates_s.c
[12.959s] -- Installing: /home/quantum_main/computer_vision/cv_ros/install/custom_interfaces/local/lib/python3.10/dist-packages/custom_interfaces/msg/_ca.py
[12.959s] -- Installing: /home/quantum_main/computer_vision/cv_ros/install/custom_interfaces/local/lib/python3.10/dist-packages/custom_interfaces/msg/_age.py
[12.960s] -- Installing: /home/quantum_main/computer_vision/cv_ros/install/custom_interfaces/local/lib/python3.10/dist-packages/custom_interfaces/_custom_interfaces_s.ep.rosidl_typesupport_fastrtps_c.c
[12.960s] -- Installing: /home/quantum_main/computer_vision/cv_ros/install/custom_interfaces/local/lib/python3.10/dist-packages/custom_interfaces/_custom_interfaces_s.ep.rosidl_typesupport_introspection_c.c
[12.960s] -- Installing: /home/quantum_main/computer_vision/cv_ros/install/custom_interfaces/local/lib/python3.10/dist-packages/custom_interfaces/__init__.py
[12.960s] -- Installing: /home/quantum_main/computer_vision/cv_ros/install/custom_interfaces/local/lib/python3.10/dist-packages/custom_interfaces/custom_interfaces_s__rosidl_typesupport_c.cpython-310-aarch64-linux-gnu.so
[12.961s] -- Installing: /home/quantum_main/computer_vision/cv_ros/install/custom_interfaces/local/lib/python3.10/dist-packages/custom_interfaces/custom_interfaces_s__rosidl_typesupport_introspection_c.cpython-310-aarch64-linux-gnu.so
[13.037s] Listing '/home/quantum_main/computer_vision/cv_ros/install/custom_interfaces/local/lib/python3.10/dist-packages/custom_interfaces'...
[13.038s] Compiling '/home/quantum_main/computer_vision/cv_ros/install/custom_interfaces/local/lib/python3.10/dist-packages/custom_interfaces/__init__.py'...
[13.038s] Listing '/home/quantum_main/computer_vision/cv_ros/install/custom_interfaces/local/lib/python3.10/dist-packages/custom_interfaces/msg'...
[13.038s] Compiling '/home/quantum_main/computer_vision/cv_ros/install/custom_interfaces/local/lib/python3.10/dist-packages/custom_interfaces/msg/__init__.py'...
[13.038s] Compiling '/home/quantum_main/computer_vision/cv_ros/install/custom_interfaces/local/lib/python3.10/dist-packages/custom_interfaces/msg/_age.py'...
[13.038s] Compiling '/home/quantum_main/computer_vision/cv_ros/install/custom_interfaces/local/lib/python3.10/dist-packages/custom_interfaces/msg/_ca.py'...
[13.038s] Compiling '/home/quantum_main/computer_vision/cv_ros/install/custom_interfaces/local/lib/python3.10/dist-packages/custom_interfaces/msg/_coordinates.py'...
[13.038s] Compiling '/home/quantum_main/computer_vision/cv_ros/install/custom_interfaces/local/lib/python3.10/dist-packages/custom_interfaces/msg/_target_coordinates.py'...
[13.038s] Listing '/home/quantum_main/computer_vision/cv_ros/install/custom_interfaces/local/lib/python3.10/dist-packages/custom_interfaces/srv'...
[13.039s] Compiling '/home/quantum_main/computer_vision/cv_ros/install/custom_interfaces/local/lib/python3.10/dist-packages/custom_interfaces/srv/__init__.py'...
[13.039s] Compiling '/home/quantum_main/computer_vision/cv_ros/install/custom_interfaces/local/lib/python3.10/dist-packages/custom_interfaces/srv/_follow_gps.py'...
[13.050s] -- Installing: /home/quantum_main/computer_vision/cv_ros/install/custom_interfaces/local/lib/python3.10/dist-packages/custom_interfaces/custom_interfaces_s__rosidl_typesupport_fastrtps_c.cpython-310-aarch64-linux-gnu.so
[13.050s] -- Set runtime path of "/home/quantum_main/computer_vision/cv_ros/install/custom_interfaces/local/lib/python3.10/dist-packages/custom_interfaces/custom_interfaces_s__rosidl_typesupport_fastrtps_c.cpython-310-aarch64-linux-gnu.so" to ""
[13.051s] -- Installing: /home/quantum_main/computer_vision/cv_ros/install/custom_interfaces/local/lib/python3.10/dist-packages/custom_interfaces/custom_interfaces_s__rosidl_typesupport_introspection_c.cpython-310-aarch64-linux-gnu.so
[13.051s] -- Set runtime path of "/home/quantum_main/computer_vision/cv_ros/install/custom_interfaces/local/lib/python3.10/dist-packages/custom_interfaces/custom_interfaces_s__rosidl_typesupport_introspection_c.cpython-310-aarch64-linux-gnu.so" to ""
[13.052s] -- Installing: /home/quantum_main/computer_vision/cv_ros/install/custom_interfaces/local/lib/python3.10/dist-packages/custom_interfaces/custom_interfaces_s__rosidl_typesupport_c.cpython-310-aarch64-linux-gnu.so
[13.052s] -- Set runtime path of "/home/quantum_main/computer_vision/cv_ros/install/custom_interfaces/local/lib/python3.10/dist-packages/custom_interfaces/custom_interfaces_s__rosidl_typesupport_c.cpython-310-aarch64-linux-gnu.so" to ""
[13.052s] -- Installing: /home/quantum_main/computer_vision/cv_ros/install/custom_interfaces/lib/libcustom_interfaces__rosidl_generator_py.so
[13.053s] -- Set runtime path of "/home/quantum_main/computer_vision/cv_ros/install/custom_interfaces/lib/libcustom_interfaces__rosidl_generator_py.so" to ""
[13.053s] -- Installing: /home/quantum_main/computer_vision/cv_ros/install/custom_interfaces/share/custom_interfaces/msg/Age.idl
[13.054s] -- Installing: /home/quantum_main/computer_vision/cv_ros/install/custom_interfaces/share/custom_interfaces/srv/FollowGPS.idl
[13.054s] -- Installing: /home/quantum_main/computer_vision/cv_ros/install/custom_interfaces/share/custom_interfaces/msg/TargetCoordinates.idl
[13.054s] -- Installing: /home/quantum_main/computer_vision/cv_ros/install/custom_interfaces/share/custom_interfaces/msg/Coordinates.idl
[13.055s] -- Installing: /home/quantum_main/computer_vision/cv_ros/install/custom_interfaces/share/custom_interfaces/msg/CA.idl
[13.055s] -- Installing: /home/quantum_main/computer_vision/cv_ros/install/custom_interfaces/share/custom_interfaces/msg/Age.msg
[13.055s] -- Installing: /home/quantum_main/computer_vision/cv_ros/install/custom_interfaces/share/custom_interfaces/srv/FollowGPS.srv
[13.055s] -- Installing: /home/quantum_main/computer_vision/cv_ros/install/custom_interfaces/share/custom_interfaces/srv/FollowGPS_Request.msg
[13.056s] -- Installing: /home/quantum_main/computer_vision/cv_ros/install/custom_interfaces/share/custom_interfaces/srv/FollowGPS_Response.msg
[13.057s] -- Installing: /home/quantum_main/computer_vision/cv_ros/install/custom_interfaces/share/custom_interfaces/msg/TargetCoordinates.msg
[13.057s] -- Installing: /home/quantum_main/computer_vision/cv_ros/install/custom_interfaces/share/custom_interfaces/msg/Coordinates.msg
[13.058s] -- Installing: /home/quantum_main/computer_vision/cv_ros/install/custom_interfaces/share/custom_interfaces/msg/CA.msg
[13.058s] -- Installing: /home/quantum_main/computer_vision/cv_ros/install/custom_interfaces/share/ament_index/resource_index/package_run_dependencies/custom_interfaces
[13.058s] -- Installing: /home/quantum_main/computer_vision/cv_ros/install/custom_interfaces/share/ament_index/resource_index/parent_prefix_path/custom_interfaces
[13.058s] -- Installing: /home/quantum_main/computer_vision/cv_ros/install/custom_interfaces/share/custom_interfaces/environment/ament_prefix_path.sh
[13.059s] -- Installing: /home/quantum_main/computer_vision/cv_ros/install/custom_interfaces/share/custom_interfaces/environment/ament_prefix_path.dsv
[13.059s] -- Installing: /home/quantum_main/computer_vision/cv_ros/install/custom_interfaces/share/custom_interfaces/environment/path.sh
[13.059s] -- Installing: /home/quantum_main/computer_vision/cv_ros/install/custom_interfaces/share/custom_interfaces/environment/path.dsv
[13.059s] -- Installing: /home/quantum_main/computer_vision/cv_ros/install/custom_interfaces/share/custom_interfaces/local_setup.bash
[13.060s] -- Installing: /home/quantum_main/computer_vision/cv_ros/install/custom_interfaces/share/custom_interfaces/local_setup.sh
[13.060s] -- Installing: /home/quantum_main/computer_vision/cv_ros/install/custom_interfaces/share/custom_interfaces/local_setup.zsh
[13.060s] -- Installing: /home/quantum_main/computer_vision/cv_ros/install/custom_interfaces/share/custom_interfaces/local_setup.dsv
[13.060s] -- Installing: /home/quantum_main/computer_vision/cv_ros/install/custom_interfaces/share/custom_interfaces/package.dsv
[13.061s] -- Installing: /home/quantum_main/computer_vision/cv_ros/install/custom_interfaces/share/ament_index/resource_index/packages/custom_interfaces
[13.061s] -- Installing: /home/quantum_main/computer_vision/cv_ros/install/custom_interfaces/share/custom_interfaces/cmake/export_custom_interfaces__rosidl_generator_cExport.cmake
[13.061s] -- Installing: /home/quantum_main/computer_vision/cv_ros/install/custom_interfaces/share/custom_interfaces/cmake/export_custom_interfaces__rosidl_generator_cExport-noconfig.cmake
[13.062s] -- Installing: /home/quantum_main/computer_vision/cv_ros/install/custom_interfaces/share/custom_interfaces/cmake/export_custom_interfaces__rosidl_typesupport_fastrtps_cExport.cmake
[13.062s] -- Installing: /home/quantum_main/computer_vision/cv_ros/install/custom_interfaces/share/custom_interfaces/cmake/export_custom_interfaces__rosidl_typesupport_fastrtps_cExport-noconfig.cmake
[13.062s] -- Installing: /home/quantum_main/computer_vision/cv_ros/install/custom_interfaces/share/custom_interfaces/cmake/export_custom_interfaces__rosidl_generator_cppExport.cmake
[13.063s] -- Installing: /home/quantum_main/computer_vision/cv_ros/install/custom_interfaces/share/custom_interfaces/cmake/export_custom_interfaces__rosidl_typesupport_fastrtps_cppExport.cmake
[13.063s] -- Installing: /home/quantum_main/computer_vision/cv_ros/install/custom_interfaces/share/custom_interfaces/cmake/export_custom_interfaces__rosidl_typesupport_fastrtps_cppExport-noconfig.cmake
[13.063s] -- Installing: /home/quantum_main/computer_vision/cv_ros/install/custom_interfaces/share/custom_interfaces/cmake/custom_interfaces__rosidl_typesupport_introspection_cExport.cmake
[13.064s] -- Installing: /home/quantum_main/computer_vision/cv_ros/install/custom_interfaces/share/custom_interfaces/cmake/custom_interfaces__rosidl_typesupport_introspection_cExport-noconfig.cmake
[13.064s] -- Installing: /home/quantum_main/computer_vision/cv_ros/install/custom_interfaces/share/custom_interfaces/cmake/custom_interfaces__rosidl_typesupport_cExport.cmake
[13.064s] -- Installing: /home/quantum_main/computer_vision/cv_ros/install/custom_interfaces/share/custom_interfaces/cmake/custom_interfaces__rosidl_typesupport_cExport-noconfig.cmake
[13.065s] -- Installing: /home/quantum_main/computer_vision/cv_ros/install/custom_interfaces/share/custom_interfaces/cmake/custom_interfaces__rosidl_typesupport_introspection_cppExport.cmake
[13.065s] -- Installing: /home/quantum_main/computer_vision/cv_ros/install/custom_interfaces/share/custom_interfaces/cmake/custom_interfaces__rosidl_typesupport_introspection_cppExport-noconfig.cmake
[13.066s] -- Installing: /home/quantum_main/computer_vision/cv_ros/install/custom_interfaces/share/custom_interfaces/cmake/custom_interfaces__rosidl_typesupport_cppExport.cmake
[13.066s] -- Installing: /home/quantum_main/computer_vision/cv_ros/install/custom_interfaces/share/custom_interfaces/cmake/custom_interfaces__rosidl_typesupport_cppExport-noconfig.cmake
[13.066s] -- Installing: /home/quantum_main/computer_vision/cv_ros/install/custom_interfaces/share/custom_interfaces/cmake/export_custom_interfaces__rosidl_generator_pyExport.cmake
[13.067s] -- Installing: /home/quantum_main/computer_vision/cv_ros/install/custom_interfaces/share/custom_interfaces/cmake/export_custom_interfaces__rosidl_generator_pyExport-noconfig.cmake
[13.067s] -- Installing: /home/quantum_main/computer_vision/cv_ros/install/custom_interfaces/share/custom_interfaces/cmake/rosidl_cmake-extras.cmake
[13.067s] -- Installing: /home/quantum_main/computer_vision/cv_ros/install/custom_interfaces/share/custom_interfaces/cmake/ament_cmake_export_include_directories-extras.cmake
[13.067s] -- Installing: /home/quantum_main/computer_vision/cv_ros/install/custom_interfaces/share/custom_interfaces/cmake/ament_cmake_export_libraries-extras.cmake
[13.068s] -- Installing: /home/quantum_main/computer_vision/cv_ros/install/custom_interfaces/share/custom_interfaces/cmake/ament_cmake_export_targets-extras.cmake
[13.068s] -- Installing: /home/quantum_main/computer_vision/cv_ros/install/custom_interfaces/share/custom_interfaces/cmake/rosidl_cmake_export_typesupport_targets-extras.cmake
[13.068s] -- Installing: /home/quantum_main/computer_vision/cv_ros/install/custom_interfaces/share/custom_interfaces/cmake/ament_cmake_export_dependencies-extras.cmake
[13.068s] -- Installing: /home/quantum_main/computer_vision/cv_ros/install/custom_interfaces/share/custom_interfaces/cmake/rosidl_cmake_export_typesupport_libraries-extras.cmake
[13.069s] -- Installing: /home/quantum_main/computer_vision/cv_ros/install/custom_interfaces/share/custom_interfaces/cmake/custom_interfacesConfig.cmake
[13.069s] -- Installing: /home/quantum_main/computer_vision/cv_ros/install/custom_interfaces/share/custom_interfaces/cmake/custom_interfacesConfig-version.cmake
[13.069s] -- Installing: /home/quantum_main/computer_vision/cv_ros/install/custom_interfaces/share/custom_interfaces/package.xml
[13.076s] Invoked command in '/home/quantum_main/computer_vision/cv_ros/build/custom_interfaces' returned '0': CMAKE_PREFIX_PATH=/opt/ros/humble /usr/bin/cmake --install /home/quantum_main/computer_vision/cv_ros/build/custom_interfaces
