[  1%] Built target custom_interfaces__cpp
[ 12%] Built target custom_interfaces__rosidl_generator_c
[ 12%] Built target ament_cmake_python_copy_custom_interfaces
[35m[1mConsolidate compiler generated dependencies of target custom_interfaces__rosidl_typesupport_fastrtps_cpp[0m
[35m[1mConsolidate compiler generated dependencies of target custom_interfaces__rosidl_typesupport_introspection_cpp[0m
[ 25%] Built target custom_interfaces__rosidl_typesupport_cpp
[ 38%] Built target custom_interfaces__rosidl_typesupport_fastrtps_c
[ 46%] Built target custom_interfaces__rosidl_typesupport_fastrtps_cpp
[ 57%] Built target custom_interfaces__rosidl_typesupport_introspection_c
[ 79%] Built target custom_interfaces__rosidl_typesupport_introspection_cpp
[ 79%] Built target custom_interfaces__rosidl_typesupport_c
[ 79%] Built target custom_interfaces
[ 80%] Built target custom_interfaces__py
[ 90%] Built target custom_interfaces__rosidl_generator_py
[ 98%] Built target custom_interfaces__rosidl_typesupport_c__pyext
[ 98%] Built target custom_interfaces__rosidl_typesupport_fastrtps_c__pyext
[ 98%] [32mBuilding C object CMakeFiles/custom_interfaces__rosidl_typesupport_introspection_c__pyext.dir/rosidl_generator_py/custom_interfaces/_custom_interfaces_s.ep.rosidl_typesupport_introspection_c.c.o[0m
running egg_info
writing custom_interfaces.egg-info/PKG-INFO
writing dependency_links to custom_interfaces.egg-info/dependency_links.txt
writing top-level names to custom_interfaces.egg-info/top_level.txt
reading manifest file 'custom_interfaces.egg-info/SOURCES.txt'
writing manifest file 'custom_interfaces.egg-info/SOURCES.txt'
[ 98%] Built target ament_cmake_python_build_custom_interfaces_egg
