[0.594s] Invoking command in '/home/quantum_main/computer_vision/build/custom_interfaces': CMAKE_PREFIX_PATH=/opt/ros/humble /usr/bin/cmake --build /home/quantum_main/computer_vision/build/custom_interfaces -- -j6 -l6
[0.703s] [  1%] Built target custom_interfaces__cpp
[0.708s] [ 12%] Built target custom_interfaces__rosidl_generator_c
[0.728s] [ 12%] Built target ament_cmake_python_copy_custom_interfaces
[0.728s] [35m[1mConsolidate compiler generated dependencies of target custom_interfaces__rosidl_typesupport_fastrtps_cpp[0m
[0.747s] [35m[1mConsolidate compiler generated dependencies of target custom_interfaces__rosidl_typesupport_introspection_cpp[0m
[0.765s] [ 25%] Built target custom_interfaces__rosidl_typesupport_cpp
[0.766s] [ 38%] Built target custom_interfaces__rosidl_typesupport_fastrtps_c
[0.768s] [ 46%] Built target custom_interfaces__rosidl_typesupport_fastrtps_cpp
[0.772s] [ 57%] Built target custom_interfaces__rosidl_typesupport_introspection_c
[0.786s] [ 79%] Built target custom_interfaces__rosidl_typesupport_introspection_cpp
[0.786s] [ 79%] Built target custom_interfaces__rosidl_typesupport_c
[0.827s] [ 79%] Built target custom_interfaces
[0.866s] [ 80%] Built target custom_interfaces__py
[0.911s] [ 90%] Built target custom_interfaces__rosidl_generator_py
[0.956s] [ 98%] Built target custom_interfaces__rosidl_typesupport_c__pyext
[0.956s] [ 98%] Built target custom_interfaces__rosidl_typesupport_fastrtps_c__pyext
[0.956s] [ 98%] [32mBuilding C object CMakeFiles/custom_interfaces__rosidl_typesupport_introspection_c__pyext.dir/rosidl_generator_py/custom_interfaces/_custom_interfaces_s.ep.rosidl_typesupport_introspection_c.c.o[0m
[1.142s] [01m[K/home/quantum_main/computer_vision/build/custom_interfaces/rosidl_generator_py/custom_interfaces/_custom_interfaces_s.ep.rosidl_typesupport_introspection_c.c:934:1:[m[K [01;31m[Kfatal error: [m[Kopening dependency file CMakeFiles/custom_interfaces__rosidl_typesupport_introspection_c__pyext.dir/rosidl_generator_py/custom_interfaces/_custom_interfaces_s.ep.rosidl_typesupport_introspection_c.c.o.d: No such file or directory
[1.142s]   934 | [01;31m[K}[m[K
[1.142s]       | [01;31m[K^[m[K
[1.142s] compilation terminated.
[1.146s] gmake[2]: *** [CMakeFiles/custom_interfaces__rosidl_typesupport_introspection_c__pyext.dir/build.make:76: CMakeFiles/custom_interfaces__rosidl_typesupport_introspection_c__pyext.dir/rosidl_generator_py/custom_interfaces/_custom_interfaces_s.ep.rosidl_typesupport_introspection_c.c.o] Error 1
[1.147s] gmake[1]: *** [CMakeFiles/Makefile2:535: CMakeFiles/custom_interfaces__rosidl_typesupport_introspection_c__pyext.dir/all] Error 2
[1.147s] gmake[1]: *** Waiting for unfinished jobs....
[1.294s] running egg_info
[1.295s] writing custom_interfaces.egg-info/PKG-INFO
[1.296s] writing dependency_links to custom_interfaces.egg-info/dependency_links.txt
[1.297s] writing top-level names to custom_interfaces.egg-info/top_level.txt
[1.302s] reading manifest file 'custom_interfaces.egg-info/SOURCES.txt'
[1.303s] writing manifest file 'custom_interfaces.egg-info/SOURCES.txt'
[1.373s] [ 98%] Built target ament_cmake_python_build_custom_interfaces_egg
[1.375s] gmake: *** [Makefile:146: all] Error 2
[1.380s] Invoked command in '/home/quantum_main/computer_vision/build/custom_interfaces' returned '2': CMAKE_PREFIX_PATH=/opt/ros/humble /usr/bin/cmake --build /home/quantum_main/computer_vision/build/custom_interfaces -- -j6 -l6
