running egg_info
creating ../build/computer_ros_vision/computer_ros_vision.egg-info
writing ../build/computer_ros_vision/computer_ros_vision.egg-info/PKG-INFO
writing dependency_links to ../build/computer_ros_vision/computer_ros_vision.egg-info/dependency_links.txt
writing entry points to ../build/computer_ros_vision/computer_ros_vision.egg-info/entry_points.txt
writing requirements to ../build/computer_ros_vision/computer_ros_vision.egg-info/requires.txt
writing top-level names to ../build/computer_ros_vision/computer_ros_vision.egg-info/top_level.txt
writing manifest file '../build/computer_ros_vision/computer_ros_vision.egg-info/SOURCES.txt'
reading manifest file '../build/computer_ros_vision/computer_ros_vision.egg-info/SOURCES.txt'
writing manifest file '../build/computer_ros_vision/computer_ros_vision.egg-info/SOURCES.txt'
running build
running build_py
creating /home/quantum_main/computer_vision/build/computer_ros_vision/build
creating /home/quantum_main/computer_vision/build/computer_ros_vision/build/lib
creating /home/quantum_main/computer_vision/build/computer_ros_vision/build/lib/computer_ros_vision
copying computer_ros_vision/server3_zed.py -> /home/quantum_main/computer_vision/build/computer_ros_vision/build/lib/computer_ros_vision
copying computer_ros_vision/__init__.py -> /home/quantum_main/computer_vision/build/computer_ros_vision/build/lib/computer_ros_vision
running install
running install_lib
creating /home/quantum_main/computer_vision/install/computer_ros_vision/lib/python3.10/site-packages/computer_ros_vision
copying /home/quantum_main/computer_vision/build/computer_ros_vision/build/lib/computer_ros_vision/server3_zed.py -> /home/quantum_main/computer_vision/install/computer_ros_vision/lib/python3.10/site-packages/computer_ros_vision
copying /home/quantum_main/computer_vision/build/computer_ros_vision/build/lib/computer_ros_vision/__init__.py -> /home/quantum_main/computer_vision/install/computer_ros_vision/lib/python3.10/site-packages/computer_ros_vision
byte-compiling /home/quantum_main/computer_vision/install/computer_ros_vision/lib/python3.10/site-packages/computer_ros_vision/server3_zed.py to server3_zed.cpython-310.pyc
byte-compiling /home/quantum_main/computer_vision/install/computer_ros_vision/lib/python3.10/site-packages/computer_ros_vision/__init__.py to __init__.cpython-310.pyc
running install_data
creating /home/quantum_main/computer_vision/install/computer_ros_vision/share/ament_index
creating /home/quantum_main/computer_vision/install/computer_ros_vision/share/ament_index/resource_index
creating /home/quantum_main/computer_vision/install/computer_ros_vision/share/ament_index/resource_index/packages
copying resource/computer_ros_vision -> /home/quantum_main/computer_vision/install/computer_ros_vision/share/ament_index/resource_index/packages
copying package.xml -> /home/quantum_main/computer_vision/install/computer_ros_vision/share/computer_ros_vision
running install_egg_info
Copying ../build/computer_ros_vision/computer_ros_vision.egg-info to /home/quantum_main/computer_vision/install/computer_ros_vision/lib/python3.10/site-packages/computer_ros_vision-0.0.0-py3.10.egg-info
running install_scripts
writing list of installed files to '/home/quantum_main/computer_vision/build/computer_ros_vision/install.log'
