[1.428s] Invoking command in '/home/quantum_main/computer_vision/computer_ros_vision': PYTHONPATH=/home/quantum_main/computer_vision/build/computer_ros_vision/prefix_override:/usr/lib/python3/dist-packages/colcon_core/task/python/colcon_distutils_commands:/home/quantum_main/computer_vision/install/computer_ros_vision/lib/python3.10/site-packages:${PYTHONPATH} /usr/bin/python3 -W ignore:setup.py install is deprecated setup.py egg_info --egg-base ../build/computer_ros_vision build --build-base /home/quantum_main/computer_vision/build/computer_ros_vision/build install --record /home/quantum_main/computer_vision/build/computer_ros_vision/install.log --single-version-externally-managed install_data
[1.951s] running egg_info
[1.952s] creating ../build/computer_ros_vision/computer_ros_vision.egg-info
[1.952s] writing ../build/computer_ros_vision/computer_ros_vision.egg-info/PKG-INFO
[1.953s] writing dependency_links to ../build/computer_ros_vision/computer_ros_vision.egg-info/dependency_links.txt
[1.953s] writing entry points to ../build/computer_ros_vision/computer_ros_vision.egg-info/entry_points.txt
[1.953s] writing requirements to ../build/computer_ros_vision/computer_ros_vision.egg-info/requires.txt
[1.953s] writing top-level names to ../build/computer_ros_vision/computer_ros_vision.egg-info/top_level.txt
[1.954s] writing manifest file '../build/computer_ros_vision/computer_ros_vision.egg-info/SOURCES.txt'
[1.957s] reading manifest file '../build/computer_ros_vision/computer_ros_vision.egg-info/SOURCES.txt'
[1.959s] writing manifest file '../build/computer_ros_vision/computer_ros_vision.egg-info/SOURCES.txt'
[1.959s] running build
[1.959s] running build_py
[1.960s] creating /home/quantum_main/computer_vision/build/computer_ros_vision/build
[1.960s] creating /home/quantum_main/computer_vision/build/computer_ros_vision/build/lib
[1.960s] creating /home/quantum_main/computer_vision/build/computer_ros_vision/build/lib/computer_ros_vision
[1.960s] copying computer_ros_vision/server3_zed.py -> /home/quantum_main/computer_vision/build/computer_ros_vision/build/lib/computer_ros_vision
[1.960s] copying computer_ros_vision/__init__.py -> /home/quantum_main/computer_vision/build/computer_ros_vision/build/lib/computer_ros_vision
[1.961s] running install
[1.961s] running install_lib
[1.963s] creating /home/quantum_main/computer_vision/install/computer_ros_vision/lib/python3.10/site-packages/computer_ros_vision
[1.963s] copying /home/quantum_main/computer_vision/build/computer_ros_vision/build/lib/computer_ros_vision/server3_zed.py -> /home/quantum_main/computer_vision/install/computer_ros_vision/lib/python3.10/site-packages/computer_ros_vision
[1.963s] copying /home/quantum_main/computer_vision/build/computer_ros_vision/build/lib/computer_ros_vision/__init__.py -> /home/quantum_main/computer_vision/install/computer_ros_vision/lib/python3.10/site-packages/computer_ros_vision
[1.964s] byte-compiling /home/quantum_main/computer_vision/install/computer_ros_vision/lib/python3.10/site-packages/computer_ros_vision/server3_zed.py to server3_zed.cpython-310.pyc
[1.967s] byte-compiling /home/quantum_main/computer_vision/install/computer_ros_vision/lib/python3.10/site-packages/computer_ros_vision/__init__.py to __init__.cpython-310.pyc
[1.967s] running install_data
[1.967s] creating /home/quantum_main/computer_vision/install/computer_ros_vision/share/ament_index
[1.967s] creating /home/quantum_main/computer_vision/install/computer_ros_vision/share/ament_index/resource_index
[1.967s] creating /home/quantum_main/computer_vision/install/computer_ros_vision/share/ament_index/resource_index/packages
[1.968s] copying resource/computer_ros_vision -> /home/quantum_main/computer_vision/install/computer_ros_vision/share/ament_index/resource_index/packages
[1.968s] copying package.xml -> /home/quantum_main/computer_vision/install/computer_ros_vision/share/computer_ros_vision
[1.968s] running install_egg_info
[1.974s] Copying ../build/computer_ros_vision/computer_ros_vision.egg-info to /home/quantum_main/computer_vision/install/computer_ros_vision/lib/python3.10/site-packages/computer_ros_vision-0.0.0-py3.10.egg-info
[1.976s] running install_scripts
[2.017s] writing list of installed files to '/home/quantum_main/computer_vision/build/computer_ros_vision/install.log'
[2.086s] Invoked command in '/home/quantum_main/computer_vision/computer_ros_vision' returned '0': PYTHONPATH=/home/quantum_main/computer_vision/build/computer_ros_vision/prefix_override:/usr/lib/python3/dist-packages/colcon_core/task/python/colcon_distutils_commands:/home/quantum_main/computer_vision/install/computer_ros_vision/lib/python3.10/site-packages:${PYTHONPATH} /usr/bin/python3 -W ignore:setup.py install is deprecated setup.py egg_info --egg-base ../build/computer_ros_vision build --build-base /home/quantum_main/computer_vision/build/computer_ros_vision/build install --record /home/quantum_main/computer_vision/build/computer_ros_vision/install.log --single-version-externally-managed install_data
