[35m[1mConsolidate compiler generated dependencies of target custom_interfaces__rosidl_generator_c[0m
[  1%] Built target custom_interfaces__cpp
[ 12%] Built target custom_interfaces__rosidl_generator_c
[ 12%] Built target ament_cmake_python_copy_custom_interfaces
[35m[1mConsolidate compiler generated dependencies of target custom_interfaces__rosidl_typesupport_fastrtps_cpp[0m
[35m[1mConsolidate compiler generated dependencies of target custom_interfaces__rosidl_typesupport_introspection_cpp[0m
[35m[1mConsolidate compiler generated dependencies of target custom_interfaces__rosidl_typesupport_cpp[0m
[35m[1mConsolidate compiler generated dependencies of target custom_interfaces__rosidl_typesupport_fastrtps_c[0m
[35m[1mConsolidate compiler generated dependencies of target custom_interfaces__rosidl_typesupport_introspection_c[0m
[ 34%] Built target custom_interfaces__rosidl_typesupport_fastrtps_cpp
[35m[1mConsolidate compiler generated dependencies of target custom_interfaces__rosidl_typesupport_c[0m
[ 34%] Built target custom_interfaces__rosidl_typesupport_cpp
[ 46%] Built target custom_interfaces__rosidl_typesupport_introspection_cpp
[ 57%] Built target custom_interfaces__rosidl_typesupport_c
[ 69%] Built target custom_interfaces__rosidl_typesupport_fastrtps_c
[ 79%] Built target custom_interfaces__rosidl_typesupport_introspection_c
[ 79%] Built target custom_interfaces
[ 80%] Built target custom_interfaces__py
[35m[1mConsolidate compiler generated dependencies of target custom_interfaces__rosidl_generator_py[0m
[ 90%] Built target custom_interfaces__rosidl_generator_py
[35m[1mConsolidate compiler generated dependencies of target custom_interfaces__rosidl_typesupport_fastrtps_c__pyext[0m
[35m[1mConsolidate compiler generated dependencies of target custom_interfaces__rosidl_typesupport_introspection_c__pyext[0m
[35m[1mConsolidate compiler generated dependencies of target custom_interfaces__rosidl_typesupport_c__pyext[0m
[ 93%] Built target custom_interfaces__rosidl_typesupport_fastrtps_c__pyext
[ 96%] Built target custom_interfaces__rosidl_typesupport_introspection_c__pyext
[100%] Built target custom_interfaces__rosidl_typesupport_c__pyext
running egg_info
writing custom_interfaces.egg-info/PKG-INFO
writing dependency_links to custom_interfaces.egg-info/dependency_links.txt
writing top-level names to custom_interfaces.egg-info/top_level.txt
reading manifest file 'custom_interfaces.egg-info/SOURCES.txt'
writing manifest file 'custom_interfaces.egg-info/SOURCES.txt'
[100%] Built target ament_cmake_python_build_custom_interfaces_egg
-- Install configuration: ""
-- Up-to-date: /home/quantum_main/computer_vision/install/custom_interfaces/share/ament_index/resource_index/rosidl_interfaces/custom_interfaces
-- Up-to-date: /home/quantum_main/computer_vision/install/custom_interfaces/include/custom_interfaces/custom_interfaces
-- Up-to-date: /home/quantum_main/computer_vision/install/custom_interfaces/include/custom_interfaces/custom_interfaces/srv
-- Up-to-date: /home/quantum_main/computer_vision/install/custom_interfaces/include/custom_interfaces/custom_interfaces/srv/detail
-- Up-to-date: /home/quantum_main/computer_vision/install/custom_interfaces/include/custom_interfaces/custom_interfaces/srv/detail/follow_gps__type_support.h
-- Up-to-date: /home/quantum_main/computer_vision/install/custom_interfaces/include/custom_interfaces/custom_interfaces/srv/detail/follow_gps__struct.h
-- Up-to-date: /home/quantum_main/computer_vision/install/custom_interfaces/include/custom_interfaces/custom_interfaces/srv/detail/follow_gps__functions.h
-- Up-to-date: /home/quantum_main/computer_vision/install/custom_interfaces/include/custom_interfaces/custom_interfaces/srv/detail/follow_gps__functions.c
-- Up-to-date: /home/quantum_main/computer_vision/install/custom_interfaces/include/custom_interfaces/custom_interfaces/srv/follow_gps.h
-- Up-to-date: /home/quantum_main/computer_vision/install/custom_interfaces/include/custom_interfaces/custom_interfaces/msg
-- Up-to-date: /home/quantum_main/computer_vision/install/custom_interfaces/include/custom_interfaces/custom_interfaces/msg/target_coordinates.h
-- Up-to-date: /home/quantum_main/computer_vision/install/custom_interfaces/include/custom_interfaces/custom_interfaces/msg/detail
-- Up-to-date: /home/quantum_main/computer_vision/install/custom_interfaces/include/custom_interfaces/custom_interfaces/msg/detail/age__type_support.h
-- Up-to-date: /home/quantum_main/computer_vision/install/custom_interfaces/include/custom_interfaces/custom_interfaces/msg/detail/ca__functions.h
-- Up-to-date: /home/quantum_main/computer_vision/install/custom_interfaces/include/custom_interfaces/custom_interfaces/msg/detail/ca__type_support.h
-- Up-to-date: /home/quantum_main/computer_vision/install/custom_interfaces/include/custom_interfaces/custom_interfaces/msg/detail/target_coordinates__functions.c
-- Up-to-date: /home/quantum_main/computer_vision/install/custom_interfaces/include/custom_interfaces/custom_interfaces/msg/detail/age__struct.h
-- Up-to-date: /home/quantum_main/computer_vision/install/custom_interfaces/include/custom_interfaces/custom_interfaces/msg/detail/target_coordinates__struct.h
-- Up-to-date: /home/quantum_main/computer_vision/install/custom_interfaces/include/custom_interfaces/custom_interfaces/msg/detail/target_coordinates__functions.h
-- Up-to-date: /home/quantum_main/computer_vision/install/custom_interfaces/include/custom_interfaces/custom_interfaces/msg/detail/ca__functions.c
-- Up-to-date: /home/quantum_main/computer_vision/install/custom_interfaces/include/custom_interfaces/custom_interfaces/msg/detail/ca__struct.h
-- Up-to-date: /home/quantum_main/computer_vision/install/custom_interfaces/include/custom_interfaces/custom_interfaces/msg/detail/age__functions.h
-- Up-to-date: /home/quantum_main/computer_vision/install/custom_interfaces/include/custom_interfaces/custom_interfaces/msg/detail/coordinates__struct.h
-- Up-to-date: /home/quantum_main/computer_vision/install/custom_interfaces/include/custom_interfaces/custom_interfaces/msg/detail/age__functions.c
-- Up-to-date: /home/quantum_main/computer_vision/install/custom_interfaces/include/custom_interfaces/custom_interfaces/msg/detail/coordinates__type_support.h
-- Up-to-date: /home/quantum_main/computer_vision/install/custom_interfaces/include/custom_interfaces/custom_interfaces/msg/detail/coordinates__functions.c
-- Up-to-date: /home/quantum_main/computer_vision/install/custom_interfaces/include/custom_interfaces/custom_interfaces/msg/detail/coordinates__functions.h
-- Up-to-date: /home/quantum_main/computer_vision/install/custom_interfaces/include/custom_interfaces/custom_interfaces/msg/detail/target_coordinates__type_support.h
-- Up-to-date: /home/quantum_main/computer_vision/install/custom_interfaces/include/custom_interfaces/custom_interfaces/msg/rosidl_generator_c__visibility_control.h
-- Up-to-date: /home/quantum_main/computer_vision/install/custom_interfaces/include/custom_interfaces/custom_interfaces/msg/age.h
-- Up-to-date: /home/quantum_main/computer_vision/install/custom_interfaces/include/custom_interfaces/custom_interfaces/msg/ca.h
-- Up-to-date: /home/quantum_main/computer_vision/install/custom_interfaces/include/custom_interfaces/custom_interfaces/msg/coordinates.h
-- Up-to-date: /home/quantum_main/computer_vision/install/custom_interfaces/share/custom_interfaces/environment/library_path.sh
-- Up-to-date: /home/quantum_main/computer_vision/install/custom_interfaces/share/custom_interfaces/environment/library_path.dsv
-- Up-to-date: /home/quantum_main/computer_vision/install/custom_interfaces/lib/libcustom_interfaces__rosidl_generator_c.so
-- Up-to-date: /home/quantum_main/computer_vision/install/custom_interfaces/include/custom_interfaces/custom_interfaces
-- Up-to-date: /home/quantum_main/computer_vision/install/custom_interfaces/include/custom_interfaces/custom_interfaces/srv
-- Up-to-date: /home/quantum_main/computer_vision/install/custom_interfaces/include/custom_interfaces/custom_interfaces/srv/detail
-- Up-to-date: /home/quantum_main/computer_vision/install/custom_interfaces/include/custom_interfaces/custom_interfaces/srv/detail/follow_gps__rosidl_typesupport_fastrtps_c.h
-- Up-to-date: /home/quantum_main/computer_vision/install/custom_interfaces/include/custom_interfaces/custom_interfaces/msg
-- Up-to-date: /home/quantum_main/computer_vision/install/custom_interfaces/include/custom_interfaces/custom_interfaces/msg/detail
-- Up-to-date: /home/quantum_main/computer_vision/install/custom_interfaces/include/custom_interfaces/custom_interfaces/msg/detail/coordinates__rosidl_typesupport_fastrtps_c.h
-- Up-to-date: /home/quantum_main/computer_vision/install/custom_interfaces/include/custom_interfaces/custom_interfaces/msg/detail/target_coordinates__rosidl_typesupport_fastrtps_c.h
-- Up-to-date: /home/quantum_main/computer_vision/install/custom_interfaces/include/custom_interfaces/custom_interfaces/msg/detail/age__rosidl_typesupport_fastrtps_c.h
-- Up-to-date: /home/quantum_main/computer_vision/install/custom_interfaces/include/custom_interfaces/custom_interfaces/msg/detail/ca__rosidl_typesupport_fastrtps_c.h
-- Up-to-date: /home/quantum_main/computer_vision/install/custom_interfaces/include/custom_interfaces/custom_interfaces/msg/rosidl_typesupport_fastrtps_c__visibility_control.h
-- Up-to-date: /home/quantum_main/computer_vision/install/custom_interfaces/lib/libcustom_interfaces__rosidl_typesupport_fastrtps_c.so
-- Up-to-date: /home/quantum_main/computer_vision/install/custom_interfaces/include/custom_interfaces/custom_interfaces
-- Up-to-date: /home/quantum_main/computer_vision/install/custom_interfaces/include/custom_interfaces/custom_interfaces/srv
-- Up-to-date: /home/quantum_main/computer_vision/install/custom_interfaces/include/custom_interfaces/custom_interfaces/srv/detail
-- Up-to-date: /home/quantum_main/computer_vision/install/custom_interfaces/include/custom_interfaces/custom_interfaces/srv/detail/follow_gps__struct.hpp
-- Up-to-date: /home/quantum_main/computer_vision/install/custom_interfaces/include/custom_interfaces/custom_interfaces/srv/detail/follow_gps__builder.hpp
-- Up-to-date: /home/quantum_main/computer_vision/install/custom_interfaces/include/custom_interfaces/custom_interfaces/srv/detail/follow_gps__traits.hpp
-- Up-to-date: /home/quantum_main/computer_vision/install/custom_interfaces/include/custom_interfaces/custom_interfaces/srv/follow_gps.hpp
-- Up-to-date: /home/quantum_main/computer_vision/install/custom_interfaces/include/custom_interfaces/custom_interfaces/msg
-- Up-to-date: /home/quantum_main/computer_vision/install/custom_interfaces/include/custom_interfaces/custom_interfaces/msg/detail
-- Up-to-date: /home/quantum_main/computer_vision/install/custom_interfaces/include/custom_interfaces/custom_interfaces/msg/detail/target_coordinates__traits.hpp
-- Up-to-date: /home/quantum_main/computer_vision/install/custom_interfaces/include/custom_interfaces/custom_interfaces/msg/detail/age__traits.hpp
-- Up-to-date: /home/quantum_main/computer_vision/install/custom_interfaces/include/custom_interfaces/custom_interfaces/msg/detail/coordinates__struct.hpp
-- Up-to-date: /home/quantum_main/computer_vision/install/custom_interfaces/include/custom_interfaces/custom_interfaces/msg/detail/ca__struct.hpp
-- Up-to-date: /home/quantum_main/computer_vision/install/custom_interfaces/include/custom_interfaces/custom_interfaces/msg/detail/target_coordinates__struct.hpp
-- Up-to-date: /home/quantum_main/computer_vision/install/custom_interfaces/include/custom_interfaces/custom_interfaces/msg/detail/coordinates__builder.hpp
-- Up-to-date: /home/quantum_main/computer_vision/install/custom_interfaces/include/custom_interfaces/custom_interfaces/msg/detail/target_coordinates__builder.hpp
-- Up-to-date: /home/quantum_main/computer_vision/install/custom_interfaces/include/custom_interfaces/custom_interfaces/msg/detail/age__struct.hpp
-- Up-to-date: /home/quantum_main/computer_vision/install/custom_interfaces/include/custom_interfaces/custom_interfaces/msg/detail/age__builder.hpp
-- Up-to-date: /home/quantum_main/computer_vision/install/custom_interfaces/include/custom_interfaces/custom_interfaces/msg/detail/coordinates__traits.hpp
-- Up-to-date: /home/quantum_main/computer_vision/install/custom_interfaces/include/custom_interfaces/custom_interfaces/msg/detail/ca__traits.hpp
-- Up-to-date: /home/quantum_main/computer_vision/install/custom_interfaces/include/custom_interfaces/custom_interfaces/msg/detail/ca__builder.hpp
-- Up-to-date: /home/quantum_main/computer_vision/install/custom_interfaces/include/custom_interfaces/custom_interfaces/msg/age.hpp
-- Up-to-date: /home/quantum_main/computer_vision/install/custom_interfaces/include/custom_interfaces/custom_interfaces/msg/target_coordinates.hpp
-- Up-to-date: /home/quantum_main/computer_vision/install/custom_interfaces/include/custom_interfaces/custom_interfaces/msg/coordinates.hpp
-- Up-to-date: /home/quantum_main/computer_vision/install/custom_interfaces/include/custom_interfaces/custom_interfaces/msg/ca.hpp
-- Up-to-date: /home/quantum_main/computer_vision/install/custom_interfaces/include/custom_interfaces/custom_interfaces
-- Up-to-date: /home/quantum_main/computer_vision/install/custom_interfaces/include/custom_interfaces/custom_interfaces/srv
-- Up-to-date: /home/quantum_main/computer_vision/install/custom_interfaces/include/custom_interfaces/custom_interfaces/srv/detail
-- Up-to-date: /home/quantum_main/computer_vision/install/custom_interfaces/include/custom_interfaces/custom_interfaces/srv/detail/follow_gps__rosidl_typesupport_fastrtps_cpp.hpp
-- Up-to-date: /home/quantum_main/computer_vision/install/custom_interfaces/include/custom_interfaces/custom_interfaces/srv/detail/dds_fastrtps
-- Up-to-date: /home/quantum_main/computer_vision/install/custom_interfaces/include/custom_interfaces/custom_interfaces/msg
-- Up-to-date: /home/quantum_main/computer_vision/install/custom_interfaces/include/custom_interfaces/custom_interfaces/msg/detail
-- Up-to-date: /home/quantum_main/computer_vision/install/custom_interfaces/include/custom_interfaces/custom_interfaces/msg/detail/ca__rosidl_typesupport_fastrtps_cpp.hpp
-- Up-to-date: /home/quantum_main/computer_vision/install/custom_interfaces/include/custom_interfaces/custom_interfaces/msg/detail/age__rosidl_typesupport_fastrtps_cpp.hpp
-- Up-to-date: /home/quantum_main/computer_vision/install/custom_interfaces/include/custom_interfaces/custom_interfaces/msg/detail/coordinates__rosidl_typesupport_fastrtps_cpp.hpp
-- Up-to-date: /home/quantum_main/computer_vision/install/custom_interfaces/include/custom_interfaces/custom_interfaces/msg/detail/target_coordinates__rosidl_typesupport_fastrtps_cpp.hpp
-- Up-to-date: /home/quantum_main/computer_vision/install/custom_interfaces/include/custom_interfaces/custom_interfaces/msg/detail/dds_fastrtps
-- Up-to-date: /home/quantum_main/computer_vision/install/custom_interfaces/include/custom_interfaces/custom_interfaces/msg/rosidl_typesupport_fastrtps_cpp__visibility_control.h
-- Up-to-date: /home/quantum_main/computer_vision/install/custom_interfaces/lib/libcustom_interfaces__rosidl_typesupport_fastrtps_cpp.so
-- Up-to-date: /home/quantum_main/computer_vision/install/custom_interfaces/include/custom_interfaces/custom_interfaces
-- Up-to-date: /home/quantum_main/computer_vision/install/custom_interfaces/include/custom_interfaces/custom_interfaces/srv
-- Up-to-date: /home/quantum_main/computer_vision/install/custom_interfaces/include/custom_interfaces/custom_interfaces/srv/detail
-- Up-to-date: /home/quantum_main/computer_vision/install/custom_interfaces/include/custom_interfaces/custom_interfaces/srv/detail/follow_gps__rosidl_typesupport_introspection_c.h
-- Up-to-date: /home/quantum_main/computer_vision/install/custom_interfaces/include/custom_interfaces/custom_interfaces/srv/detail/follow_gps__type_support.c
-- Up-to-date: /home/quantum_main/computer_vision/install/custom_interfaces/include/custom_interfaces/custom_interfaces/msg
-- Up-to-date: /home/quantum_main/computer_vision/install/custom_interfaces/include/custom_interfaces/custom_interfaces/msg/detail
-- Up-to-date: /home/quantum_main/computer_vision/install/custom_interfaces/include/custom_interfaces/custom_interfaces/msg/detail/age__rosidl_typesupport_introspection_c.h
-- Up-to-date: /home/quantum_main/computer_vision/install/custom_interfaces/include/custom_interfaces/custom_interfaces/msg/detail/age__type_support.c
-- Up-to-date: /home/quantum_main/computer_vision/install/custom_interfaces/include/custom_interfaces/custom_interfaces/msg/detail/ca__type_support.c
-- Up-to-date: /home/quantum_main/computer_vision/install/custom_interfaces/include/custom_interfaces/custom_interfaces/msg/detail/target_coordinates__type_support.c
-- Up-to-date: /home/quantum_main/computer_vision/install/custom_interfaces/include/custom_interfaces/custom_interfaces/msg/detail/target_coordinates__rosidl_typesupport_introspection_c.h
-- Up-to-date: /home/quantum_main/computer_vision/install/custom_interfaces/include/custom_interfaces/custom_interfaces/msg/detail/coordinates__rosidl_typesupport_introspection_c.h
-- Up-to-date: /home/quantum_main/computer_vision/install/custom_interfaces/include/custom_interfaces/custom_interfaces/msg/detail/ca__rosidl_typesupport_introspection_c.h
-- Up-to-date: /home/quantum_main/computer_vision/install/custom_interfaces/include/custom_interfaces/custom_interfaces/msg/detail/coordinates__type_support.c
-- Up-to-date: /home/quantum_main/computer_vision/install/custom_interfaces/include/custom_interfaces/custom_interfaces/msg/rosidl_typesupport_introspection_c__visibility_control.h
-- Up-to-date: /home/quantum_main/computer_vision/install/custom_interfaces/lib/libcustom_interfaces__rosidl_typesupport_introspection_c.so
-- Up-to-date: /home/quantum_main/computer_vision/install/custom_interfaces/lib/libcustom_interfaces__rosidl_typesupport_c.so
-- Up-to-date: /home/quantum_main/computer_vision/install/custom_interfaces/include/custom_interfaces/custom_interfaces
-- Up-to-date: /home/quantum_main/computer_vision/install/custom_interfaces/include/custom_interfaces/custom_interfaces/srv
-- Up-to-date: /home/quantum_main/computer_vision/install/custom_interfaces/include/custom_interfaces/custom_interfaces/srv/detail
-- Up-to-date: /home/quantum_main/computer_vision/install/custom_interfaces/include/custom_interfaces/custom_interfaces/srv/detail/follow_gps__rosidl_typesupport_introspection_cpp.hpp
-- Up-to-date: /home/quantum_main/computer_vision/install/custom_interfaces/include/custom_interfaces/custom_interfaces/srv/detail/follow_gps__type_support.cpp
-- Up-to-date: /home/quantum_main/computer_vision/install/custom_interfaces/include/custom_interfaces/custom_interfaces/msg
-- Up-to-date: /home/quantum_main/computer_vision/install/custom_interfaces/include/custom_interfaces/custom_interfaces/msg/detail
-- Up-to-date: /home/quantum_main/computer_vision/install/custom_interfaces/include/custom_interfaces/custom_interfaces/msg/detail/age__type_support.cpp
-- Up-to-date: /home/quantum_main/computer_vision/install/custom_interfaces/include/custom_interfaces/custom_interfaces/msg/detail/target_coordinates__type_support.cpp
-- Up-to-date: /home/quantum_main/computer_vision/install/custom_interfaces/include/custom_interfaces/custom_interfaces/msg/detail/coordinates__rosidl_typesupport_introspection_cpp.hpp
-- Up-to-date: /home/quantum_main/computer_vision/install/custom_interfaces/include/custom_interfaces/custom_interfaces/msg/detail/age__rosidl_typesupport_introspection_cpp.hpp
-- Up-to-date: /home/quantum_main/computer_vision/install/custom_interfaces/include/custom_interfaces/custom_interfaces/msg/detail/ca__rosidl_typesupport_introspection_cpp.hpp
-- Up-to-date: /home/quantum_main/computer_vision/install/custom_interfaces/include/custom_interfaces/custom_interfaces/msg/detail/target_coordinates__rosidl_typesupport_introspection_cpp.hpp
-- Up-to-date: /home/quantum_main/computer_vision/install/custom_interfaces/include/custom_interfaces/custom_interfaces/msg/detail/coordinates__type_support.cpp
-- Up-to-date: /home/quantum_main/computer_vision/install/custom_interfaces/include/custom_interfaces/custom_interfaces/msg/detail/ca__type_support.cpp
-- Up-to-date: /home/quantum_main/computer_vision/install/custom_interfaces/lib/libcustom_interfaces__rosidl_typesupport_introspection_cpp.so
-- Up-to-date: /home/quantum_main/computer_vision/install/custom_interfaces/lib/libcustom_interfaces__rosidl_typesupport_cpp.so
-- Up-to-date: /home/quantum_main/computer_vision/install/custom_interfaces/share/custom_interfaces/environment/pythonpath.sh
-- Up-to-date: /home/quantum_main/computer_vision/install/custom_interfaces/share/custom_interfaces/environment/pythonpath.dsv
-- Up-to-date: /home/quantum_main/computer_vision/install/custom_interfaces/local/lib/python3.10/dist-packages/custom_interfaces-0.0.0-py3.10.egg-info
-- Installing: /home/quantum_main/computer_vision/install/custom_interfaces/local/lib/python3.10/dist-packages/custom_interfaces-0.0.0-py3.10.egg-info/top_level.txt
-- Installing: /home/quantum_main/computer_vision/install/custom_interfaces/local/lib/python3.10/dist-packages/custom_interfaces-0.0.0-py3.10.egg-info/dependency_links.txt
-- Installing: /home/quantum_main/computer_vision/install/custom_interfaces/local/lib/python3.10/dist-packages/custom_interfaces-0.0.0-py3.10.egg-info/SOURCES.txt
-- Installing: /home/quantum_main/computer_vision/install/custom_interfaces/local/lib/python3.10/dist-packages/custom_interfaces-0.0.0-py3.10.egg-info/PKG-INFO
-- Up-to-date: /home/quantum_main/computer_vision/install/custom_interfaces/local/lib/python3.10/dist-packages/custom_interfaces
-- Up-to-date: /home/quantum_main/computer_vision/install/custom_interfaces/local/lib/python3.10/dist-packages/custom_interfaces/srv
-- Up-to-date: /home/quantum_main/computer_vision/install/custom_interfaces/local/lib/python3.10/dist-packages/custom_interfaces/srv/_follow_gps.py
-- Up-to-date: /home/quantum_main/computer_vision/install/custom_interfaces/local/lib/python3.10/dist-packages/custom_interfaces/srv/_follow_gps_s.c
-- Up-to-date: /home/quantum_main/computer_vision/install/custom_interfaces/local/lib/python3.10/dist-packages/custom_interfaces/srv/__init__.py
-- Up-to-date: /home/quantum_main/computer_vision/install/custom_interfaces/local/lib/python3.10/dist-packages/custom_interfaces/custom_interfaces_s__rosidl_typesupport_fastrtps_c.cpython-310-aarch64-linux-gnu.so
-- Up-to-date: /home/quantum_main/computer_vision/install/custom_interfaces/local/lib/python3.10/dist-packages/custom_interfaces/libcustom_interfaces__rosidl_generator_py.so
-- Up-to-date: /home/quantum_main/computer_vision/install/custom_interfaces/local/lib/python3.10/dist-packages/custom_interfaces/_custom_interfaces_s.ep.rosidl_typesupport_c.c
-- Up-to-date: /home/quantum_main/computer_vision/install/custom_interfaces/local/lib/python3.10/dist-packages/custom_interfaces/msg
-- Up-to-date: /home/quantum_main/computer_vision/install/custom_interfaces/local/lib/python3.10/dist-packages/custom_interfaces/msg/_target_coordinates_s.c
-- Up-to-date: /home/quantum_main/computer_vision/install/custom_interfaces/local/lib/python3.10/dist-packages/custom_interfaces/msg/_ca_s.c
-- Up-to-date: /home/quantum_main/computer_vision/install/custom_interfaces/local/lib/python3.10/dist-packages/custom_interfaces/msg/_coordinates.py
-- Up-to-date: /home/quantum_main/computer_vision/install/custom_interfaces/local/lib/python3.10/dist-packages/custom_interfaces/msg/_age_s.c
-- Up-to-date: /home/quantum_main/computer_vision/install/custom_interfaces/local/lib/python3.10/dist-packages/custom_interfaces/msg/_target_coordinates.py
-- Up-to-date: /home/quantum_main/computer_vision/install/custom_interfaces/local/lib/python3.10/dist-packages/custom_interfaces/msg/__init__.py
-- Up-to-date: /home/quantum_main/computer_vision/install/custom_interfaces/local/lib/python3.10/dist-packages/custom_interfaces/msg/_coordinates_s.c
-- Up-to-date: /home/quantum_main/computer_vision/install/custom_interfaces/local/lib/python3.10/dist-packages/custom_interfaces/msg/_ca.py
-- Up-to-date: /home/quantum_main/computer_vision/install/custom_interfaces/local/lib/python3.10/dist-packages/custom_interfaces/msg/_age.py
-- Up-to-date: /home/quantum_main/computer_vision/install/custom_interfaces/local/lib/python3.10/dist-packages/custom_interfaces/_custom_interfaces_s.ep.rosidl_typesupport_fastrtps_c.c
-- Up-to-date: /home/quantum_main/computer_vision/install/custom_interfaces/local/lib/python3.10/dist-packages/custom_interfaces/_custom_interfaces_s.ep.rosidl_typesupport_introspection_c.c
-- Up-to-date: /home/quantum_main/computer_vision/install/custom_interfaces/local/lib/python3.10/dist-packages/custom_interfaces/__init__.py
-- Up-to-date: /home/quantum_main/computer_vision/install/custom_interfaces/local/lib/python3.10/dist-packages/custom_interfaces/custom_interfaces_s__rosidl_typesupport_c.cpython-310-aarch64-linux-gnu.so
-- Up-to-date: /home/quantum_main/computer_vision/install/custom_interfaces/local/lib/python3.10/dist-packages/custom_interfaces/custom_interfaces_s__rosidl_typesupport_introspection_c.cpython-310-aarch64-linux-gnu.so
Listing '/home/quantum_main/computer_vision/install/custom_interfaces/local/lib/python3.10/dist-packages/custom_interfaces'...
Listing '/home/quantum_main/computer_vision/install/custom_interfaces/local/lib/python3.10/dist-packages/custom_interfaces/msg'...
Listing '/home/quantum_main/computer_vision/install/custom_interfaces/local/lib/python3.10/dist-packages/custom_interfaces/srv'...
-- Up-to-date: /home/quantum_main/computer_vision/install/custom_interfaces/local/lib/python3.10/dist-packages/custom_interfaces/custom_interfaces_s__rosidl_typesupport_fastrtps_c.cpython-310-aarch64-linux-gnu.so
-- Up-to-date: /home/quantum_main/computer_vision/install/custom_interfaces/local/lib/python3.10/dist-packages/custom_interfaces/custom_interfaces_s__rosidl_typesupport_introspection_c.cpython-310-aarch64-linux-gnu.so
-- Up-to-date: /home/quantum_main/computer_vision/install/custom_interfaces/local/lib/python3.10/dist-packages/custom_interfaces/custom_interfaces_s__rosidl_typesupport_c.cpython-310-aarch64-linux-gnu.so
-- Up-to-date: /home/quantum_main/computer_vision/install/custom_interfaces/lib/libcustom_interfaces__rosidl_generator_py.so
-- Up-to-date: /home/quantum_main/computer_vision/install/custom_interfaces/share/custom_interfaces/msg/Age.idl
-- Up-to-date: /home/quantum_main/computer_vision/install/custom_interfaces/share/custom_interfaces/srv/FollowGPS.idl
-- Up-to-date: /home/quantum_main/computer_vision/install/custom_interfaces/share/custom_interfaces/msg/TargetCoordinates.idl
-- Up-to-date: /home/quantum_main/computer_vision/install/custom_interfaces/share/custom_interfaces/msg/Coordinates.idl
-- Up-to-date: /home/quantum_main/computer_vision/install/custom_interfaces/share/custom_interfaces/msg/CA.idl
-- Up-to-date: /home/quantum_main/computer_vision/install/custom_interfaces/share/custom_interfaces/msg/Age.msg
-- Up-to-date: /home/quantum_main/computer_vision/install/custom_interfaces/share/custom_interfaces/srv/FollowGPS.srv
-- Up-to-date: /home/quantum_main/computer_vision/install/custom_interfaces/share/custom_interfaces/srv/FollowGPS_Request.msg
-- Up-to-date: /home/quantum_main/computer_vision/install/custom_interfaces/share/custom_interfaces/srv/FollowGPS_Response.msg
-- Up-to-date: /home/quantum_main/computer_vision/install/custom_interfaces/share/custom_interfaces/msg/TargetCoordinates.msg
-- Up-to-date: /home/quantum_main/computer_vision/install/custom_interfaces/share/custom_interfaces/msg/Coordinates.msg
-- Up-to-date: /home/quantum_main/computer_vision/install/custom_interfaces/share/custom_interfaces/msg/CA.msg
-- Up-to-date: /home/quantum_main/computer_vision/install/custom_interfaces/share/ament_index/resource_index/package_run_dependencies/custom_interfaces
-- Up-to-date: /home/quantum_main/computer_vision/install/custom_interfaces/share/ament_index/resource_index/parent_prefix_path/custom_interfaces
-- Up-to-date: /home/quantum_main/computer_vision/install/custom_interfaces/share/custom_interfaces/environment/ament_prefix_path.sh
-- Up-to-date: /home/quantum_main/computer_vision/install/custom_interfaces/share/custom_interfaces/environment/ament_prefix_path.dsv
-- Up-to-date: /home/quantum_main/computer_vision/install/custom_interfaces/share/custom_interfaces/environment/path.sh
-- Up-to-date: /home/quantum_main/computer_vision/install/custom_interfaces/share/custom_interfaces/environment/path.dsv
-- Up-to-date: /home/quantum_main/computer_vision/install/custom_interfaces/share/custom_interfaces/local_setup.bash
-- Up-to-date: /home/quantum_main/computer_vision/install/custom_interfaces/share/custom_interfaces/local_setup.sh
-- Up-to-date: /home/quantum_main/computer_vision/install/custom_interfaces/share/custom_interfaces/local_setup.zsh
-- Up-to-date: /home/quantum_main/computer_vision/install/custom_interfaces/share/custom_interfaces/local_setup.dsv
-- Installing: /home/quantum_main/computer_vision/install/custom_interfaces/share/custom_interfaces/package.dsv
-- Up-to-date: /home/quantum_main/computer_vision/install/custom_interfaces/share/ament_index/resource_index/packages/custom_interfaces
-- Up-to-date: /home/quantum_main/computer_vision/install/custom_interfaces/share/custom_interfaces/cmake/export_custom_interfaces__rosidl_generator_cExport.cmake
-- Up-to-date: /home/quantum_main/computer_vision/install/custom_interfaces/share/custom_interfaces/cmake/export_custom_interfaces__rosidl_generator_cExport-noconfig.cmake
-- Up-to-date: /home/quantum_main/computer_vision/install/custom_interfaces/share/custom_interfaces/cmake/export_custom_interfaces__rosidl_typesupport_fastrtps_cExport.cmake
-- Up-to-date: /home/quantum_main/computer_vision/install/custom_interfaces/share/custom_interfaces/cmake/export_custom_interfaces__rosidl_typesupport_fastrtps_cExport-noconfig.cmake
-- Up-to-date: /home/quantum_main/computer_vision/install/custom_interfaces/share/custom_interfaces/cmake/export_custom_interfaces__rosidl_generator_cppExport.cmake
-- Up-to-date: /home/quantum_main/computer_vision/install/custom_interfaces/share/custom_interfaces/cmake/export_custom_interfaces__rosidl_typesupport_fastrtps_cppExport.cmake
-- Up-to-date: /home/quantum_main/computer_vision/install/custom_interfaces/share/custom_interfaces/cmake/export_custom_interfaces__rosidl_typesupport_fastrtps_cppExport-noconfig.cmake
-- Up-to-date: /home/quantum_main/computer_vision/install/custom_interfaces/share/custom_interfaces/cmake/custom_interfaces__rosidl_typesupport_introspection_cExport.cmake
-- Up-to-date: /home/quantum_main/computer_vision/install/custom_interfaces/share/custom_interfaces/cmake/custom_interfaces__rosidl_typesupport_introspection_cExport-noconfig.cmake
-- Up-to-date: /home/quantum_main/computer_vision/install/custom_interfaces/share/custom_interfaces/cmake/custom_interfaces__rosidl_typesupport_cExport.cmake
-- Up-to-date: /home/quantum_main/computer_vision/install/custom_interfaces/share/custom_interfaces/cmake/custom_interfaces__rosidl_typesupport_cExport-noconfig.cmake
-- Up-to-date: /home/quantum_main/computer_vision/install/custom_interfaces/share/custom_interfaces/cmake/custom_interfaces__rosidl_typesupport_introspection_cppExport.cmake
-- Up-to-date: /home/quantum_main/computer_vision/install/custom_interfaces/share/custom_interfaces/cmake/custom_interfaces__rosidl_typesupport_introspection_cppExport-noconfig.cmake
-- Up-to-date: /home/quantum_main/computer_vision/install/custom_interfaces/share/custom_interfaces/cmake/custom_interfaces__rosidl_typesupport_cppExport.cmake
-- Up-to-date: /home/quantum_main/computer_vision/install/custom_interfaces/share/custom_interfaces/cmake/custom_interfaces__rosidl_typesupport_cppExport-noconfig.cmake
-- Up-to-date: /home/quantum_main/computer_vision/install/custom_interfaces/share/custom_interfaces/cmake/export_custom_interfaces__rosidl_generator_pyExport.cmake
-- Up-to-date: /home/quantum_main/computer_vision/install/custom_interfaces/share/custom_interfaces/cmake/export_custom_interfaces__rosidl_generator_pyExport-noconfig.cmake
-- Up-to-date: /home/quantum_main/computer_vision/install/custom_interfaces/share/custom_interfaces/cmake/rosidl_cmake-extras.cmake
-- Up-to-date: /home/quantum_main/computer_vision/install/custom_interfaces/share/custom_interfaces/cmake/ament_cmake_export_include_directories-extras.cmake
-- Up-to-date: /home/quantum_main/computer_vision/install/custom_interfaces/share/custom_interfaces/cmake/ament_cmake_export_libraries-extras.cmake
-- Up-to-date: /home/quantum_main/computer_vision/install/custom_interfaces/share/custom_interfaces/cmake/ament_cmake_export_targets-extras.cmake
-- Up-to-date: /home/quantum_main/computer_vision/install/custom_interfaces/share/custom_interfaces/cmake/rosidl_cmake_export_typesupport_targets-extras.cmake
-- Up-to-date: /home/quantum_main/computer_vision/install/custom_interfaces/share/custom_interfaces/cmake/ament_cmake_export_dependencies-extras.cmake
-- Up-to-date: /home/quantum_main/computer_vision/install/custom_interfaces/share/custom_interfaces/cmake/rosidl_cmake_export_typesupport_libraries-extras.cmake
-- Up-to-date: /home/quantum_main/computer_vision/install/custom_interfaces/share/custom_interfaces/cmake/custom_interfacesConfig.cmake
-- Up-to-date: /home/quantum_main/computer_vision/install/custom_interfaces/share/custom_interfaces/cmake/custom_interfacesConfig-version.cmake
-- Up-to-date: /home/quantum_main/computer_vision/install/custom_interfaces/share/custom_interfaces/package.xml
