[0.229s] DEBUG:colcon:Command line arguments: ['/usr/bin/colcon', 'build']
[0.229s] DEBUG:colcon:Parsed command line arguments: Namespace(log_base=None, log_level=None, verb_name='build', build_base='build', install_base='install', merge_install=False, symlink_install=False, test_result_base=None, continue_on_error=False, executor='parallel', parallel_workers=6, event_handlers=None, ignore_user_meta=False, metas=['./colcon.meta'], base_paths=['.'], packages_ignore=None, packages_ignore_regex=None, paths=None, packages_up_to=None, packages_up_to_regex=None, packages_above=None, packages_above_and_dependencies=None, packages_above_depth=None, packages_select_by_dep=None, packages_skip_by_dep=None, packages_skip_up_to=None, packages_select_build_failed=False, packages_skip_build_finished=False, packages_select_test_failures=False, packages_skip_test_passed=False, packages_select=None, packages_skip=None, packages_select_regex=None, packages_skip_regex=None, packages_start=None, packages_end=None, allow_overriding=[], cmake_args=None, cmake_target=None, cmake_target_skip_unavailable=False, cmake_clean_cache=False, cmake_clean_first=False, cmake_force_configure=False, ament_cmake_args=None, catkin_cmake_args=None, catkin_skip_building_tests=False, mixin_files=None, mixin=None, verb_parser=<colcon_mixin.mixin.mixin_argument.MixinArgumentDecorator object at 0xffff8feaaaa0>, verb_extension=<colcon_core.verb.build.BuildVerb object at 0xffff8feaa470>, main=<bound method BuildVerb.main of <colcon_core.verb.build.BuildVerb object at 0xffff8feaa470>>, mixin_verb=('build',))
[0.589s] Level 1:colcon.colcon_core.package_discovery:discover_packages(colcon_meta) check parameters
[0.589s] Level 1:colcon.colcon_core.package_discovery:discover_packages(recursive) check parameters
[0.589s] Level 1:colcon.colcon_core.package_discovery:discover_packages(ignore) check parameters
[0.590s] Level 1:colcon.colcon_core.package_discovery:discover_packages(path) check parameters
[0.590s] Level 1:colcon.colcon_core.package_discovery:discover_packages(colcon_meta) discover
[0.590s] Level 1:colcon.colcon_core.package_discovery:discover_packages(recursive) discover
[0.590s] INFO:colcon.colcon_core.package_discovery:Crawling recursively for packages in '/home/quantum_main/computer_vision'
[0.590s] Level 1:colcon.colcon_core.package_identification:_identify(.) by extensions ['ignore', 'ignore_ament_install']
[0.590s] Level 1:colcon.colcon_core.package_identification:_identify(.) by extension 'ignore'
[0.591s] Level 1:colcon.colcon_core.package_identification:_identify(.) by extension 'ignore_ament_install'
[0.591s] Level 1:colcon.colcon_core.package_identification:_identify(.) by extensions ['colcon_pkg']
[0.591s] Level 1:colcon.colcon_core.package_identification:_identify(.) by extension 'colcon_pkg'
[0.591s] Level 1:colcon.colcon_core.package_identification:_identify(.) by extensions ['colcon_meta']
[0.591s] Level 1:colcon.colcon_core.package_identification:_identify(.) by extension 'colcon_meta'
[0.591s] Level 1:colcon.colcon_core.package_identification:_identify(.) by extensions ['ros']
[0.591s] Level 1:colcon.colcon_core.package_identification:_identify(.) by extension 'ros'
[0.613s] Level 1:colcon.colcon_core.package_identification:_identify(.) by extensions ['cmake', 'python']
[0.613s] Level 1:colcon.colcon_core.package_identification:_identify(.) by extension 'cmake'
[0.613s] Level 1:colcon.colcon_core.package_identification:_identify(.) by extension 'python'
[0.613s] Level 1:colcon.colcon_core.package_identification:_identify(.) by extensions ['python_setup_py']
[0.614s] Level 1:colcon.colcon_core.package_identification:_identify(.) by extension 'python_setup_py'
[0.614s] Level 1:colcon.colcon_core.package_identification:_identify(Implementation without ros) by extensions ['ignore', 'ignore_ament_install']
[0.614s] Level 1:colcon.colcon_core.package_identification:_identify(Implementation without ros) by extension 'ignore'
[0.614s] Level 1:colcon.colcon_core.package_identification:_identify(Implementation without ros) by extension 'ignore_ament_install'
[0.614s] Level 1:colcon.colcon_core.package_identification:_identify(Implementation without ros) by extensions ['colcon_pkg']
[0.615s] Level 1:colcon.colcon_core.package_identification:_identify(Implementation without ros) by extension 'colcon_pkg'
[0.615s] Level 1:colcon.colcon_core.package_identification:_identify(Implementation without ros) by extensions ['colcon_meta']
[0.615s] Level 1:colcon.colcon_core.package_identification:_identify(Implementation without ros) by extension 'colcon_meta'
[0.615s] Level 1:colcon.colcon_core.package_identification:_identify(Implementation without ros) by extensions ['ros']
[0.615s] Level 1:colcon.colcon_core.package_identification:_identify(Implementation without ros) by extension 'ros'
[0.615s] Level 1:colcon.colcon_core.package_identification:_identify(Implementation without ros) by extensions ['cmake', 'python']
[0.615s] Level 1:colcon.colcon_core.package_identification:_identify(Implementation without ros) by extension 'cmake'
[0.615s] Level 1:colcon.colcon_core.package_identification:_identify(Implementation without ros) by extension 'python'
[0.615s] Level 1:colcon.colcon_core.package_identification:_identify(Implementation without ros) by extensions ['python_setup_py']
[0.615s] Level 1:colcon.colcon_core.package_identification:_identify(Implementation without ros) by extension 'python_setup_py'
[0.616s] Level 1:colcon.colcon_core.package_identification:_identify(__pycache__) by extensions ['ignore', 'ignore_ament_install']
[0.616s] Level 1:colcon.colcon_core.package_identification:_identify(__pycache__) by extension 'ignore'
[0.616s] Level 1:colcon.colcon_core.package_identification:_identify(__pycache__) by extension 'ignore_ament_install'
[0.616s] Level 1:colcon.colcon_core.package_identification:_identify(__pycache__) by extensions ['colcon_pkg']
[0.616s] Level 1:colcon.colcon_core.package_identification:_identify(__pycache__) by extension 'colcon_pkg'
[0.616s] Level 1:colcon.colcon_core.package_identification:_identify(__pycache__) by extensions ['colcon_meta']
[0.616s] Level 1:colcon.colcon_core.package_identification:_identify(__pycache__) by extension 'colcon_meta'
[0.616s] Level 1:colcon.colcon_core.package_identification:_identify(__pycache__) by extensions ['ros']
[0.616s] Level 1:colcon.colcon_core.package_identification:_identify(__pycache__) by extension 'ros'
[0.616s] Level 1:colcon.colcon_core.package_identification:_identify(__pycache__) by extensions ['cmake', 'python']
[0.617s] Level 1:colcon.colcon_core.package_identification:_identify(__pycache__) by extension 'cmake'
[0.617s] Level 1:colcon.colcon_core.package_identification:_identify(__pycache__) by extension 'python'
[0.617s] Level 1:colcon.colcon_core.package_identification:_identify(__pycache__) by extensions ['python_setup_py']
[0.617s] Level 1:colcon.colcon_core.package_identification:_identify(__pycache__) by extension 'python_setup_py'
[0.617s] Level 1:colcon.colcon_core.package_identification:_identify(build) by extensions ['ignore', 'ignore_ament_install']
[0.617s] Level 1:colcon.colcon_core.package_identification:_identify(build) by extension 'ignore'
[0.617s] Level 1:colcon.colcon_core.package_identification:_identify(build) ignored
[0.617s] Level 1:colcon.colcon_core.package_identification:_identify(computer_ros_vision) by extensions ['ignore', 'ignore_ament_install']
[0.618s] Level 1:colcon.colcon_core.package_identification:_identify(computer_ros_vision) by extension 'ignore'
[0.618s] Level 1:colcon.colcon_core.package_identification:_identify(computer_ros_vision) by extension 'ignore_ament_install'
[0.618s] Level 1:colcon.colcon_core.package_identification:_identify(computer_ros_vision) by extensions ['colcon_pkg']
[0.618s] Level 1:colcon.colcon_core.package_identification:_identify(computer_ros_vision) by extension 'colcon_pkg'
[0.618s] Level 1:colcon.colcon_core.package_identification:_identify(computer_ros_vision) by extensions ['colcon_meta']
[0.618s] Level 1:colcon.colcon_core.package_identification:_identify(computer_ros_vision) by extension 'colcon_meta'
[0.618s] Level 1:colcon.colcon_core.package_identification:_identify(computer_ros_vision) by extensions ['ros']
[0.618s] Level 1:colcon.colcon_core.package_identification:_identify(computer_ros_vision) by extension 'ros'
[0.624s] DEBUG:colcon.colcon_core.package_identification:Package 'computer_ros_vision' with type 'ros.ament_python' and name 'computer_ros_vision'
[0.624s] Level 1:colcon.colcon_core.package_identification:_identify(custom_interfaces) by extensions ['ignore', 'ignore_ament_install']
[0.624s] Level 1:colcon.colcon_core.package_identification:_identify(custom_interfaces) by extension 'ignore'
[0.624s] Level 1:colcon.colcon_core.package_identification:_identify(custom_interfaces) by extension 'ignore_ament_install'
[0.625s] Level 1:colcon.colcon_core.package_identification:_identify(custom_interfaces) by extensions ['colcon_pkg']
[0.625s] Level 1:colcon.colcon_core.package_identification:_identify(custom_interfaces) by extension 'colcon_pkg'
[0.625s] Level 1:colcon.colcon_core.package_identification:_identify(custom_interfaces) by extensions ['colcon_meta']
[0.625s] Level 1:colcon.colcon_core.package_identification:_identify(custom_interfaces) by extension 'colcon_meta'
[0.625s] Level 1:colcon.colcon_core.package_identification:_identify(custom_interfaces) by extensions ['ros']
[0.625s] Level 1:colcon.colcon_core.package_identification:_identify(custom_interfaces) by extension 'ros'
[0.626s] DEBUG:colcon.colcon_core.package_identification:Package 'custom_interfaces' with type 'ros.ament_cmake' and name 'custom_interfaces'
[0.627s] Level 1:colcon.colcon_core.package_identification:_identify(install) by extensions ['ignore', 'ignore_ament_install']
[0.627s] Level 1:colcon.colcon_core.package_identification:_identify(install) by extension 'ignore'
[0.627s] Level 1:colcon.colcon_core.package_identification:_identify(install) ignored
[0.627s] Level 1:colcon.colcon_core.package_identification:_identify(log) by extensions ['ignore', 'ignore_ament_install']
[0.627s] Level 1:colcon.colcon_core.package_identification:_identify(log) by extension 'ignore'
[0.627s] Level 1:colcon.colcon_core.package_identification:_identify(log) ignored
[0.627s] Level 1:colcon.colcon_core.package_discovery:discover_packages(recursive) using defaults
[0.628s] Level 1:colcon.colcon_core.package_discovery:discover_packages(ignore) discover
[0.628s] Level 1:colcon.colcon_core.package_discovery:discover_packages(ignore) using defaults
[0.628s] Level 1:colcon.colcon_core.package_discovery:discover_packages(path) discover
[0.628s] Level 1:colcon.colcon_core.package_discovery:discover_packages(path) using defaults
[0.697s] Level 1:colcon.colcon_core.package_discovery:discover_packages(prefix_path) check parameters
[0.697s] Level 1:colcon.colcon_core.package_discovery:discover_packages(prefix_path) discover
[0.702s] DEBUG:colcon.colcon_installed_package_information.package_discovery:Found 281 installed packages in /opt/ros/humble
[0.705s] Level 1:colcon.colcon_core.package_discovery:discover_packages(prefix_path) using defaults
[0.782s] Level 5:colcon.colcon_core.verb:set package 'computer_ros_vision' build argument 'cmake_args' from command line to 'None'
[0.783s] Level 5:colcon.colcon_core.verb:set package 'computer_ros_vision' build argument 'cmake_target' from command line to 'None'
[0.783s] Level 5:colcon.colcon_core.verb:set package 'computer_ros_vision' build argument 'cmake_target_skip_unavailable' from command line to 'False'
[0.783s] Level 5:colcon.colcon_core.verb:set package 'computer_ros_vision' build argument 'cmake_clean_cache' from command line to 'False'
[0.783s] Level 5:colcon.colcon_core.verb:set package 'computer_ros_vision' build argument 'cmake_clean_first' from command line to 'False'
[0.783s] Level 5:colcon.colcon_core.verb:set package 'computer_ros_vision' build argument 'cmake_force_configure' from command line to 'False'
[0.783s] Level 5:colcon.colcon_core.verb:set package 'computer_ros_vision' build argument 'ament_cmake_args' from command line to 'None'
[0.783s] Level 5:colcon.colcon_core.verb:set package 'computer_ros_vision' build argument 'catkin_cmake_args' from command line to 'None'
[0.783s] Level 5:colcon.colcon_core.verb:set package 'computer_ros_vision' build argument 'catkin_skip_building_tests' from command line to 'False'
[0.783s] DEBUG:colcon.colcon_core.verb:Building package 'computer_ros_vision' with the following arguments: {'ament_cmake_args': None, 'build_base': '/home/quantum_main/computer_vision/build/computer_ros_vision', 'catkin_cmake_args': None, 'catkin_skip_building_tests': False, 'cmake_args': None, 'cmake_clean_cache': False, 'cmake_clean_first': False, 'cmake_force_configure': False, 'cmake_target': None, 'cmake_target_skip_unavailable': False, 'install_base': '/home/quantum_main/computer_vision/install/computer_ros_vision', 'merge_install': False, 'path': '/home/quantum_main/computer_vision/computer_ros_vision', 'symlink_install': False, 'test_result_base': None}
[0.784s] Level 5:colcon.colcon_core.verb:set package 'custom_interfaces' build argument 'cmake_args' from command line to 'None'
[0.784s] Level 5:colcon.colcon_core.verb:set package 'custom_interfaces' build argument 'cmake_target' from command line to 'None'
[0.784s] Level 5:colcon.colcon_core.verb:set package 'custom_interfaces' build argument 'cmake_target_skip_unavailable' from command line to 'False'
[0.784s] Level 5:colcon.colcon_core.verb:set package 'custom_interfaces' build argument 'cmake_clean_cache' from command line to 'False'
[0.784s] Level 5:colcon.colcon_core.verb:set package 'custom_interfaces' build argument 'cmake_clean_first' from command line to 'False'
[0.784s] Level 5:colcon.colcon_core.verb:set package 'custom_interfaces' build argument 'cmake_force_configure' from command line to 'False'
[0.784s] Level 5:colcon.colcon_core.verb:set package 'custom_interfaces' build argument 'ament_cmake_args' from command line to 'None'
[0.784s] Level 5:colcon.colcon_core.verb:set package 'custom_interfaces' build argument 'catkin_cmake_args' from command line to 'None'
[0.784s] Level 5:colcon.colcon_core.verb:set package 'custom_interfaces' build argument 'catkin_skip_building_tests' from command line to 'False'
[0.784s] DEBUG:colcon.colcon_core.verb:Building package 'custom_interfaces' with the following arguments: {'ament_cmake_args': None, 'build_base': '/home/quantum_main/computer_vision/build/custom_interfaces', 'catkin_cmake_args': None, 'catkin_skip_building_tests': False, 'cmake_args': None, 'cmake_clean_cache': False, 'cmake_clean_first': False, 'cmake_force_configure': False, 'cmake_target': None, 'cmake_target_skip_unavailable': False, 'install_base': '/home/quantum_main/computer_vision/install/custom_interfaces', 'merge_install': False, 'path': '/home/quantum_main/computer_vision/custom_interfaces', 'symlink_install': False, 'test_result_base': None}
[0.785s] INFO:colcon.colcon_core.executor:Executing jobs using 'parallel' executor
[0.787s] DEBUG:colcon.colcon_parallel_executor.executor.parallel:run_until_complete
[0.787s] INFO:colcon.colcon_ros.task.ament_python.build:Building ROS package in '/home/quantum_main/computer_vision/computer_ros_vision' with build type 'ament_python'
[0.788s] Level 1:colcon.colcon_core.shell:create_environment_hook('computer_ros_vision', 'ament_prefix_path')
[0.792s] INFO:colcon.colcon_core.plugin_system:Skipping extension 'colcon_core.shell.bat': Not used on non-Windows systems
[0.793s] INFO:colcon.colcon_core.shell:Creating environment hook '/home/quantum_main/computer_vision/install/computer_ros_vision/share/computer_ros_vision/hook/ament_prefix_path.ps1'
[0.794s] INFO:colcon.colcon_core.shell:Creating environment descriptor '/home/quantum_main/computer_vision/install/computer_ros_vision/share/computer_ros_vision/hook/ament_prefix_path.dsv'
[0.795s] INFO:colcon.colcon_core.shell:Creating environment hook '/home/quantum_main/computer_vision/install/computer_ros_vision/share/computer_ros_vision/hook/ament_prefix_path.sh'
[0.797s] INFO:colcon.colcon_core.shell:Skip shell extension 'powershell' for command environment: Not usable outside of PowerShell
[0.797s] DEBUG:colcon.colcon_core.shell:Skip shell extension 'dsv' for command environment
[0.802s] INFO:colcon.colcon_ros.task.ament_cmake.build:Building ROS package in '/home/quantum_main/computer_vision/custom_interfaces' with build type 'ament_cmake'
[0.803s] INFO:colcon.colcon_cmake.task.cmake.build:Building CMake package in '/home/quantum_main/computer_vision/custom_interfaces'
[0.803s] INFO:colcon.colcon_core.shell:Skip shell extension 'powershell' for command environment: Not usable outside of PowerShell
[0.803s] DEBUG:colcon.colcon_core.shell:Skip shell extension 'dsv' for command environment
[1.381s] INFO:colcon.colcon_core.task.python.build:Building Python package in '/home/quantum_main/computer_vision/computer_ros_vision'
[1.381s] INFO:colcon.colcon_core.shell:Skip shell extension 'powershell' for command environment: Not usable outside of PowerShell
[1.382s] DEBUG:colcon.colcon_core.shell:Skip shell extension 'dsv' for command environment
[1.397s] DEBUG:colcon.colcon_core.event_handler.log_command:Invoking command in '/home/quantum_main/computer_vision/build/custom_interfaces': CMAKE_PREFIX_PATH=/opt/ros/humble /usr/bin/cmake --build /home/quantum_main/computer_vision/build/custom_interfaces -- -j6 -l6
[2.183s] DEBUG:colcon.colcon_core.event_handler.log_command:Invoked command in '/home/quantum_main/computer_vision/build/custom_interfaces' returned '2': CMAKE_PREFIX_PATH=/opt/ros/humble /usr/bin/cmake --build /home/quantum_main/computer_vision/build/custom_interfaces -- -j6 -l6
[2.335s] DEBUG:colcon.colcon_core.event_handler.log_command:Invoking command in '/home/quantum_main/computer_vision/computer_ros_vision': PYTHONPATH=/home/quantum_main/computer_vision/build/computer_ros_vision/prefix_override:/usr/lib/python3/dist-packages/colcon_core/task/python/colcon_distutils_commands:/home/quantum_main/computer_vision/install/computer_ros_vision/lib/python3.10/site-packages:${PYTHONPATH} /usr/bin/python3 -W ignore:setup.py install is deprecated setup.py egg_info --egg-base ../build/computer_ros_vision build --build-base /home/quantum_main/computer_vision/build/computer_ros_vision/build install --record /home/quantum_main/computer_vision/build/computer_ros_vision/install.log --single-version-externally-managed install_data
[2.402s] Level 1:colcon.colcon_core.environment:create_environment_scripts_only(custom_interfaces)
[2.411s] Level 1:colcon.colcon_core.environment:checking '/home/quantum_main/computer_vision/install/custom_interfaces' for CMake module files
[2.413s] Level 1:colcon.colcon_core.environment:checking '/home/quantum_main/computer_vision/install/custom_interfaces' for CMake config files
[2.415s] Level 1:colcon.colcon_core.shell:create_environment_hook('custom_interfaces', 'cmake_prefix_path')
[2.415s] INFO:colcon.colcon_core.shell:Creating environment hook '/home/quantum_main/computer_vision/install/custom_interfaces/share/custom_interfaces/hook/cmake_prefix_path.ps1'
[2.417s] INFO:colcon.colcon_core.shell:Creating environment descriptor '/home/quantum_main/computer_vision/install/custom_interfaces/share/custom_interfaces/hook/cmake_prefix_path.dsv'
[2.419s] INFO:colcon.colcon_core.shell:Creating environment hook '/home/quantum_main/computer_vision/install/custom_interfaces/share/custom_interfaces/hook/cmake_prefix_path.sh'
[2.421s] Level 1:colcon.colcon_core.environment:checking '/home/quantum_main/computer_vision/install/custom_interfaces/lib'
[2.422s] Level 1:colcon.colcon_core.shell:create_environment_hook('custom_interfaces', 'ld_library_path_lib')
[2.423s] INFO:colcon.colcon_core.shell:Creating environment hook '/home/quantum_main/computer_vision/install/custom_interfaces/share/custom_interfaces/hook/ld_library_path_lib.ps1'
[2.424s] INFO:colcon.colcon_core.shell:Creating environment descriptor '/home/quantum_main/computer_vision/install/custom_interfaces/share/custom_interfaces/hook/ld_library_path_lib.dsv'
[2.426s] INFO:colcon.colcon_core.shell:Creating environment hook '/home/quantum_main/computer_vision/install/custom_interfaces/share/custom_interfaces/hook/ld_library_path_lib.sh'
[2.427s] Level 1:colcon.colcon_core.environment:checking '/home/quantum_main/computer_vision/install/custom_interfaces/bin'
[2.427s] Level 1:colcon.colcon_core.environment:checking '/home/quantum_main/computer_vision/install/custom_interfaces/lib/pkgconfig/custom_interfaces.pc'
[2.428s] Level 1:colcon.colcon_core.environment:checking '/home/quantum_main/computer_vision/install/custom_interfaces/lib/python3.10/site-packages'
[2.429s] Level 1:colcon.colcon_core.environment:checking '/home/quantum_main/computer_vision/install/custom_interfaces/bin'
[2.430s] INFO:colcon.colcon_core.shell:Creating package script '/home/quantum_main/computer_vision/install/custom_interfaces/share/custom_interfaces/package.ps1'
[2.433s] INFO:colcon.colcon_core.shell:Creating package descriptor '/home/quantum_main/computer_vision/install/custom_interfaces/share/custom_interfaces/package.dsv'
[2.436s] INFO:colcon.colcon_core.shell:Creating package script '/home/quantum_main/computer_vision/install/custom_interfaces/share/custom_interfaces/package.sh'
[2.439s] INFO:colcon.colcon_core.shell:Creating package script '/home/quantum_main/computer_vision/install/custom_interfaces/share/custom_interfaces/package.bash'
[2.441s] INFO:colcon.colcon_core.shell:Creating package script '/home/quantum_main/computer_vision/install/custom_interfaces/share/custom_interfaces/package.zsh'
[2.444s] Level 1:colcon.colcon_core.environment:create_file_with_runtime_dependencies(/home/quantum_main/computer_vision/install/custom_interfaces/share/colcon-core/packages/custom_interfaces)
[2.987s] DEBUG:colcon.colcon_parallel_executor.executor.parallel:closing loop
[2.988s] DEBUG:colcon.colcon_parallel_executor.executor.parallel:loop closed
[2.988s] DEBUG:colcon.colcon_parallel_executor.executor.parallel:run_until_complete finished with '2'
[2.988s] DEBUG:colcon.colcon_core.event_reactor:joining thread
[3.006s] INFO:colcon.colcon_core.plugin_system:Skipping extension 'colcon_notification.desktop_notification.terminal_notifier': Not used on non-Darwin systems
[3.007s] INFO:colcon.colcon_core.plugin_system:Skipping extension 'colcon_notification.desktop_notification.win32': Not used on non-Windows systems
[3.007s] INFO:colcon.colcon_notification.desktop_notification:Sending desktop notification using 'notify2'
[3.046s] DEBUG:colcon.colcon_core.event_reactor:joined thread
[3.048s] INFO:colcon.colcon_core.shell:Creating prefix script '/home/quantum_main/computer_vision/install/local_setup.ps1'
[3.052s] INFO:colcon.colcon_core.shell:Creating prefix util module '/home/quantum_main/computer_vision/install/_local_setup_util_ps1.py'
[3.057s] INFO:colcon.colcon_core.shell:Creating prefix chain script '/home/quantum_main/computer_vision/install/setup.ps1'
[3.060s] INFO:colcon.colcon_core.shell:Creating prefix script '/home/quantum_main/computer_vision/install/local_setup.sh'
[3.062s] INFO:colcon.colcon_core.shell:Creating prefix util module '/home/quantum_main/computer_vision/install/_local_setup_util_sh.py'
[3.064s] INFO:colcon.colcon_core.shell:Creating prefix chain script '/home/quantum_main/computer_vision/install/setup.sh'
[3.068s] INFO:colcon.colcon_core.shell:Creating prefix script '/home/quantum_main/computer_vision/install/local_setup.bash'
[3.070s] INFO:colcon.colcon_core.shell:Creating prefix chain script '/home/quantum_main/computer_vision/install/setup.bash'
[3.073s] INFO:colcon.colcon_core.shell:Creating prefix script '/home/quantum_main/computer_vision/install/local_setup.zsh'
[3.074s] INFO:colcon.colcon_core.shell:Creating prefix chain script '/home/quantum_main/computer_vision/install/setup.zsh'
