[1.398s] Invoking command in '/home/quantum_main/computer_vision/cv_ros/src/computer_ros_vision': PYTHONPATH=/home/quantum_main/computer_vision/cv_ros/build/computer_ros_vision/prefix_override:/usr/lib/python3/dist-packages/colcon_core/task/python/colcon_distutils_commands:/home/quantum_main/computer_vision/cv_ros/install/computer_ros_vision/lib/python3.10/site-packages:${PYTHONPATH} /usr/bin/python3 -W ignore:setup.py install is deprecated setup.py egg_info --egg-base ../../build/computer_ros_vision build --build-base /home/quantum_main/computer_vision/cv_ros/build/computer_ros_vision/build install --record /home/quantum_main/computer_vision/cv_ros/build/computer_ros_vision/install.log --single-version-externally-managed install_data
[1.905s] running egg_info
[1.907s] writing ../../build/computer_ros_vision/computer_ros_vision.egg-info/PKG-INFO
[1.907s] writing dependency_links to ../../build/computer_ros_vision/computer_ros_vision.egg-info/dependency_links.txt
[1.908s] writing entry points to ../../build/computer_ros_vision/computer_ros_vision.egg-info/entry_points.txt
[1.908s] writing requirements to ../../build/computer_ros_vision/computer_ros_vision.egg-info/requires.txt
[1.908s] writing top-level names to ../../build/computer_ros_vision/computer_ros_vision.egg-info/top_level.txt
[1.912s] reading manifest file '../../build/computer_ros_vision/computer_ros_vision.egg-info/SOURCES.txt'
[1.913s] writing manifest file '../../build/computer_ros_vision/computer_ros_vision.egg-info/SOURCES.txt'
[1.914s] running build
[1.914s] running build_py
[1.915s] running install
[1.916s] running install_lib
[1.918s] running install_data
[1.918s] running install_egg_info
[1.925s] removing '/home/quantum_main/computer_vision/cv_ros/install/computer_ros_vision/lib/python3.10/site-packages/computer_ros_vision-0.0.0-py3.10.egg-info' (and everything under it)
[1.925s] Copying ../../build/computer_ros_vision/computer_ros_vision.egg-info to /home/quantum_main/computer_vision/cv_ros/install/computer_ros_vision/lib/python3.10/site-packages/computer_ros_vision-0.0.0-py3.10.egg-info
[1.927s] running install_scripts
[1.969s] Installing server script to /home/quantum_main/computer_vision/cv_ros/install/computer_ros_vision/lib/computer_ros_vision
[1.970s] writing list of installed files to '/home/quantum_main/computer_vision/cv_ros/build/computer_ros_vision/install.log'
[2.037s] Invoked command in '/home/quantum_main/computer_vision/cv_ros/src/computer_ros_vision' returned '0': PYTHONPATH=/home/quantum_main/computer_vision/cv_ros/build/computer_ros_vision/prefix_override:/usr/lib/python3/dist-packages/colcon_core/task/python/colcon_distutils_commands:/home/quantum_main/computer_vision/cv_ros/install/computer_ros_vision/lib/python3.10/site-packages:${PYTHONPATH} /usr/bin/python3 -W ignore:setup.py install is deprecated setup.py egg_info --egg-base ../../build/computer_ros_vision build --build-base /home/quantum_main/computer_vision/cv_ros/build/computer_ros_vision/build install --record /home/quantum_main/computer_vision/cv_ros/build/computer_ros_vision/install.log --single-version-externally-managed install_data
