running egg_info
writing ../build/computer_ros_vision/computer_ros_vision.egg-info/PKG-INFO
writing dependency_links to ../build/computer_ros_vision/computer_ros_vision.egg-info/dependency_links.txt
writing entry points to ../build/computer_ros_vision/computer_ros_vision.egg-info/entry_points.txt
writing requirements to ../build/computer_ros_vision/computer_ros_vision.egg-info/requires.txt
writing top-level names to ../build/computer_ros_vision/computer_ros_vision.egg-info/top_level.txt
reading manifest file '../build/computer_ros_vision/computer_ros_vision.egg-info/SOURCES.txt'
writing manifest file '../build/computer_ros_vision/computer_ros_vision.egg-info/SOURCES.txt'
running build
running build_py
copying computer_ros_vision/zed_node.py -> /home/quantum_main/computer_vision/build/computer_ros_vision/build/lib/computer_ros_vision
copying computer_ros_vision/detect_with_ros.py -> /home/quantum_main/computer_vision/build/computer_ros_vision/build/lib/computer_ros_vision
copying computer_ros_vision/server3_zed.py -> /home/quantum_main/computer_vision/build/computer_ros_vision/build/lib/computer_ros_vision
copying computer_ros_vision/server3.py -> /home/quantum_main/computer_vision/build/computer_ros_vision/build/lib/computer_ros_vision
running install
running install_lib
copying /home/quantum_main/computer_vision/build/computer_ros_vision/build/lib/computer_ros_vision/zed_node.py -> /home/quantum_main/computer_vision/install/computer_ros_vision/lib/python3.10/site-packages/computer_ros_vision
copying /home/quantum_main/computer_vision/build/computer_ros_vision/build/lib/computer_ros_vision/detect_with_ros.py -> /home/quantum_main/computer_vision/install/computer_ros_vision/lib/python3.10/site-packages/computer_ros_vision
copying /home/quantum_main/computer_vision/build/computer_ros_vision/build/lib/computer_ros_vision/server3_zed.py -> /home/quantum_main/computer_vision/install/computer_ros_vision/lib/python3.10/site-packages/computer_ros_vision
copying /home/quantum_main/computer_vision/build/computer_ros_vision/build/lib/computer_ros_vision/server3.py -> /home/quantum_main/computer_vision/install/computer_ros_vision/lib/python3.10/site-packages/computer_ros_vision
byte-compiling /home/quantum_main/computer_vision/install/computer_ros_vision/lib/python3.10/site-packages/computer_ros_vision/zed_node.py to zed_node.cpython-310.pyc
byte-compiling /home/quantum_main/computer_vision/install/computer_ros_vision/lib/python3.10/site-packages/computer_ros_vision/detect_with_ros.py to detect_with_ros.cpython-310.pyc
byte-compiling /home/quantum_main/computer_vision/install/computer_ros_vision/lib/python3.10/site-packages/computer_ros_vision/server3_zed.py to server3_zed.cpython-310.pyc
byte-compiling /home/quantum_main/computer_vision/install/computer_ros_vision/lib/python3.10/site-packages/computer_ros_vision/server3.py to server3.cpython-310.pyc
running install_data
running install_egg_info
removing '/home/quantum_main/computer_vision/install/computer_ros_vision/lib/python3.10/site-packages/computer_ros_vision-0.0.0-py3.10.egg-info' (and everything under it)
Copying ../build/computer_ros_vision/computer_ros_vision.egg-info to /home/quantum_main/computer_vision/install/computer_ros_vision/lib/python3.10/site-packages/computer_ros_vision-0.0.0-py3.10.egg-info
running install_scripts
Installing server script to /home/quantum_main/computer_vision/install/computer_ros_vision/lib/computer_ros_vision
writing list of installed files to '/home/quantum_main/computer_vision/build/computer_ros_vision/install.log'
