[1.554s] Invoking command in '/home/quantum_main/computer_vision/computer_ros_vision': PYTHONPATH=/home/quantum_main/computer_vision/build/computer_ros_vision/prefix_override:/usr/lib/python3/dist-packages/colcon_core/task/python/colcon_distutils_commands:/home/quantum_main/computer_vision/install/computer_ros_vision/lib/python3.10/site-packages:${PYTHONPATH} /usr/bin/python3 -W ignore:setup.py install is deprecated setup.py egg_info --egg-base ../build/computer_ros_vision build --build-base /home/quantum_main/computer_vision/build/computer_ros_vision/build install --record /home/quantum_main/computer_vision/build/computer_ros_vision/install.log --single-version-externally-managed install_data
[2.071s] running egg_info
[2.072s] writing ../build/computer_ros_vision/computer_ros_vision.egg-info/PKG-INFO
[2.073s] writing dependency_links to ../build/computer_ros_vision/computer_ros_vision.egg-info/dependency_links.txt
[2.073s] writing entry points to ../build/computer_ros_vision/computer_ros_vision.egg-info/entry_points.txt
[2.073s] writing requirements to ../build/computer_ros_vision/computer_ros_vision.egg-info/requires.txt
[2.074s] writing top-level names to ../build/computer_ros_vision/computer_ros_vision.egg-info/top_level.txt
[2.078s] reading manifest file '../build/computer_ros_vision/computer_ros_vision.egg-info/SOURCES.txt'
[2.079s] writing manifest file '../build/computer_ros_vision/computer_ros_vision.egg-info/SOURCES.txt'
[2.080s] running build
[2.080s] running build_py
[2.080s] copying computer_ros_vision/zed_node.py -> /home/quantum_main/computer_vision/build/computer_ros_vision/build/lib/computer_ros_vision
[2.080s] copying computer_ros_vision/detect_with_ros.py -> /home/quantum_main/computer_vision/build/computer_ros_vision/build/lib/computer_ros_vision
[2.081s] copying computer_ros_vision/server3_zed.py -> /home/quantum_main/computer_vision/build/computer_ros_vision/build/lib/computer_ros_vision
[2.081s] copying computer_ros_vision/server3.py -> /home/quantum_main/computer_vision/build/computer_ros_vision/build/lib/computer_ros_vision
[2.082s] running install
[2.083s] running install_lib
[2.084s] copying /home/quantum_main/computer_vision/build/computer_ros_vision/build/lib/computer_ros_vision/zed_node.py -> /home/quantum_main/computer_vision/install/computer_ros_vision/lib/python3.10/site-packages/computer_ros_vision
[2.085s] copying /home/quantum_main/computer_vision/build/computer_ros_vision/build/lib/computer_ros_vision/detect_with_ros.py -> /home/quantum_main/computer_vision/install/computer_ros_vision/lib/python3.10/site-packages/computer_ros_vision
[2.085s] copying /home/quantum_main/computer_vision/build/computer_ros_vision/build/lib/computer_ros_vision/server3_zed.py -> /home/quantum_main/computer_vision/install/computer_ros_vision/lib/python3.10/site-packages/computer_ros_vision
[2.086s] copying /home/quantum_main/computer_vision/build/computer_ros_vision/build/lib/computer_ros_vision/server3.py -> /home/quantum_main/computer_vision/install/computer_ros_vision/lib/python3.10/site-packages/computer_ros_vision
[2.087s] byte-compiling /home/quantum_main/computer_vision/install/computer_ros_vision/lib/python3.10/site-packages/computer_ros_vision/zed_node.py to zed_node.cpython-310.pyc
[2.090s] byte-compiling /home/quantum_main/computer_vision/install/computer_ros_vision/lib/python3.10/site-packages/computer_ros_vision/detect_with_ros.py to detect_with_ros.cpython-310.pyc
[2.091s] byte-compiling /home/quantum_main/computer_vision/install/computer_ros_vision/lib/python3.10/site-packages/computer_ros_vision/server3_zed.py to server3_zed.cpython-310.pyc
[2.094s] byte-compiling /home/quantum_main/computer_vision/install/computer_ros_vision/lib/python3.10/site-packages/computer_ros_vision/server3.py to server3.cpython-310.pyc
[2.095s] running install_data
[2.095s] running install_egg_info
[2.102s] removing '/home/quantum_main/computer_vision/install/computer_ros_vision/lib/python3.10/site-packages/computer_ros_vision-0.0.0-py3.10.egg-info' (and everything under it)
[2.102s] Copying ../build/computer_ros_vision/computer_ros_vision.egg-info to /home/quantum_main/computer_vision/install/computer_ros_vision/lib/python3.10/site-packages/computer_ros_vision-0.0.0-py3.10.egg-info
[2.104s] running install_scripts
[2.148s] Installing server script to /home/quantum_main/computer_vision/install/computer_ros_vision/lib/computer_ros_vision
[2.149s] writing list of installed files to '/home/quantum_main/computer_vision/build/computer_ros_vision/install.log'
[2.224s] Invoked command in '/home/quantum_main/computer_vision/computer_ros_vision' returned '0': PYTHONPATH=/home/quantum_main/computer_vision/build/computer_ros_vision/prefix_override:/usr/lib/python3/dist-packages/colcon_core/task/python/colcon_distutils_commands:/home/quantum_main/computer_vision/install/computer_ros_vision/lib/python3.10/site-packages:${PYTHONPATH} /usr/bin/python3 -W ignore:setup.py install is deprecated setup.py egg_info --egg-base ../build/computer_ros_vision build --build-base /home/quantum_main/computer_vision/build/computer_ros_vision/build install --record /home/quantum_main/computer_vision/build/computer_ros_vision/install.log --single-version-externally-managed install_data
