[0.226s] DEBUG:colcon:Command line arguments: ['/usr/bin/colcon', 'build']
[0.226s] DEBUG:colcon:Parsed command line arguments: Namespace(log_base=None, log_level=None, verb_name='build', build_base='build', install_base='install', merge_install=False, symlink_install=False, test_result_base=None, continue_on_error=False, executor='parallel', parallel_workers=6, event_handlers=None, ignore_user_meta=False, metas=['./colcon.meta'], base_paths=['.'], packages_ignore=None, packages_ignore_regex=None, paths=None, packages_up_to=None, packages_up_to_regex=None, packages_above=None, packages_above_and_dependencies=None, packages_above_depth=None, packages_select_by_dep=None, packages_skip_by_dep=None, packages_skip_up_to=None, packages_select_build_failed=False, packages_skip_build_finished=False, packages_select_test_failures=False, packages_skip_test_passed=False, packages_select=None, packages_skip=None, packages_select_regex=None, packages_skip_regex=None, packages_start=None, packages_end=None, allow_overriding=[], cmake_args=None, cmake_target=None, cmake_target_skip_unavailable=False, cmake_clean_cache=False, cmake_clean_first=False, cmake_force_configure=False, ament_cmake_args=None, catkin_cmake_args=None, catkin_skip_building_tests=False, mixin_files=None, mixin=None, verb_parser=<colcon_mixin.mixin.mixin_argument.MixinArgumentDecorator object at 0xffffbc4daaa0>, verb_extension=<colcon_core.verb.build.BuildVerb object at 0xffffbc4da470>, main=<bound method BuildVerb.main of <colcon_core.verb.build.BuildVerb object at 0xffffbc4da470>>, mixin_verb=('build',))
[0.585s] Level 1:colcon.colcon_core.package_discovery:discover_packages(colcon_meta) check parameters
[0.585s] Level 1:colcon.colcon_core.package_discovery:discover_packages(recursive) check parameters
[0.585s] Level 1:colcon.colcon_core.package_discovery:discover_packages(ignore) check parameters
[0.585s] Level 1:colcon.colcon_core.package_discovery:discover_packages(path) check parameters
[0.585s] Level 1:colcon.colcon_core.package_discovery:discover_packages(colcon_meta) discover
[0.585s] Level 1:colcon.colcon_core.package_discovery:discover_packages(recursive) discover
[0.585s] INFO:colcon.colcon_core.package_discovery:Crawling recursively for packages in '/home/quantum_main/computer_vision/cv_ros'
[0.586s] Level 1:colcon.colcon_core.package_identification:_identify(.) by extensions ['ignore', 'ignore_ament_install']
[0.586s] Level 1:colcon.colcon_core.package_identification:_identify(.) by extension 'ignore'
[0.586s] Level 1:colcon.colcon_core.package_identification:_identify(.) by extension 'ignore_ament_install'
[0.586s] Level 1:colcon.colcon_core.package_identification:_identify(.) by extensions ['colcon_pkg']
[0.586s] Level 1:colcon.colcon_core.package_identification:_identify(.) by extension 'colcon_pkg'
[0.586s] Level 1:colcon.colcon_core.package_identification:_identify(.) by extensions ['colcon_meta']
[0.586s] Level 1:colcon.colcon_core.package_identification:_identify(.) by extension 'colcon_meta'
[0.587s] Level 1:colcon.colcon_core.package_identification:_identify(.) by extensions ['ros']
[0.587s] Level 1:colcon.colcon_core.package_identification:_identify(.) by extension 'ros'
[0.609s] Level 1:colcon.colcon_core.package_identification:_identify(.) by extensions ['cmake', 'python']
[0.609s] Level 1:colcon.colcon_core.package_identification:_identify(.) by extension 'cmake'
[0.609s] Level 1:colcon.colcon_core.package_identification:_identify(.) by extension 'python'
[0.609s] Level 1:colcon.colcon_core.package_identification:_identify(.) by extensions ['python_setup_py']
[0.609s] Level 1:colcon.colcon_core.package_identification:_identify(.) by extension 'python_setup_py'
[0.610s] Level 1:colcon.colcon_core.package_identification:_identify(build) by extensions ['ignore', 'ignore_ament_install']
[0.610s] Level 1:colcon.colcon_core.package_identification:_identify(build) by extension 'ignore'
[0.610s] Level 1:colcon.colcon_core.package_identification:_identify(build) ignored
[0.610s] Level 1:colcon.colcon_core.package_identification:_identify(install) by extensions ['ignore', 'ignore_ament_install']
[0.610s] Level 1:colcon.colcon_core.package_identification:_identify(install) by extension 'ignore'
[0.610s] Level 1:colcon.colcon_core.package_identification:_identify(install) ignored
[0.611s] Level 1:colcon.colcon_core.package_identification:_identify(log) by extensions ['ignore', 'ignore_ament_install']
[0.611s] Level 1:colcon.colcon_core.package_identification:_identify(log) by extension 'ignore'
[0.611s] Level 1:colcon.colcon_core.package_identification:_identify(log) ignored
[0.611s] Level 1:colcon.colcon_core.package_identification:_identify(src) by extensions ['ignore', 'ignore_ament_install']
[0.611s] Level 1:colcon.colcon_core.package_identification:_identify(src) by extension 'ignore'
[0.611s] Level 1:colcon.colcon_core.package_identification:_identify(src) by extension 'ignore_ament_install'
[0.611s] Level 1:colcon.colcon_core.package_identification:_identify(src) by extensions ['colcon_pkg']
[0.612s] Level 1:colcon.colcon_core.package_identification:_identify(src) by extension 'colcon_pkg'
[0.612s] Level 1:colcon.colcon_core.package_identification:_identify(src) by extensions ['colcon_meta']
[0.612s] Level 1:colcon.colcon_core.package_identification:_identify(src) by extension 'colcon_meta'
[0.612s] Level 1:colcon.colcon_core.package_identification:_identify(src) by extensions ['ros']
[0.612s] Level 1:colcon.colcon_core.package_identification:_identify(src) by extension 'ros'
[0.612s] Level 1:colcon.colcon_core.package_identification:_identify(src) by extensions ['cmake', 'python']
[0.612s] Level 1:colcon.colcon_core.package_identification:_identify(src) by extension 'cmake'
[0.612s] Level 1:colcon.colcon_core.package_identification:_identify(src) by extension 'python'
[0.612s] Level 1:colcon.colcon_core.package_identification:_identify(src) by extensions ['python_setup_py']
[0.612s] Level 1:colcon.colcon_core.package_identification:_identify(src) by extension 'python_setup_py'
[0.613s] Level 1:colcon.colcon_core.package_identification:_identify(src/computer_ros_vision) by extensions ['ignore', 'ignore_ament_install']
[0.613s] Level 1:colcon.colcon_core.package_identification:_identify(src/computer_ros_vision) by extension 'ignore'
[0.613s] Level 1:colcon.colcon_core.package_identification:_identify(src/computer_ros_vision) by extension 'ignore_ament_install'
[0.613s] Level 1:colcon.colcon_core.package_identification:_identify(src/computer_ros_vision) by extensions ['colcon_pkg']
[0.613s] Level 1:colcon.colcon_core.package_identification:_identify(src/computer_ros_vision) by extension 'colcon_pkg'
[0.613s] Level 1:colcon.colcon_core.package_identification:_identify(src/computer_ros_vision) by extensions ['colcon_meta']
[0.613s] Level 1:colcon.colcon_core.package_identification:_identify(src/computer_ros_vision) by extension 'colcon_meta'
[0.613s] Level 1:colcon.colcon_core.package_identification:_identify(src/computer_ros_vision) by extensions ['ros']
[0.613s] Level 1:colcon.colcon_core.package_identification:_identify(src/computer_ros_vision) by extension 'ros'
[0.619s] DEBUG:colcon.colcon_core.package_identification:Package 'src/computer_ros_vision' with type 'ros.ament_python' and name 'computer_ros_vision'
[0.619s] Level 1:colcon.colcon_core.package_identification:_identify(src/custom_interfaces) by extensions ['ignore', 'ignore_ament_install']
[0.619s] Level 1:colcon.colcon_core.package_identification:_identify(src/custom_interfaces) by extension 'ignore'
[0.619s] Level 1:colcon.colcon_core.package_identification:_identify(src/custom_interfaces) by extension 'ignore_ament_install'
[0.620s] Level 1:colcon.colcon_core.package_identification:_identify(src/custom_interfaces) by extensions ['colcon_pkg']
[0.620s] Level 1:colcon.colcon_core.package_identification:_identify(src/custom_interfaces) by extension 'colcon_pkg'
[0.620s] Level 1:colcon.colcon_core.package_identification:_identify(src/custom_interfaces) by extensions ['colcon_meta']
[0.620s] Level 1:colcon.colcon_core.package_identification:_identify(src/custom_interfaces) by extension 'colcon_meta'
[0.620s] Level 1:colcon.colcon_core.package_identification:_identify(src/custom_interfaces) by extensions ['ros']
[0.620s] Level 1:colcon.colcon_core.package_identification:_identify(src/custom_interfaces) by extension 'ros'
[0.622s] DEBUG:colcon.colcon_core.package_identification:Package 'src/custom_interfaces' with type 'ros.ament_cmake' and name 'custom_interfaces'
[0.622s] Level 1:colcon.colcon_core.package_discovery:discover_packages(recursive) using defaults
[0.622s] Level 1:colcon.colcon_core.package_discovery:discover_packages(ignore) discover
[0.622s] Level 1:colcon.colcon_core.package_discovery:discover_packages(ignore) using defaults
[0.622s] Level 1:colcon.colcon_core.package_discovery:discover_packages(path) discover
[0.622s] Level 1:colcon.colcon_core.package_discovery:discover_packages(path) using defaults
[0.692s] Level 1:colcon.colcon_core.package_discovery:discover_packages(prefix_path) check parameters
[0.692s] Level 1:colcon.colcon_core.package_discovery:discover_packages(prefix_path) discover
[0.697s] DEBUG:colcon.colcon_installed_package_information.package_discovery:Found 281 installed packages in /opt/ros/humble
[0.700s] Level 1:colcon.colcon_core.package_discovery:discover_packages(prefix_path) using defaults
[0.777s] Level 5:colcon.colcon_core.verb:set package 'computer_ros_vision' build argument 'cmake_args' from command line to 'None'
[0.777s] Level 5:colcon.colcon_core.verb:set package 'computer_ros_vision' build argument 'cmake_target' from command line to 'None'
[0.777s] Level 5:colcon.colcon_core.verb:set package 'computer_ros_vision' build argument 'cmake_target_skip_unavailable' from command line to 'False'
[0.777s] Level 5:colcon.colcon_core.verb:set package 'computer_ros_vision' build argument 'cmake_clean_cache' from command line to 'False'
[0.777s] Level 5:colcon.colcon_core.verb:set package 'computer_ros_vision' build argument 'cmake_clean_first' from command line to 'False'
[0.777s] Level 5:colcon.colcon_core.verb:set package 'computer_ros_vision' build argument 'cmake_force_configure' from command line to 'False'
[0.777s] Level 5:colcon.colcon_core.verb:set package 'computer_ros_vision' build argument 'ament_cmake_args' from command line to 'None'
[0.777s] Level 5:colcon.colcon_core.verb:set package 'computer_ros_vision' build argument 'catkin_cmake_args' from command line to 'None'
[0.777s] Level 5:colcon.colcon_core.verb:set package 'computer_ros_vision' build argument 'catkin_skip_building_tests' from command line to 'False'
[0.777s] DEBUG:colcon.colcon_core.verb:Building package 'computer_ros_vision' with the following arguments: {'ament_cmake_args': None, 'build_base': '/home/quantum_main/computer_vision/cv_ros/build/computer_ros_vision', 'catkin_cmake_args': None, 'catkin_skip_building_tests': False, 'cmake_args': None, 'cmake_clean_cache': False, 'cmake_clean_first': False, 'cmake_force_configure': False, 'cmake_target': None, 'cmake_target_skip_unavailable': False, 'install_base': '/home/quantum_main/computer_vision/cv_ros/install/computer_ros_vision', 'merge_install': False, 'path': '/home/quantum_main/computer_vision/cv_ros/src/computer_ros_vision', 'symlink_install': False, 'test_result_base': None}
[0.778s] Level 5:colcon.colcon_core.verb:set package 'custom_interfaces' build argument 'cmake_args' from command line to 'None'
[0.778s] Level 5:colcon.colcon_core.verb:set package 'custom_interfaces' build argument 'cmake_target' from command line to 'None'
[0.778s] Level 5:colcon.colcon_core.verb:set package 'custom_interfaces' build argument 'cmake_target_skip_unavailable' from command line to 'False'
[0.778s] Level 5:colcon.colcon_core.verb:set package 'custom_interfaces' build argument 'cmake_clean_cache' from command line to 'False'
[0.778s] Level 5:colcon.colcon_core.verb:set package 'custom_interfaces' build argument 'cmake_clean_first' from command line to 'False'
[0.778s] Level 5:colcon.colcon_core.verb:set package 'custom_interfaces' build argument 'cmake_force_configure' from command line to 'False'
[0.779s] Level 5:colcon.colcon_core.verb:set package 'custom_interfaces' build argument 'ament_cmake_args' from command line to 'None'
[0.779s] Level 5:colcon.colcon_core.verb:set package 'custom_interfaces' build argument 'catkin_cmake_args' from command line to 'None'
[0.779s] Level 5:colcon.colcon_core.verb:set package 'custom_interfaces' build argument 'catkin_skip_building_tests' from command line to 'False'
[0.779s] DEBUG:colcon.colcon_core.verb:Building package 'custom_interfaces' with the following arguments: {'ament_cmake_args': None, 'build_base': '/home/quantum_main/computer_vision/cv_ros/build/custom_interfaces', 'catkin_cmake_args': None, 'catkin_skip_building_tests': False, 'cmake_args': None, 'cmake_clean_cache': False, 'cmake_clean_first': False, 'cmake_force_configure': False, 'cmake_target': None, 'cmake_target_skip_unavailable': False, 'install_base': '/home/quantum_main/computer_vision/cv_ros/install/custom_interfaces', 'merge_install': False, 'path': '/home/quantum_main/computer_vision/cv_ros/src/custom_interfaces', 'symlink_install': False, 'test_result_base': None}
[0.779s] INFO:colcon.colcon_core.executor:Executing jobs using 'parallel' executor
[0.781s] DEBUG:colcon.colcon_parallel_executor.executor.parallel:run_until_complete
[0.782s] INFO:colcon.colcon_ros.task.ament_python.build:Building ROS package in '/home/quantum_main/computer_vision/cv_ros/src/computer_ros_vision' with build type 'ament_python'
[0.782s] Level 1:colcon.colcon_core.shell:create_environment_hook('computer_ros_vision', 'ament_prefix_path')
[0.786s] INFO:colcon.colcon_core.plugin_system:Skipping extension 'colcon_core.shell.bat': Not used on non-Windows systems
[0.786s] INFO:colcon.colcon_core.shell:Creating environment hook '/home/quantum_main/computer_vision/cv_ros/install/computer_ros_vision/share/computer_ros_vision/hook/ament_prefix_path.ps1'
[0.788s] INFO:colcon.colcon_core.shell:Creating environment descriptor '/home/quantum_main/computer_vision/cv_ros/install/computer_ros_vision/share/computer_ros_vision/hook/ament_prefix_path.dsv'
[0.789s] INFO:colcon.colcon_core.shell:Creating environment hook '/home/quantum_main/computer_vision/cv_ros/install/computer_ros_vision/share/computer_ros_vision/hook/ament_prefix_path.sh'
[0.790s] INFO:colcon.colcon_core.shell:Skip shell extension 'powershell' for command environment: Not usable outside of PowerShell
[0.791s] DEBUG:colcon.colcon_core.shell:Skip shell extension 'dsv' for command environment
[0.796s] INFO:colcon.colcon_ros.task.ament_cmake.build:Building ROS package in '/home/quantum_main/computer_vision/cv_ros/src/custom_interfaces' with build type 'ament_cmake'
[0.796s] INFO:colcon.colcon_cmake.task.cmake.build:Building CMake package in '/home/quantum_main/computer_vision/cv_ros/src/custom_interfaces'
[0.797s] INFO:colcon.colcon_core.shell:Skip shell extension 'powershell' for command environment: Not usable outside of PowerShell
[0.797s] DEBUG:colcon.colcon_core.shell:Skip shell extension 'dsv' for command environment
[1.347s] INFO:colcon.colcon_core.task.python.build:Building Python package in '/home/quantum_main/computer_vision/cv_ros/src/computer_ros_vision'
[1.348s] INFO:colcon.colcon_core.shell:Skip shell extension 'powershell' for command environment: Not usable outside of PowerShell
[1.348s] DEBUG:colcon.colcon_core.shell:Skip shell extension 'dsv' for command environment
[1.360s] DEBUG:colcon.colcon_core.event_handler.log_command:Invoking command in '/home/quantum_main/computer_vision/cv_ros/build/custom_interfaces': CMAKE_PREFIX_PATH=/opt/ros/humble /usr/bin/cmake /home/quantum_main/computer_vision/cv_ros/src/custom_interfaces -DCMAKE_INSTALL_PREFIX=/home/quantum_main/computer_vision/cv_ros/install/custom_interfaces
[2.183s] DEBUG:colcon.colcon_core.event_handler.log_command:Invoking command in '/home/quantum_main/computer_vision/cv_ros/src/computer_ros_vision': PYTHONPATH=/home/quantum_main/computer_vision/cv_ros/build/computer_ros_vision/prefix_override:/usr/lib/python3/dist-packages/colcon_core/task/python/colcon_distutils_commands:/home/quantum_main/computer_vision/cv_ros/install/computer_ros_vision/lib/python3.10/site-packages:${PYTHONPATH} /usr/bin/python3 -W ignore:setup.py install is deprecated setup.py egg_info --egg-base ../../build/computer_ros_vision build --build-base /home/quantum_main/computer_vision/cv_ros/build/computer_ros_vision/build install --record /home/quantum_main/computer_vision/cv_ros/build/computer_ros_vision/install.log --single-version-externally-managed install_data
[2.820s] DEBUG:colcon.colcon_core.event_handler.log_command:Invoked command in '/home/quantum_main/computer_vision/cv_ros/src/computer_ros_vision' returned '0': PYTHONPATH=/home/quantum_main/computer_vision/cv_ros/build/computer_ros_vision/prefix_override:/usr/lib/python3/dist-packages/colcon_core/task/python/colcon_distutils_commands:/home/quantum_main/computer_vision/cv_ros/install/computer_ros_vision/lib/python3.10/site-packages:${PYTHONPATH} /usr/bin/python3 -W ignore:setup.py install is deprecated setup.py egg_info --egg-base ../../build/computer_ros_vision build --build-base /home/quantum_main/computer_vision/cv_ros/build/computer_ros_vision/build install --record /home/quantum_main/computer_vision/cv_ros/build/computer_ros_vision/install.log --single-version-externally-managed install_data
[2.825s] Level 1:colcon.colcon_core.environment:checking '/home/quantum_main/computer_vision/cv_ros/install/computer_ros_vision' for CMake module files
[2.826s] Level 1:colcon.colcon_core.environment:checking '/home/quantum_main/computer_vision/cv_ros/install/computer_ros_vision' for CMake config files
[2.827s] Level 1:colcon.colcon_core.environment:checking '/home/quantum_main/computer_vision/cv_ros/install/computer_ros_vision/lib'
[2.828s] Level 1:colcon.colcon_core.environment:checking '/home/quantum_main/computer_vision/cv_ros/install/computer_ros_vision/bin'
[2.828s] Level 1:colcon.colcon_core.environment:checking '/home/quantum_main/computer_vision/cv_ros/install/computer_ros_vision/lib/pkgconfig/computer_ros_vision.pc'
[2.828s] Level 1:colcon.colcon_core.environment:checking '/home/quantum_main/computer_vision/cv_ros/install/computer_ros_vision/lib/python3.10/site-packages'
[2.828s] Level 1:colcon.colcon_core.shell:create_environment_hook('computer_ros_vision', 'pythonpath')
[2.829s] INFO:colcon.colcon_core.shell:Creating environment hook '/home/quantum_main/computer_vision/cv_ros/install/computer_ros_vision/share/computer_ros_vision/hook/pythonpath.ps1'
[2.830s] INFO:colcon.colcon_core.shell:Creating environment descriptor '/home/quantum_main/computer_vision/cv_ros/install/computer_ros_vision/share/computer_ros_vision/hook/pythonpath.dsv'
[2.831s] INFO:colcon.colcon_core.shell:Creating environment hook '/home/quantum_main/computer_vision/cv_ros/install/computer_ros_vision/share/computer_ros_vision/hook/pythonpath.sh'
[2.832s] Level 1:colcon.colcon_core.environment:checking '/home/quantum_main/computer_vision/cv_ros/install/computer_ros_vision/bin'
[2.832s] Level 1:colcon.colcon_core.environment:create_environment_scripts_only(computer_ros_vision)
[2.833s] INFO:colcon.colcon_core.shell:Creating package script '/home/quantum_main/computer_vision/cv_ros/install/computer_ros_vision/share/computer_ros_vision/package.ps1'
[2.835s] INFO:colcon.colcon_core.shell:Creating package descriptor '/home/quantum_main/computer_vision/cv_ros/install/computer_ros_vision/share/computer_ros_vision/package.dsv'
[2.836s] INFO:colcon.colcon_core.shell:Creating package script '/home/quantum_main/computer_vision/cv_ros/install/computer_ros_vision/share/computer_ros_vision/package.sh'
[2.837s] INFO:colcon.colcon_core.shell:Creating package script '/home/quantum_main/computer_vision/cv_ros/install/computer_ros_vision/share/computer_ros_vision/package.bash'
[2.839s] INFO:colcon.colcon_core.shell:Creating package script '/home/quantum_main/computer_vision/cv_ros/install/computer_ros_vision/share/computer_ros_vision/package.zsh'
[2.840s] Level 1:colcon.colcon_core.environment:create_file_with_runtime_dependencies(/home/quantum_main/computer_vision/cv_ros/install/computer_ros_vision/share/colcon-core/packages/computer_ros_vision)
[5.666s] DEBUG:colcon.colcon_core.event_handler.log_command:Invoked command in '/home/quantum_main/computer_vision/cv_ros/build/custom_interfaces' returned '0': CMAKE_PREFIX_PATH=/opt/ros/humble /usr/bin/cmake /home/quantum_main/computer_vision/cv_ros/src/custom_interfaces -DCMAKE_INSTALL_PREFIX=/home/quantum_main/computer_vision/cv_ros/install/custom_interfaces
[5.672s] DEBUG:colcon.colcon_core.event_handler.log_command:Invoking command in '/home/quantum_main/computer_vision/cv_ros/build/custom_interfaces': CMAKE_PREFIX_PATH=/opt/ros/humble /usr/bin/cmake --build /home/quantum_main/computer_vision/cv_ros/build/custom_interfaces -- -j6 -l6
[13.420s] DEBUG:colcon.colcon_core.event_handler.log_command:Invoked command in '/home/quantum_main/computer_vision/cv_ros/build/custom_interfaces' returned '0': CMAKE_PREFIX_PATH=/opt/ros/humble /usr/bin/cmake --build /home/quantum_main/computer_vision/cv_ros/build/custom_interfaces -- -j6 -l6
[13.706s] DEBUG:colcon.colcon_core.event_handler.log_command:Invoking command in '/home/quantum_main/computer_vision/cv_ros/build/custom_interfaces': CMAKE_PREFIX_PATH=/opt/ros/humble /usr/bin/cmake --install /home/quantum_main/computer_vision/cv_ros/build/custom_interfaces
[13.871s] Level 1:colcon.colcon_core.environment:create_environment_scripts_only(custom_interfaces)
[13.872s] Level 1:colcon.colcon_core.environment:checking '/home/quantum_main/computer_vision/cv_ros/install/custom_interfaces' for CMake module files
[13.874s] DEBUG:colcon.colcon_core.event_handler.log_command:Invoked command in '/home/quantum_main/computer_vision/cv_ros/build/custom_interfaces' returned '0': CMAKE_PREFIX_PATH=/opt/ros/humble /usr/bin/cmake --install /home/quantum_main/computer_vision/cv_ros/build/custom_interfaces
[13.875s] Level 1:colcon.colcon_core.environment:checking '/home/quantum_main/computer_vision/cv_ros/install/custom_interfaces' for CMake config files
[13.876s] Level 1:colcon.colcon_core.shell:create_environment_hook('custom_interfaces', 'cmake_prefix_path')
[13.877s] INFO:colcon.colcon_core.shell:Creating environment hook '/home/quantum_main/computer_vision/cv_ros/install/custom_interfaces/share/custom_interfaces/hook/cmake_prefix_path.ps1'
[13.879s] INFO:colcon.colcon_core.shell:Creating environment descriptor '/home/quantum_main/computer_vision/cv_ros/install/custom_interfaces/share/custom_interfaces/hook/cmake_prefix_path.dsv'
[13.880s] INFO:colcon.colcon_core.shell:Creating environment hook '/home/quantum_main/computer_vision/cv_ros/install/custom_interfaces/share/custom_interfaces/hook/cmake_prefix_path.sh'
[13.882s] Level 1:colcon.colcon_core.environment:checking '/home/quantum_main/computer_vision/cv_ros/install/custom_interfaces/lib'
[13.882s] Level 1:colcon.colcon_core.shell:create_environment_hook('custom_interfaces', 'ld_library_path_lib')
[13.882s] INFO:colcon.colcon_core.shell:Creating environment hook '/home/quantum_main/computer_vision/cv_ros/install/custom_interfaces/share/custom_interfaces/hook/ld_library_path_lib.ps1'
[13.883s] INFO:colcon.colcon_core.shell:Creating environment descriptor '/home/quantum_main/computer_vision/cv_ros/install/custom_interfaces/share/custom_interfaces/hook/ld_library_path_lib.dsv'
[13.884s] INFO:colcon.colcon_core.shell:Creating environment hook '/home/quantum_main/computer_vision/cv_ros/install/custom_interfaces/share/custom_interfaces/hook/ld_library_path_lib.sh'
[13.884s] Level 1:colcon.colcon_core.environment:checking '/home/quantum_main/computer_vision/cv_ros/install/custom_interfaces/bin'
[13.884s] Level 1:colcon.colcon_core.environment:checking '/home/quantum_main/computer_vision/cv_ros/install/custom_interfaces/lib/pkgconfig/custom_interfaces.pc'
[13.885s] Level 1:colcon.colcon_core.environment:checking '/home/quantum_main/computer_vision/cv_ros/install/custom_interfaces/lib/python3.10/site-packages'
[13.886s] Level 1:colcon.colcon_core.environment:checking '/home/quantum_main/computer_vision/cv_ros/install/custom_interfaces/bin'
[13.887s] INFO:colcon.colcon_core.shell:Creating package script '/home/quantum_main/computer_vision/cv_ros/install/custom_interfaces/share/custom_interfaces/package.ps1'
[13.888s] INFO:colcon.colcon_core.shell:Creating package descriptor '/home/quantum_main/computer_vision/cv_ros/install/custom_interfaces/share/custom_interfaces/package.dsv'
[13.890s] INFO:colcon.colcon_core.shell:Creating package script '/home/quantum_main/computer_vision/cv_ros/install/custom_interfaces/share/custom_interfaces/package.sh'
[13.891s] INFO:colcon.colcon_core.shell:Creating package script '/home/quantum_main/computer_vision/cv_ros/install/custom_interfaces/share/custom_interfaces/package.bash'
[13.892s] INFO:colcon.colcon_core.shell:Creating package script '/home/quantum_main/computer_vision/cv_ros/install/custom_interfaces/share/custom_interfaces/package.zsh'
[13.893s] Level 1:colcon.colcon_core.environment:create_file_with_runtime_dependencies(/home/quantum_main/computer_vision/cv_ros/install/custom_interfaces/share/colcon-core/packages/custom_interfaces)
[14.136s] Level 1:colcon.colcon_core.environment:create_environment_scripts_only(custom_interfaces)
[14.137s] Level 1:colcon.colcon_core.environment:checking '/home/quantum_main/computer_vision/cv_ros/install/custom_interfaces' for CMake module files
[14.140s] Level 1:colcon.colcon_core.environment:checking '/home/quantum_main/computer_vision/cv_ros/install/custom_interfaces' for CMake config files
[14.141s] Level 1:colcon.colcon_core.shell:create_environment_hook('custom_interfaces', 'cmake_prefix_path')
[14.142s] INFO:colcon.colcon_core.shell:Creating environment hook '/home/quantum_main/computer_vision/cv_ros/install/custom_interfaces/share/custom_interfaces/hook/cmake_prefix_path.ps1'
[14.144s] INFO:colcon.colcon_core.shell:Creating environment descriptor '/home/quantum_main/computer_vision/cv_ros/install/custom_interfaces/share/custom_interfaces/hook/cmake_prefix_path.dsv'
[14.145s] INFO:colcon.colcon_core.shell:Creating environment hook '/home/quantum_main/computer_vision/cv_ros/install/custom_interfaces/share/custom_interfaces/hook/cmake_prefix_path.sh'
[14.148s] Level 1:colcon.colcon_core.environment:checking '/home/quantum_main/computer_vision/cv_ros/install/custom_interfaces/lib'
[14.148s] Level 1:colcon.colcon_core.shell:create_environment_hook('custom_interfaces', 'ld_library_path_lib')
[14.149s] INFO:colcon.colcon_core.shell:Creating environment hook '/home/quantum_main/computer_vision/cv_ros/install/custom_interfaces/share/custom_interfaces/hook/ld_library_path_lib.ps1'
[14.150s] INFO:colcon.colcon_core.shell:Creating environment descriptor '/home/quantum_main/computer_vision/cv_ros/install/custom_interfaces/share/custom_interfaces/hook/ld_library_path_lib.dsv'
[14.151s] INFO:colcon.colcon_core.shell:Creating environment hook '/home/quantum_main/computer_vision/cv_ros/install/custom_interfaces/share/custom_interfaces/hook/ld_library_path_lib.sh'
[14.153s] Level 1:colcon.colcon_core.environment:checking '/home/quantum_main/computer_vision/cv_ros/install/custom_interfaces/bin'
[14.153s] Level 1:colcon.colcon_core.environment:checking '/home/quantum_main/computer_vision/cv_ros/install/custom_interfaces/lib/pkgconfig/custom_interfaces.pc'
[14.154s] Level 1:colcon.colcon_core.environment:checking '/home/quantum_main/computer_vision/cv_ros/install/custom_interfaces/lib/python3.10/site-packages'
[14.155s] Level 1:colcon.colcon_core.environment:checking '/home/quantum_main/computer_vision/cv_ros/install/custom_interfaces/bin'
[14.156s] INFO:colcon.colcon_core.shell:Creating package script '/home/quantum_main/computer_vision/cv_ros/install/custom_interfaces/share/custom_interfaces/package.ps1'
[14.158s] INFO:colcon.colcon_core.shell:Creating package descriptor '/home/quantum_main/computer_vision/cv_ros/install/custom_interfaces/share/custom_interfaces/package.dsv'
[14.160s] INFO:colcon.colcon_core.shell:Creating package script '/home/quantum_main/computer_vision/cv_ros/install/custom_interfaces/share/custom_interfaces/package.sh'
[14.162s] INFO:colcon.colcon_core.shell:Creating package script '/home/quantum_main/computer_vision/cv_ros/install/custom_interfaces/share/custom_interfaces/package.bash'
[14.163s] INFO:colcon.colcon_core.shell:Creating package script '/home/quantum_main/computer_vision/cv_ros/install/custom_interfaces/share/custom_interfaces/package.zsh'
[14.165s] Level 1:colcon.colcon_core.environment:create_file_with_runtime_dependencies(/home/quantum_main/computer_vision/cv_ros/install/custom_interfaces/share/colcon-core/packages/custom_interfaces)
[14.166s] DEBUG:colcon.colcon_parallel_executor.executor.parallel:closing loop
[14.167s] DEBUG:colcon.colcon_parallel_executor.executor.parallel:loop closed
[14.168s] DEBUG:colcon.colcon_parallel_executor.executor.parallel:run_until_complete finished with '0'
[14.168s] DEBUG:colcon.colcon_core.event_reactor:joining thread
[14.189s] INFO:colcon.colcon_core.plugin_system:Skipping extension 'colcon_notification.desktop_notification.terminal_notifier': Not used on non-Darwin systems
[14.190s] INFO:colcon.colcon_core.plugin_system:Skipping extension 'colcon_notification.desktop_notification.win32': Not used on non-Windows systems
[14.190s] INFO:colcon.colcon_notification.desktop_notification:Sending desktop notification using 'notify2'
[14.231s] DEBUG:colcon.colcon_core.event_reactor:joined thread
[14.232s] INFO:colcon.colcon_core.shell:Creating prefix script '/home/quantum_main/computer_vision/cv_ros/install/local_setup.ps1'
[14.236s] INFO:colcon.colcon_core.shell:Creating prefix util module '/home/quantum_main/computer_vision/cv_ros/install/_local_setup_util_ps1.py'
[14.241s] INFO:colcon.colcon_core.shell:Creating prefix chain script '/home/quantum_main/computer_vision/cv_ros/install/setup.ps1'
[14.245s] INFO:colcon.colcon_core.shell:Creating prefix script '/home/quantum_main/computer_vision/cv_ros/install/local_setup.sh'
[14.247s] INFO:colcon.colcon_core.shell:Creating prefix util module '/home/quantum_main/computer_vision/cv_ros/install/_local_setup_util_sh.py'
[14.249s] INFO:colcon.colcon_core.shell:Creating prefix chain script '/home/quantum_main/computer_vision/cv_ros/install/setup.sh'
[14.252s] INFO:colcon.colcon_core.shell:Creating prefix script '/home/quantum_main/computer_vision/cv_ros/install/local_setup.bash'
[14.254s] INFO:colcon.colcon_core.shell:Creating prefix chain script '/home/quantum_main/computer_vision/cv_ros/install/setup.bash'
[14.257s] INFO:colcon.colcon_core.shell:Creating prefix script '/home/quantum_main/computer_vision/cv_ros/install/local_setup.zsh'
[14.259s] INFO:colcon.colcon_core.shell:Creating prefix chain script '/home/quantum_main/computer_vision/cv_ros/install/setup.zsh'
