[0.232s] DEBUG:colcon:Command line arguments: ['/usr/bin/colcon', 'build']
[0.233s] DEBUG:colcon:Parsed command line arguments: Namespace(log_base=None, log_level=None, verb_name='build', build_base='build', install_base='install', merge_install=False, symlink_install=False, test_result_base=None, continue_on_error=False, executor='parallel', parallel_workers=6, event_handlers=None, ignore_user_meta=False, metas=['./colcon.meta'], base_paths=['.'], packages_ignore=None, packages_ignore_regex=None, paths=None, packages_up_to=None, packages_up_to_regex=None, packages_above=None, packages_above_and_dependencies=None, packages_above_depth=None, packages_select_by_dep=None, packages_skip_by_dep=None, packages_skip_up_to=None, packages_select_build_failed=False, packages_skip_build_finished=False, packages_select_test_failures=False, packages_skip_test_passed=False, packages_select=None, packages_skip=None, packages_select_regex=None, packages_skip_regex=None, packages_start=None, packages_end=None, allow_overriding=[], cmake_args=None, cmake_target=None, cmake_target_skip_unavailable=False, cmake_clean_cache=False, cmake_clean_first=False, cmake_force_configure=False, ament_cmake_args=None, catkin_cmake_args=None, catkin_skip_building_tests=False, mixin_files=None, mixin=None, verb_parser=<colcon_mixin.mixin.mixin_argument.MixinArgumentDecorator object at 0xffff9652f730>, verb_extension=<colcon_core.verb.build.BuildVerb object at 0xffff9652f100>, main=<bound method BuildVerb.main of <colcon_core.verb.build.BuildVerb object at 0xffff9652f100>>, mixin_verb=('build',))
[0.599s] Level 1:colcon.colcon_core.package_discovery:discover_packages(colcon_meta) check parameters
[0.600s] Level 1:colcon.colcon_core.package_discovery:discover_packages(recursive) check parameters
[0.600s] Level 1:colcon.colcon_core.package_discovery:discover_packages(ignore) check parameters
[0.600s] Level 1:colcon.colcon_core.package_discovery:discover_packages(path) check parameters
[0.600s] Level 1:colcon.colcon_core.package_discovery:discover_packages(colcon_meta) discover
[0.600s] Level 1:colcon.colcon_core.package_discovery:discover_packages(recursive) discover
[0.600s] INFO:colcon.colcon_core.package_discovery:Crawling recursively for packages in '/home/quantum_main/computer_vision'
[0.600s] Level 1:colcon.colcon_core.package_identification:_identify(.) by extensions ['ignore', 'ignore_ament_install']
[0.601s] Level 1:colcon.colcon_core.package_identification:_identify(.) by extension 'ignore'
[0.601s] Level 1:colcon.colcon_core.package_identification:_identify(.) by extension 'ignore_ament_install'
[0.601s] Level 1:colcon.colcon_core.package_identification:_identify(.) by extensions ['colcon_pkg']
[0.601s] Level 1:colcon.colcon_core.package_identification:_identify(.) by extension 'colcon_pkg'
[0.601s] Level 1:colcon.colcon_core.package_identification:_identify(.) by extensions ['colcon_meta']
[0.601s] Level 1:colcon.colcon_core.package_identification:_identify(.) by extension 'colcon_meta'
[0.601s] Level 1:colcon.colcon_core.package_identification:_identify(.) by extensions ['ros']
[0.601s] Level 1:colcon.colcon_core.package_identification:_identify(.) by extension 'ros'
[0.623s] Level 1:colcon.colcon_core.package_identification:_identify(.) by extensions ['cmake', 'python']
[0.623s] Level 1:colcon.colcon_core.package_identification:_identify(.) by extension 'cmake'
[0.623s] Level 1:colcon.colcon_core.package_identification:_identify(.) by extension 'python'
[0.624s] Level 1:colcon.colcon_core.package_identification:_identify(.) by extensions ['python_setup_py']
[0.624s] Level 1:colcon.colcon_core.package_identification:_identify(.) by extension 'python_setup_py'
[0.624s] Level 1:colcon.colcon_core.package_identification:_identify(Implementation without ros) by extensions ['ignore', 'ignore_ament_install']
[0.624s] Level 1:colcon.colcon_core.package_identification:_identify(Implementation without ros) by extension 'ignore'
[0.624s] Level 1:colcon.colcon_core.package_identification:_identify(Implementation without ros) by extension 'ignore_ament_install'
[0.625s] Level 1:colcon.colcon_core.package_identification:_identify(Implementation without ros) by extensions ['colcon_pkg']
[0.625s] Level 1:colcon.colcon_core.package_identification:_identify(Implementation without ros) by extension 'colcon_pkg'
[0.625s] Level 1:colcon.colcon_core.package_identification:_identify(Implementation without ros) by extensions ['colcon_meta']
[0.625s] Level 1:colcon.colcon_core.package_identification:_identify(Implementation without ros) by extension 'colcon_meta'
[0.625s] Level 1:colcon.colcon_core.package_identification:_identify(Implementation without ros) by extensions ['ros']
[0.625s] Level 1:colcon.colcon_core.package_identification:_identify(Implementation without ros) by extension 'ros'
[0.625s] Level 1:colcon.colcon_core.package_identification:_identify(Implementation without ros) by extensions ['cmake', 'python']
[0.625s] Level 1:colcon.colcon_core.package_identification:_identify(Implementation without ros) by extension 'cmake'
[0.625s] Level 1:colcon.colcon_core.package_identification:_identify(Implementation without ros) by extension 'python'
[0.625s] Level 1:colcon.colcon_core.package_identification:_identify(Implementation without ros) by extensions ['python_setup_py']
[0.625s] Level 1:colcon.colcon_core.package_identification:_identify(Implementation without ros) by extension 'python_setup_py'
[0.626s] Level 1:colcon.colcon_core.package_identification:_identify(__pycache__) by extensions ['ignore', 'ignore_ament_install']
[0.626s] Level 1:colcon.colcon_core.package_identification:_identify(__pycache__) by extension 'ignore'
[0.626s] Level 1:colcon.colcon_core.package_identification:_identify(__pycache__) by extension 'ignore_ament_install'
[0.626s] Level 1:colcon.colcon_core.package_identification:_identify(__pycache__) by extensions ['colcon_pkg']
[0.626s] Level 1:colcon.colcon_core.package_identification:_identify(__pycache__) by extension 'colcon_pkg'
[0.626s] Level 1:colcon.colcon_core.package_identification:_identify(__pycache__) by extensions ['colcon_meta']
[0.626s] Level 1:colcon.colcon_core.package_identification:_identify(__pycache__) by extension 'colcon_meta'
[0.626s] Level 1:colcon.colcon_core.package_identification:_identify(__pycache__) by extensions ['ros']
[0.627s] Level 1:colcon.colcon_core.package_identification:_identify(__pycache__) by extension 'ros'
[0.627s] Level 1:colcon.colcon_core.package_identification:_identify(__pycache__) by extensions ['cmake', 'python']
[0.627s] Level 1:colcon.colcon_core.package_identification:_identify(__pycache__) by extension 'cmake'
[0.627s] Level 1:colcon.colcon_core.package_identification:_identify(__pycache__) by extension 'python'
[0.627s] Level 1:colcon.colcon_core.package_identification:_identify(__pycache__) by extensions ['python_setup_py']
[0.627s] Level 1:colcon.colcon_core.package_identification:_identify(__pycache__) by extension 'python_setup_py'
[0.627s] Level 1:colcon.colcon_core.package_identification:_identify(build) by extensions ['ignore', 'ignore_ament_install']
[0.627s] Level 1:colcon.colcon_core.package_identification:_identify(build) by extension 'ignore'
[0.627s] Level 1:colcon.colcon_core.package_identification:_identify(build) ignored
[0.628s] Level 1:colcon.colcon_core.package_identification:_identify(computer_ros_vision) by extensions ['ignore', 'ignore_ament_install']
[0.628s] Level 1:colcon.colcon_core.package_identification:_identify(computer_ros_vision) by extension 'ignore'
[0.628s] Level 1:colcon.colcon_core.package_identification:_identify(computer_ros_vision) by extension 'ignore_ament_install'
[0.628s] Level 1:colcon.colcon_core.package_identification:_identify(computer_ros_vision) by extensions ['colcon_pkg']
[0.628s] Level 1:colcon.colcon_core.package_identification:_identify(computer_ros_vision) by extension 'colcon_pkg'
[0.628s] Level 1:colcon.colcon_core.package_identification:_identify(computer_ros_vision) by extensions ['colcon_meta']
[0.628s] Level 1:colcon.colcon_core.package_identification:_identify(computer_ros_vision) by extension 'colcon_meta'
[0.629s] Level 1:colcon.colcon_core.package_identification:_identify(computer_ros_vision) by extensions ['ros']
[0.629s] Level 1:colcon.colcon_core.package_identification:_identify(computer_ros_vision) by extension 'ros'
[0.634s] DEBUG:colcon.colcon_core.package_identification:Package 'computer_ros_vision' with type 'ros.ament_python' and name 'computer_ros_vision'
[0.634s] Level 1:colcon.colcon_core.package_identification:_identify(custom_interfaces) by extensions ['ignore', 'ignore_ament_install']
[0.634s] Level 1:colcon.colcon_core.package_identification:_identify(custom_interfaces) by extension 'ignore'
[0.635s] Level 1:colcon.colcon_core.package_identification:_identify(custom_interfaces) by extension 'ignore_ament_install'
[0.635s] Level 1:colcon.colcon_core.package_identification:_identify(custom_interfaces) by extensions ['colcon_pkg']
[0.635s] Level 1:colcon.colcon_core.package_identification:_identify(custom_interfaces) by extension 'colcon_pkg'
[0.635s] Level 1:colcon.colcon_core.package_identification:_identify(custom_interfaces) by extensions ['colcon_meta']
[0.635s] Level 1:colcon.colcon_core.package_identification:_identify(custom_interfaces) by extension 'colcon_meta'
[0.635s] Level 1:colcon.colcon_core.package_identification:_identify(custom_interfaces) by extensions ['ros']
[0.635s] Level 1:colcon.colcon_core.package_identification:_identify(custom_interfaces) by extension 'ros'
[0.637s] DEBUG:colcon.colcon_core.package_identification:Package 'custom_interfaces' with type 'ros.ament_cmake' and name 'custom_interfaces'
[0.637s] Level 1:colcon.colcon_core.package_identification:_identify(install) by extensions ['ignore', 'ignore_ament_install']
[0.637s] Level 1:colcon.colcon_core.package_identification:_identify(install) by extension 'ignore'
[0.637s] Level 1:colcon.colcon_core.package_identification:_identify(install) ignored
[0.637s] Level 1:colcon.colcon_core.package_identification:_identify(log) by extensions ['ignore', 'ignore_ament_install']
[0.637s] Level 1:colcon.colcon_core.package_identification:_identify(log) by extension 'ignore'
[0.638s] Level 1:colcon.colcon_core.package_identification:_identify(log) ignored
[0.638s] Level 1:colcon.colcon_core.package_discovery:discover_packages(recursive) using defaults
[0.638s] Level 1:colcon.colcon_core.package_discovery:discover_packages(ignore) discover
[0.638s] Level 1:colcon.colcon_core.package_discovery:discover_packages(ignore) using defaults
[0.638s] Level 1:colcon.colcon_core.package_discovery:discover_packages(path) discover
[0.638s] Level 1:colcon.colcon_core.package_discovery:discover_packages(path) using defaults
[0.708s] Level 1:colcon.colcon_core.package_discovery:discover_packages(prefix_path) check parameters
[0.708s] Level 1:colcon.colcon_core.package_discovery:discover_packages(prefix_path) discover
[0.713s] DEBUG:colcon.colcon_installed_package_information.package_discovery:Found 10 installed packages in /home/quantum_main/ros2_ws/install
[0.715s] DEBUG:colcon.colcon_installed_package_information.package_discovery:Found 281 installed packages in /opt/ros/humble
[0.718s] Level 1:colcon.colcon_core.package_discovery:discover_packages(prefix_path) using defaults
[0.795s] WARNING:colcon.colcon_core.package_selection:Some selected packages are already built in one or more underlay workspaces:
	'custom_interfaces' is in: /home/quantum_main/ros2_ws/install/custom_interfaces
If a package in a merged underlay workspace is overridden and it installs headers, then all packages in the overlay must sort their include directories by workspace order. Failure to do so may result in build failures or undefined behavior at run time.
If the overridden package is used by another package in any underlay, then the overriding package in the overlay must be API and ABI compatible or undefined behavior at run time may occur.

If you understand the risks and want to override a package anyways, add the following to the command line:
	--allow-overriding custom_interfaces

This may be promoted to an error in a future release of colcon-override-check.
[0.796s] Level 5:colcon.colcon_core.verb:set package 'computer_ros_vision' build argument 'cmake_args' from command line to 'None'
[0.796s] Level 5:colcon.colcon_core.verb:set package 'computer_ros_vision' build argument 'cmake_target' from command line to 'None'
[0.797s] Level 5:colcon.colcon_core.verb:set package 'computer_ros_vision' build argument 'cmake_target_skip_unavailable' from command line to 'False'
[0.797s] Level 5:colcon.colcon_core.verb:set package 'computer_ros_vision' build argument 'cmake_clean_cache' from command line to 'False'
[0.797s] Level 5:colcon.colcon_core.verb:set package 'computer_ros_vision' build argument 'cmake_clean_first' from command line to 'False'
[0.797s] Level 5:colcon.colcon_core.verb:set package 'computer_ros_vision' build argument 'cmake_force_configure' from command line to 'False'
[0.797s] Level 5:colcon.colcon_core.verb:set package 'computer_ros_vision' build argument 'ament_cmake_args' from command line to 'None'
[0.797s] Level 5:colcon.colcon_core.verb:set package 'computer_ros_vision' build argument 'catkin_cmake_args' from command line to 'None'
[0.797s] Level 5:colcon.colcon_core.verb:set package 'computer_ros_vision' build argument 'catkin_skip_building_tests' from command line to 'False'
[0.797s] DEBUG:colcon.colcon_core.verb:Building package 'computer_ros_vision' with the following arguments: {'ament_cmake_args': None, 'build_base': '/home/quantum_main/computer_vision/build/computer_ros_vision', 'catkin_cmake_args': None, 'catkin_skip_building_tests': False, 'cmake_args': None, 'cmake_clean_cache': False, 'cmake_clean_first': False, 'cmake_force_configure': False, 'cmake_target': None, 'cmake_target_skip_unavailable': False, 'install_base': '/home/quantum_main/computer_vision/install/computer_ros_vision', 'merge_install': False, 'path': '/home/quantum_main/computer_vision/computer_ros_vision', 'symlink_install': False, 'test_result_base': None}
[0.798s] Level 5:colcon.colcon_core.verb:set package 'custom_interfaces' build argument 'cmake_args' from command line to 'None'
[0.798s] Level 5:colcon.colcon_core.verb:set package 'custom_interfaces' build argument 'cmake_target' from command line to 'None'
[0.798s] Level 5:colcon.colcon_core.verb:set package 'custom_interfaces' build argument 'cmake_target_skip_unavailable' from command line to 'False'
[0.798s] Level 5:colcon.colcon_core.verb:set package 'custom_interfaces' build argument 'cmake_clean_cache' from command line to 'False'
[0.798s] Level 5:colcon.colcon_core.verb:set package 'custom_interfaces' build argument 'cmake_clean_first' from command line to 'False'
[0.798s] Level 5:colcon.colcon_core.verb:set package 'custom_interfaces' build argument 'cmake_force_configure' from command line to 'False'
[0.798s] Level 5:colcon.colcon_core.verb:set package 'custom_interfaces' build argument 'ament_cmake_args' from command line to 'None'
[0.798s] Level 5:colcon.colcon_core.verb:set package 'custom_interfaces' build argument 'catkin_cmake_args' from command line to 'None'
[0.798s] Level 5:colcon.colcon_core.verb:set package 'custom_interfaces' build argument 'catkin_skip_building_tests' from command line to 'False'
[0.798s] DEBUG:colcon.colcon_core.verb:Building package 'custom_interfaces' with the following arguments: {'ament_cmake_args': None, 'build_base': '/home/quantum_main/computer_vision/build/custom_interfaces', 'catkin_cmake_args': None, 'catkin_skip_building_tests': False, 'cmake_args': None, 'cmake_clean_cache': False, 'cmake_clean_first': False, 'cmake_force_configure': False, 'cmake_target': None, 'cmake_target_skip_unavailable': False, 'install_base': '/home/quantum_main/computer_vision/install/custom_interfaces', 'merge_install': False, 'path': '/home/quantum_main/computer_vision/custom_interfaces', 'symlink_install': False, 'test_result_base': None}
[0.798s] INFO:colcon.colcon_core.executor:Executing jobs using 'parallel' executor
[0.801s] DEBUG:colcon.colcon_parallel_executor.executor.parallel:run_until_complete
[0.801s] INFO:colcon.colcon_ros.task.ament_python.build:Building ROS package in '/home/quantum_main/computer_vision/computer_ros_vision' with build type 'ament_python'
[0.802s] Level 1:colcon.colcon_core.shell:create_environment_hook('computer_ros_vision', 'ament_prefix_path')
[0.806s] INFO:colcon.colcon_core.plugin_system:Skipping extension 'colcon_core.shell.bat': Not used on non-Windows systems
[0.806s] INFO:colcon.colcon_core.shell:Creating environment hook '/home/quantum_main/computer_vision/install/computer_ros_vision/share/computer_ros_vision/hook/ament_prefix_path.ps1'
[0.808s] INFO:colcon.colcon_core.shell:Creating environment descriptor '/home/quantum_main/computer_vision/install/computer_ros_vision/share/computer_ros_vision/hook/ament_prefix_path.dsv'
[0.809s] INFO:colcon.colcon_core.shell:Creating environment hook '/home/quantum_main/computer_vision/install/computer_ros_vision/share/computer_ros_vision/hook/ament_prefix_path.sh'
[0.811s] INFO:colcon.colcon_core.shell:Skip shell extension 'powershell' for command environment: Not usable outside of PowerShell
[0.811s] DEBUG:colcon.colcon_core.shell:Skip shell extension 'dsv' for command environment
[0.819s] INFO:colcon.colcon_ros.task.ament_cmake.build:Building ROS package in '/home/quantum_main/computer_vision/custom_interfaces' with build type 'ament_cmake'
[0.819s] INFO:colcon.colcon_cmake.task.cmake.build:Building CMake package in '/home/quantum_main/computer_vision/custom_interfaces'
[0.820s] INFO:colcon.colcon_core.shell:Skip shell extension 'powershell' for command environment: Not usable outside of PowerShell
[0.820s] DEBUG:colcon.colcon_core.shell:Skip shell extension 'dsv' for command environment
[1.406s] INFO:colcon.colcon_core.task.python.build:Building Python package in '/home/quantum_main/computer_vision/computer_ros_vision'
[1.407s] INFO:colcon.colcon_core.shell:Skip shell extension 'powershell' for command environment: Not usable outside of PowerShell
[1.407s] DEBUG:colcon.colcon_core.shell:Skip shell extension 'dsv' for command environment
[1.425s] DEBUG:colcon.colcon_core.event_handler.log_command:Invoking command in '/home/quantum_main/computer_vision/build/custom_interfaces': CMAKE_PREFIX_PATH=${CMAKE_PREFIX_PATH}:/home/quantum_main/ros2_ws/install/matrix_implementation2:/home/quantum_main/ros2_ws/install/qr_navigation_2:/home/quantum_main/ros2_ws/install/bno055:/opt/ros/humble /usr/bin/cmake --build /home/quantum_main/computer_vision/build/custom_interfaces -- -j6 -l6
[2.262s] DEBUG:colcon.colcon_core.event_handler.log_command:Invoked command in '/home/quantum_main/computer_vision/build/custom_interfaces' returned '0': CMAKE_PREFIX_PATH=${CMAKE_PREFIX_PATH}:/home/quantum_main/ros2_ws/install/matrix_implementation2:/home/quantum_main/ros2_ws/install/qr_navigation_2:/home/quantum_main/ros2_ws/install/bno055:/opt/ros/humble /usr/bin/cmake --build /home/quantum_main/computer_vision/build/custom_interfaces -- -j6 -l6
[2.280s] DEBUG:colcon.colcon_core.event_handler.log_command:Invoking command in '/home/quantum_main/computer_vision/computer_ros_vision': PYTHONPATH=/home/quantum_main/computer_vision/build/computer_ros_vision/prefix_override:/usr/lib/python3/dist-packages/colcon_core/task/python/colcon_distutils_commands:/home/quantum_main/computer_vision/install/computer_ros_vision/lib/python3.10/site-packages:${PYTHONPATH} /usr/bin/python3 -W ignore:setup.py install is deprecated setup.py egg_info --egg-base ../build/computer_ros_vision build --build-base /home/quantum_main/computer_vision/build/computer_ros_vision/build install --record /home/quantum_main/computer_vision/build/computer_ros_vision/install.log --single-version-externally-managed install_data
[2.515s] DEBUG:colcon.colcon_core.event_handler.log_command:Invoking command in '/home/quantum_main/computer_vision/build/custom_interfaces': CMAKE_PREFIX_PATH=${CMAKE_PREFIX_PATH}:/home/quantum_main/ros2_ws/install/matrix_implementation2:/home/quantum_main/ros2_ws/install/qr_navigation_2:/home/quantum_main/ros2_ws/install/bno055:/opt/ros/humble /usr/bin/cmake --install /home/quantum_main/computer_vision/build/custom_interfaces
[2.632s] Level 1:colcon.colcon_core.environment:create_environment_scripts_only(custom_interfaces)
[2.636s] DEBUG:colcon.colcon_core.event_handler.log_command:Invoked command in '/home/quantum_main/computer_vision/build/custom_interfaces' returned '0': CMAKE_PREFIX_PATH=${CMAKE_PREFIX_PATH}:/home/quantum_main/ros2_ws/install/matrix_implementation2:/home/quantum_main/ros2_ws/install/qr_navigation_2:/home/quantum_main/ros2_ws/install/bno055:/opt/ros/humble /usr/bin/cmake --install /home/quantum_main/computer_vision/build/custom_interfaces
[2.641s] Level 1:colcon.colcon_core.environment:checking '/home/quantum_main/computer_vision/install/custom_interfaces' for CMake module files
[2.643s] Level 1:colcon.colcon_core.environment:checking '/home/quantum_main/computer_vision/install/custom_interfaces' for CMake config files
[2.644s] Level 1:colcon.colcon_core.shell:create_environment_hook('custom_interfaces', 'cmake_prefix_path')
[2.644s] INFO:colcon.colcon_core.shell:Creating environment hook '/home/quantum_main/computer_vision/install/custom_interfaces/share/custom_interfaces/hook/cmake_prefix_path.ps1'
[2.645s] INFO:colcon.colcon_core.shell:Creating environment descriptor '/home/quantum_main/computer_vision/install/custom_interfaces/share/custom_interfaces/hook/cmake_prefix_path.dsv'
[2.646s] INFO:colcon.colcon_core.shell:Creating environment hook '/home/quantum_main/computer_vision/install/custom_interfaces/share/custom_interfaces/hook/cmake_prefix_path.sh'
[2.648s] Level 1:colcon.colcon_core.environment:checking '/home/quantum_main/computer_vision/install/custom_interfaces/lib'
[2.648s] Level 1:colcon.colcon_core.shell:create_environment_hook('custom_interfaces', 'ld_library_path_lib')
[2.648s] INFO:colcon.colcon_core.shell:Creating environment hook '/home/quantum_main/computer_vision/install/custom_interfaces/share/custom_interfaces/hook/ld_library_path_lib.ps1'
[2.649s] INFO:colcon.colcon_core.shell:Creating environment descriptor '/home/quantum_main/computer_vision/install/custom_interfaces/share/custom_interfaces/hook/ld_library_path_lib.dsv'
[2.650s] INFO:colcon.colcon_core.shell:Creating environment hook '/home/quantum_main/computer_vision/install/custom_interfaces/share/custom_interfaces/hook/ld_library_path_lib.sh'
[2.651s] Level 1:colcon.colcon_core.environment:checking '/home/quantum_main/computer_vision/install/custom_interfaces/bin'
[2.651s] Level 1:colcon.colcon_core.environment:checking '/home/quantum_main/computer_vision/install/custom_interfaces/lib/pkgconfig/custom_interfaces.pc'
[2.651s] Level 1:colcon.colcon_core.environment:checking '/home/quantum_main/computer_vision/install/custom_interfaces/lib/python3.10/site-packages'
[2.652s] Level 1:colcon.colcon_core.environment:checking '/home/quantum_main/computer_vision/install/custom_interfaces/bin'
[2.652s] INFO:colcon.colcon_core.shell:Creating package script '/home/quantum_main/computer_vision/install/custom_interfaces/share/custom_interfaces/package.ps1'
[2.654s] INFO:colcon.colcon_core.shell:Creating package descriptor '/home/quantum_main/computer_vision/install/custom_interfaces/share/custom_interfaces/package.dsv'
[2.656s] INFO:colcon.colcon_core.shell:Creating package script '/home/quantum_main/computer_vision/install/custom_interfaces/share/custom_interfaces/package.sh'
[2.657s] INFO:colcon.colcon_core.shell:Creating package script '/home/quantum_main/computer_vision/install/custom_interfaces/share/custom_interfaces/package.bash'
[2.659s] INFO:colcon.colcon_core.shell:Creating package script '/home/quantum_main/computer_vision/install/custom_interfaces/share/custom_interfaces/package.zsh'
[2.660s] Level 1:colcon.colcon_core.environment:create_file_with_runtime_dependencies(/home/quantum_main/computer_vision/install/custom_interfaces/share/colcon-core/packages/custom_interfaces)
[2.924s] Level 1:colcon.colcon_core.environment:create_environment_scripts_only(custom_interfaces)
[2.924s] Level 1:colcon.colcon_core.environment:checking '/home/quantum_main/computer_vision/install/custom_interfaces' for CMake module files
[2.926s] Level 1:colcon.colcon_core.environment:checking '/home/quantum_main/computer_vision/install/custom_interfaces' for CMake config files
[2.926s] Level 1:colcon.colcon_core.shell:create_environment_hook('custom_interfaces', 'cmake_prefix_path')
[2.927s] INFO:colcon.colcon_core.shell:Creating environment hook '/home/quantum_main/computer_vision/install/custom_interfaces/share/custom_interfaces/hook/cmake_prefix_path.ps1'
[2.929s] INFO:colcon.colcon_core.shell:Creating environment descriptor '/home/quantum_main/computer_vision/install/custom_interfaces/share/custom_interfaces/hook/cmake_prefix_path.dsv'
[2.930s] INFO:colcon.colcon_core.shell:Creating environment hook '/home/quantum_main/computer_vision/install/custom_interfaces/share/custom_interfaces/hook/cmake_prefix_path.sh'
[2.931s] Level 1:colcon.colcon_core.environment:checking '/home/quantum_main/computer_vision/install/custom_interfaces/lib'
[2.932s] Level 1:colcon.colcon_core.shell:create_environment_hook('custom_interfaces', 'ld_library_path_lib')
[2.933s] INFO:colcon.colcon_core.shell:Creating environment hook '/home/quantum_main/computer_vision/install/custom_interfaces/share/custom_interfaces/hook/ld_library_path_lib.ps1'
[2.934s] INFO:colcon.colcon_core.shell:Creating environment descriptor '/home/quantum_main/computer_vision/install/custom_interfaces/share/custom_interfaces/hook/ld_library_path_lib.dsv'
[2.935s] INFO:colcon.colcon_core.shell:Creating environment hook '/home/quantum_main/computer_vision/install/custom_interfaces/share/custom_interfaces/hook/ld_library_path_lib.sh'
[2.937s] Level 1:colcon.colcon_core.environment:checking '/home/quantum_main/computer_vision/install/custom_interfaces/bin'
[2.937s] Level 1:colcon.colcon_core.environment:checking '/home/quantum_main/computer_vision/install/custom_interfaces/lib/pkgconfig/custom_interfaces.pc'
[2.938s] Level 1:colcon.colcon_core.environment:checking '/home/quantum_main/computer_vision/install/custom_interfaces/lib/python3.10/site-packages'
[2.939s] Level 1:colcon.colcon_core.environment:checking '/home/quantum_main/computer_vision/install/custom_interfaces/bin'
[2.940s] INFO:colcon.colcon_core.shell:Creating package script '/home/quantum_main/computer_vision/install/custom_interfaces/share/custom_interfaces/package.ps1'
[2.942s] INFO:colcon.colcon_core.shell:Creating package descriptor '/home/quantum_main/computer_vision/install/custom_interfaces/share/custom_interfaces/package.dsv'
[2.944s] INFO:colcon.colcon_core.shell:Creating package script '/home/quantum_main/computer_vision/install/custom_interfaces/share/custom_interfaces/package.sh'
[2.946s] INFO:colcon.colcon_core.shell:Creating package script '/home/quantum_main/computer_vision/install/custom_interfaces/share/custom_interfaces/package.bash'
[2.947s] INFO:colcon.colcon_core.shell:Creating package script '/home/quantum_main/computer_vision/install/custom_interfaces/share/custom_interfaces/package.zsh'
[2.949s] Level 1:colcon.colcon_core.environment:create_file_with_runtime_dependencies(/home/quantum_main/computer_vision/install/custom_interfaces/share/colcon-core/packages/custom_interfaces)
[2.953s] Level 1:colcon.colcon_core.environment:checking '/home/quantum_main/computer_vision/install/computer_ros_vision' for CMake module files
[2.955s] DEBUG:colcon.colcon_core.event_handler.log_command:Invoked command in '/home/quantum_main/computer_vision/computer_ros_vision' returned '0': PYTHONPATH=/home/quantum_main/computer_vision/build/computer_ros_vision/prefix_override:/usr/lib/python3/dist-packages/colcon_core/task/python/colcon_distutils_commands:/home/quantum_main/computer_vision/install/computer_ros_vision/lib/python3.10/site-packages:${PYTHONPATH} /usr/bin/python3 -W ignore:setup.py install is deprecated setup.py egg_info --egg-base ../build/computer_ros_vision build --build-base /home/quantum_main/computer_vision/build/computer_ros_vision/build install --record /home/quantum_main/computer_vision/build/computer_ros_vision/install.log --single-version-externally-managed install_data
[2.956s] Level 1:colcon.colcon_core.environment:checking '/home/quantum_main/computer_vision/install/computer_ros_vision' for CMake config files
[2.958s] Level 1:colcon.colcon_core.environment:checking '/home/quantum_main/computer_vision/install/computer_ros_vision/lib'
[2.958s] Level 1:colcon.colcon_core.environment:checking '/home/quantum_main/computer_vision/install/computer_ros_vision/bin'
[2.958s] Level 1:colcon.colcon_core.environment:checking '/home/quantum_main/computer_vision/install/computer_ros_vision/lib/pkgconfig/computer_ros_vision.pc'
[2.959s] Level 1:colcon.colcon_core.environment:checking '/home/quantum_main/computer_vision/install/computer_ros_vision/lib/python3.10/site-packages'
[2.959s] Level 1:colcon.colcon_core.shell:create_environment_hook('computer_ros_vision', 'pythonpath')
[2.960s] INFO:colcon.colcon_core.shell:Creating environment hook '/home/quantum_main/computer_vision/install/computer_ros_vision/share/computer_ros_vision/hook/pythonpath.ps1'
[2.962s] INFO:colcon.colcon_core.shell:Creating environment descriptor '/home/quantum_main/computer_vision/install/computer_ros_vision/share/computer_ros_vision/hook/pythonpath.dsv'
[2.963s] INFO:colcon.colcon_core.shell:Creating environment hook '/home/quantum_main/computer_vision/install/computer_ros_vision/share/computer_ros_vision/hook/pythonpath.sh'
[2.965s] Level 1:colcon.colcon_core.environment:checking '/home/quantum_main/computer_vision/install/computer_ros_vision/bin'
[2.966s] Level 1:colcon.colcon_core.environment:create_environment_scripts_only(computer_ros_vision)
[2.967s] INFO:colcon.colcon_core.shell:Creating package script '/home/quantum_main/computer_vision/install/computer_ros_vision/share/computer_ros_vision/package.ps1'
[2.969s] INFO:colcon.colcon_core.shell:Creating package descriptor '/home/quantum_main/computer_vision/install/computer_ros_vision/share/computer_ros_vision/package.dsv'
[2.970s] INFO:colcon.colcon_core.shell:Creating package script '/home/quantum_main/computer_vision/install/computer_ros_vision/share/computer_ros_vision/package.sh'
[2.972s] INFO:colcon.colcon_core.shell:Creating package script '/home/quantum_main/computer_vision/install/computer_ros_vision/share/computer_ros_vision/package.bash'
[2.973s] INFO:colcon.colcon_core.shell:Creating package script '/home/quantum_main/computer_vision/install/computer_ros_vision/share/computer_ros_vision/package.zsh'
[2.975s] Level 1:colcon.colcon_core.environment:create_file_with_runtime_dependencies(/home/quantum_main/computer_vision/install/computer_ros_vision/share/colcon-core/packages/computer_ros_vision)
[2.976s] DEBUG:colcon.colcon_parallel_executor.executor.parallel:closing loop
[2.977s] DEBUG:colcon.colcon_parallel_executor.executor.parallel:loop closed
[2.977s] DEBUG:colcon.colcon_parallel_executor.executor.parallel:run_until_complete finished with '0'
[2.978s] DEBUG:colcon.colcon_core.event_reactor:joining thread
[2.994s] INFO:colcon.colcon_core.plugin_system:Skipping extension 'colcon_notification.desktop_notification.terminal_notifier': Not used on non-Darwin systems
[2.995s] INFO:colcon.colcon_core.plugin_system:Skipping extension 'colcon_notification.desktop_notification.win32': Not used on non-Windows systems
[2.995s] INFO:colcon.colcon_notification.desktop_notification:Sending desktop notification using 'notify2'
[3.037s] DEBUG:colcon.colcon_core.event_reactor:joined thread
[3.038s] INFO:colcon.colcon_core.shell:Creating prefix script '/home/quantum_main/computer_vision/install/local_setup.ps1'
[3.042s] INFO:colcon.colcon_core.shell:Creating prefix util module '/home/quantum_main/computer_vision/install/_local_setup_util_ps1.py'
[3.047s] INFO:colcon.colcon_core.shell:Creating prefix chain script '/home/quantum_main/computer_vision/install/setup.ps1'
[3.052s] INFO:colcon.colcon_core.shell:Creating prefix script '/home/quantum_main/computer_vision/install/local_setup.sh'
[3.054s] INFO:colcon.colcon_core.shell:Creating prefix util module '/home/quantum_main/computer_vision/install/_local_setup_util_sh.py'
[3.056s] INFO:colcon.colcon_core.shell:Creating prefix chain script '/home/quantum_main/computer_vision/install/setup.sh'
[3.060s] INFO:colcon.colcon_core.shell:Creating prefix script '/home/quantum_main/computer_vision/install/local_setup.bash'
[3.063s] INFO:colcon.colcon_core.shell:Creating prefix chain script '/home/quantum_main/computer_vision/install/setup.bash'
[3.067s] INFO:colcon.colcon_core.shell:Creating prefix script '/home/quantum_main/computer_vision/install/local_setup.zsh'
[3.069s] INFO:colcon.colcon_core.shell:Creating prefix chain script '/home/quantum_main/computer_vision/install/setup.zsh'
