[0.599s] Invoking command in '/home/quantum_main/computer_vision/build/custom_interfaces': CMAKE_PREFIX_PATH=${CMAKE_PREFIX_PATH}:/home/quantum_main/ros2_ws/install/qr_navigation_2:/home/quantum_main/ros2_ws/install/bno055:/opt/ros/humble /usr/bin/cmake /home/quantum_main/computer_vision/custom_interfaces -DCMAKE_INSTALL_PREFIX=/home/quantum_main/computer_vision/install/custom_interfaces
[0.792s] -- The C compiler identification is GNU 11.4.0
[0.978s] -- The CXX compiler identification is GNU 11.4.0
[1.004s] -- Detecting C compiler ABI info
[1.172s] -- Detecting C compiler ABI info - done
[1.196s] -- Check for working C compiler: /usr/bin/cc - skipped
[1.197s] -- Detecting C compile features
[1.198s] -- Detecting C compile features - done
[1.210s] -- Detecting CXX compiler ABI info
[1.387s] -- Detecting CXX compiler ABI info - done
[1.413s] -- Check for working CXX compiler: /usr/bin/c++ - skipped
[1.414s] -- Detecting CXX compile features
[1.416s] -- Detecting CXX compile features - done
[1.429s] -- Found ament_cmake: 1.3.10 (/opt/ros/humble/share/ament_cmake/cmake)
[1.790s] -- Found Python3: /usr/bin/python3 (found version "3.10.12") found components: Interpreter 
[2.058s] -- Found rclcpp: 16.0.10 (/opt/ros/humble/share/rclcpp/cmake)
[2.172s] -- Found rosidl_generator_c: 3.1.5 (/opt/ros/humble/share/rosidl_generator_c/cmake)
[2.184s] -- Found rosidl_adapter: 3.1.5 (/opt/ros/humble/share/rosidl_adapter/cmake)
[2.204s] -- Found rosidl_generator_cpp: 3.1.5 (/opt/ros/humble/share/rosidl_generator_cpp/cmake)
[2.233s] -- Using all available rosidl_typesupport_c: rosidl_typesupport_fastrtps_c;rosidl_typesupport_introspection_c
[2.270s] -- Using all available rosidl_typesupport_cpp: rosidl_typesupport_fastrtps_cpp;rosidl_typesupport_introspection_cpp
[2.371s] -- Found rmw_implementation_cmake: 6.1.2 (/opt/ros/humble/share/rmw_implementation_cmake/cmake)
[2.378s] -- Found rmw_fastrtps_cpp: 6.2.7 (/opt/ros/humble/share/rmw_fastrtps_cpp/cmake)
[2.558s] -- Found OpenSSL: /usr/lib/aarch64-linux-gnu/libcrypto.so (found version "3.0.2")  
[2.628s] -- Found FastRTPS: /opt/ros/humble/include  
[2.705s] -- Using RMW implementation 'rmw_fastrtps_cpp' as default
[2.729s] -- Looking for pthread.h
[2.881s] -- Looking for pthread.h - found
[2.882s] -- Performing Test CMAKE_HAVE_LIBC_PTHREAD
[3.051s] -- Performing Test CMAKE_HAVE_LIBC_PTHREAD - Success
[3.054s] -- Found Threads: TRUE  
[3.230s] -- Found rosidl_default_generators: 1.2.0 (/opt/ros/humble/share/rosidl_default_generators/cmake)
[3.253s] -- Found ament_lint_auto: 0.12.11 (/opt/ros/humble/share/ament_lint_auto/cmake)
[3.941s] -- Found ament_cmake_ros: 0.10.0 (/opt/ros/humble/share/ament_cmake_ros/cmake)
[4.717s] -- Using all available rosidl_typesupport_c: rosidl_typesupport_fastrtps_c;rosidl_typesupport_introspection_c
[5.019s] -- Using all available rosidl_typesupport_cpp: rosidl_typesupport_fastrtps_cpp;rosidl_typesupport_introspection_cpp
[5.080s] -- Found PythonInterp: /usr/bin/python3 (found suitable version "3.10.12", minimum required is "3.6") 
[5.088s] -- Found python_cmake_module: 0.10.0 (/opt/ros/humble/share/python_cmake_module/cmake)
[5.157s] -- Found PythonLibs: /usr/lib/aarch64-linux-gnu/libpython3.10.so (found suitable version "3.10.12", minimum required is "3.5") 
[5.157s] -- Using PYTHON_EXECUTABLE: /usr/bin/python3
[5.157s] -- Using PYTHON_INCLUDE_DIRS: /usr/include/python3.10
[5.158s] -- Using PYTHON_LIBRARIES: /usr/lib/aarch64-linux-gnu/libpython3.10.so
[5.208s] -- Found PythonExtra: .so  
[5.317s] -- Added test 'copyright' to check source files copyright and LICENSE
[5.341s] -- Added test 'lint_cmake' to check CMake code style
[5.350s] -- Added test 'xmllint' to check XML markup files
[5.367s] -- Configuring done
[5.448s] -- Generating done
[5.454s] -- Build files have been written to: /home/quantum_main/computer_vision/build/custom_interfaces
[5.484s] Invoked command in '/home/quantum_main/computer_vision/build/custom_interfaces' returned '0': CMAKE_PREFIX_PATH=${CMAKE_PREFIX_PATH}:/home/quantum_main/ros2_ws/install/qr_navigation_2:/home/quantum_main/ros2_ws/install/bno055:/opt/ros/humble /usr/bin/cmake /home/quantum_main/computer_vision/custom_interfaces -DCMAKE_INSTALL_PREFIX=/home/quantum_main/computer_vision/install/custom_interfaces
[5.488s] Invoking command in '/home/quantum_main/computer_vision/build/custom_interfaces': CMAKE_PREFIX_PATH=${CMAKE_PREFIX_PATH}:/home/quantum_main/ros2_ws/install/qr_navigation_2:/home/quantum_main/ros2_ws/install/bno055:/opt/ros/humble /usr/bin/cmake --build /home/quantum_main/computer_vision/build/custom_interfaces -- -j6 -l6
[5.579s] [  1%] [34m[1mGenerating C code for ROS interfaces[0m
[5.601s] [  3%] [34m[1mGenerating C++ code for ROS interfaces[0m
[5.629s] [  3%] Built target ament_cmake_python_copy_custom_interfaces
[6.170s] running egg_info
[6.171s] creating custom_interfaces.egg-info
[6.171s] writing custom_interfaces.egg-info/PKG-INFO
[6.172s] writing dependency_links to custom_interfaces.egg-info/dependency_links.txt
[6.172s] writing top-level names to custom_interfaces.egg-info/top_level.txt
[6.173s] writing manifest file 'custom_interfaces.egg-info/SOURCES.txt'
[6.177s] reading manifest file 'custom_interfaces.egg-info/SOURCES.txt'
[6.178s] writing manifest file 'custom_interfaces.egg-info/SOURCES.txt'
[6.250s] [  3%] Built target ament_cmake_python_build_custom_interfaces_egg
[6.544s] [  3%] Built target custom_interfaces__cpp
[6.568s] [  4%] [34m[1mGenerating C++ type support dispatch for ROS interfaces[0m
[6.581s] [  6%] [34m[1mGenerating C++ type support for eProsima Fast-RTPS[0m
[6.607s] [  7%] [34m[1mGenerating C++ introspection for ROS interfaces[0m
[6.647s] [  9%] [32mBuilding C object CMakeFiles/custom_interfaces__rosidl_generator_c.dir/rosidl_generator_c/custom_interfaces/msg/detail/age__functions.c.o[0m
[6.648s] [ 11%] [32mBuilding C object CMakeFiles/custom_interfaces__rosidl_generator_c.dir/rosidl_generator_c/custom_interfaces/srv/detail/follow_gps__functions.c.o[0m
[6.661s] [ 12%] [32mBuilding C object CMakeFiles/custom_interfaces__rosidl_generator_c.dir/rosidl_generator_c/custom_interfaces/msg/detail/target_coordinates__functions.c.o[0m
[6.768s] [ 14%] [32mBuilding C object CMakeFiles/custom_interfaces__rosidl_generator_c.dir/rosidl_generator_c/custom_interfaces/msg/detail/coordinates__functions.c.o[0m
[6.779s] [ 15%] [32mBuilding C object CMakeFiles/custom_interfaces__rosidl_generator_c.dir/rosidl_generator_c/custom_interfaces/msg/detail/ca__functions.c.o[0m
[6.876s] [ 17%] [32m[1mLinking C shared library libcustom_interfaces__rosidl_generator_c.so[0m
[6.946s] [ 17%] Built target custom_interfaces__rosidl_generator_c
[6.967s] [ 19%] [34m[1mGenerating C type support dispatch for ROS interfaces[0m
[6.968s] [ 22%] [34m[1mGenerating C type support for eProsima Fast-RTPS[0m
[6.968s] [ 22%] [34m[1mGenerating C introspection for ROS interfaces[0m
[7.271s] [ 23%] [32mBuilding CXX object CMakeFiles/custom_interfaces__rosidl_typesupport_cpp.dir/rosidl_typesupport_cpp/custom_interfaces/msg/age__type_support.cpp.o[0m
[7.502s] [ 25%] [32mBuilding CXX object CMakeFiles/custom_interfaces__rosidl_typesupport_introspection_cpp.dir/rosidl_typesupport_introspection_cpp/custom_interfaces/msg/detail/age__type_support.cpp.o[0m
[7.689s] [ 28%] [32mBuilding CXX object CMakeFiles/custom_interfaces__rosidl_typesupport_fastrtps_cpp.dir/rosidl_typesupport_fastrtps_cpp/custom_interfaces/msg/detail/dds_fastrtps/age__type_support.cpp.o[0m
[7.689s] [ 28%] [32mBuilding CXX object CMakeFiles/custom_interfaces__rosidl_typesupport_c.dir/rosidl_typesupport_c/custom_interfaces/msg/age__type_support.cpp.o[0m
[7.775s] [ 30%] [32mBuilding CXX object CMakeFiles/custom_interfaces__rosidl_typesupport_c.dir/rosidl_typesupport_c/custom_interfaces/srv/follow_gps__type_support.cpp.o[0m
[7.849s] [ 31%] [32mBuilding CXX object CMakeFiles/custom_interfaces__rosidl_typesupport_c.dir/rosidl_typesupport_c/custom_interfaces/msg/target_coordinates__type_support.cpp.o[0m
[7.872s] [ 33%] [32mBuilding CXX object CMakeFiles/custom_interfaces__rosidl_typesupport_cpp.dir/rosidl_typesupport_cpp/custom_interfaces/srv/follow_gps__type_support.cpp.o[0m
[7.914s] [ 34%] [32mBuilding CXX object CMakeFiles/custom_interfaces__rosidl_typesupport_c.dir/rosidl_typesupport_c/custom_interfaces/msg/coordinates__type_support.cpp.o[0m
[7.966s] [ 36%] [32mBuilding CXX object CMakeFiles/custom_interfaces__rosidl_typesupport_fastrtps_c.dir/rosidl_typesupport_fastrtps_c/custom_interfaces/msg/detail/age__type_support_c.cpp.o[0m
[7.976s] [ 38%] [32mBuilding C object CMakeFiles/custom_interfaces__rosidl_typesupport_introspection_c.dir/rosidl_typesupport_introspection_c/custom_interfaces/msg/detail/age__type_support.c.o[0m
[7.984s] [ 39%] [32mBuilding CXX object CMakeFiles/custom_interfaces__rosidl_typesupport_c.dir/rosidl_typesupport_c/custom_interfaces/msg/ca__type_support.cpp.o[0m
[8.054s] [ 42%] [32mBuilding C object CMakeFiles/custom_interfaces__rosidl_typesupport_introspection_c.dir/rosidl_typesupport_introspection_c/custom_interfaces/srv/detail/follow_gps__type_support.c.o[0m
[8.054s] [ 42%] [32m[1mLinking CXX shared library libcustom_interfaces__rosidl_typesupport_c.so[0m
[8.135s] [ 44%] [32mBuilding C object CMakeFiles/custom_interfaces__rosidl_typesupport_introspection_c.dir/rosidl_typesupport_introspection_c/custom_interfaces/msg/detail/target_coordinates__type_support.c.o[0m
[8.156s] [ 44%] Built target custom_interfaces__rosidl_typesupport_c
[8.177s] [ 46%] [32mBuilding CXX object CMakeFiles/custom_interfaces__rosidl_typesupport_fastrtps_c.dir/rosidl_typesupport_fastrtps_c/custom_interfaces/srv/detail/follow_gps__type_support_c.cpp.o[0m
[8.209s] [ 47%] [32mBuilding C object CMakeFiles/custom_interfaces__rosidl_typesupport_introspection_c.dir/rosidl_typesupport_introspection_c/custom_interfaces/msg/detail/coordinates__type_support.c.o[0m
[8.283s] [ 49%] [32mBuilding C object CMakeFiles/custom_interfaces__rosidl_typesupport_introspection_c.dir/rosidl_typesupport_introspection_c/custom_interfaces/msg/detail/ca__type_support.c.o[0m
[8.338s] [ 50%] [32mBuilding CXX object CMakeFiles/custom_interfaces__rosidl_typesupport_introspection_cpp.dir/rosidl_typesupport_introspection_cpp/custom_interfaces/srv/detail/follow_gps__type_support.cpp.o[0m
[8.364s] [ 52%] [32m[1mLinking C shared library libcustom_interfaces__rosidl_typesupport_introspection_c.so[0m
[8.431s] [ 52%] Built target custom_interfaces__rosidl_typesupport_introspection_c
[8.458s] [ 53%] [32mBuilding CXX object CMakeFiles/custom_interfaces__rosidl_typesupport_introspection_cpp.dir/rosidl_typesupport_introspection_cpp/custom_interfaces/msg/detail/target_coordinates__type_support.cpp.o[0m
[8.469s] [ 55%] [32mBuilding CXX object CMakeFiles/custom_interfaces__rosidl_typesupport_cpp.dir/rosidl_typesupport_cpp/custom_interfaces/msg/target_coordinates__type_support.cpp.o[0m
[8.627s] [ 57%] [32mBuilding CXX object CMakeFiles/custom_interfaces__rosidl_typesupport_fastrtps_cpp.dir/rosidl_typesupport_fastrtps_cpp/custom_interfaces/srv/detail/dds_fastrtps/follow_gps__type_support.cpp.o[0m
[8.783s] [ 58%] [32mBuilding CXX object CMakeFiles/custom_interfaces__rosidl_typesupport_fastrtps_c.dir/rosidl_typesupport_fastrtps_c/custom_interfaces/msg/detail/target_coordinates__type_support_c.cpp.o[0m
[9.001s] [ 60%] [32mBuilding CXX object CMakeFiles/custom_interfaces__rosidl_typesupport_fastrtps_c.dir/rosidl_typesupport_fastrtps_c/custom_interfaces/msg/detail/coordinates__type_support_c.cpp.o[0m
[9.077s] [ 61%] [32mBuilding CXX object CMakeFiles/custom_interfaces__rosidl_typesupport_cpp.dir/rosidl_typesupport_cpp/custom_interfaces/msg/coordinates__type_support.cpp.o[0m
[9.203s] [ 63%] [32mBuilding CXX object CMakeFiles/custom_interfaces__rosidl_typesupport_cpp.dir/rosidl_typesupport_cpp/custom_interfaces/msg/ca__type_support.cpp.o[0m
[9.282s] [ 65%] [32mBuilding CXX object CMakeFiles/custom_interfaces__rosidl_typesupport_introspection_cpp.dir/rosidl_typesupport_introspection_cpp/custom_interfaces/msg/detail/coordinates__type_support.cpp.o[0m
[9.581s] [ 66%] [32mBuilding CXX object CMakeFiles/custom_interfaces__rosidl_typesupport_fastrtps_c.dir/rosidl_typesupport_fastrtps_c/custom_interfaces/msg/detail/ca__type_support_c.cpp.o[0m
[9.654s] [ 68%] [32mBuilding CXX object CMakeFiles/custom_interfaces__rosidl_typesupport_fastrtps_cpp.dir/rosidl_typesupport_fastrtps_cpp/custom_interfaces/msg/detail/dds_fastrtps/target_coordinates__type_support.cpp.o[0m
[9.663s] [ 69%] [32mBuilding CXX object CMakeFiles/custom_interfaces__rosidl_typesupport_fastrtps_cpp.dir/rosidl_typesupport_fastrtps_cpp/custom_interfaces/msg/detail/dds_fastrtps/coordinates__type_support.cpp.o[0m
[9.800s] [ 71%] [32m[1mLinking CXX shared library libcustom_interfaces__rosidl_typesupport_cpp.so[0m
[9.814s] [ 73%] [32mBuilding CXX object CMakeFiles/custom_interfaces__rosidl_typesupport_fastrtps_cpp.dir/rosidl_typesupport_fastrtps_cpp/custom_interfaces/msg/detail/dds_fastrtps/ca__type_support.cpp.o[0m
[9.890s] [ 73%] Built target custom_interfaces__rosidl_typesupport_cpp
[9.912s] [ 74%] [32mBuilding CXX object CMakeFiles/custom_interfaces__rosidl_typesupport_introspection_cpp.dir/rosidl_typesupport_introspection_cpp/custom_interfaces/msg/detail/ca__type_support.cpp.o[0m
[10.357s] [ 76%] [32m[1mLinking CXX shared library libcustom_interfaces__rosidl_typesupport_fastrtps_c.so[0m
[10.535s] [ 76%] Built target custom_interfaces__rosidl_typesupport_fastrtps_c
[10.698s] [ 77%] [32m[1mLinking CXX shared library libcustom_interfaces__rosidl_typesupport_fastrtps_cpp.so[0m
[10.772s] [ 79%] [32m[1mLinking CXX shared library libcustom_interfaces__rosidl_typesupport_introspection_cpp.so[0m
[10.854s] [ 79%] Built target custom_interfaces__rosidl_typesupport_fastrtps_cpp
[10.856s] [ 79%] Built target custom_interfaces__rosidl_typesupport_introspection_cpp
[10.905s] [ 79%] Built target custom_interfaces
[10.952s] [ 80%] [34m[1mGenerating Python code for ROS interfaces[0m
[12.309s] [ 80%] Built target custom_interfaces__py
[12.356s] [ 87%] [32mBuilding C object CMakeFiles/custom_interfaces__rosidl_generator_py.dir/rosidl_generator_py/custom_interfaces/msg/_target_coordinates_s.c.o[0m
[12.357s] [ 87%] [32mBuilding C object CMakeFiles/custom_interfaces__rosidl_generator_py.dir/rosidl_generator_py/custom_interfaces/msg/_ca_s.c.o[0m
[12.357s] [ 87%] [32mBuilding C object CMakeFiles/custom_interfaces__rosidl_generator_py.dir/rosidl_generator_py/custom_interfaces/msg/_coordinates_s.c.o[0m
[12.357s] [ 87%] [32mBuilding C object CMakeFiles/custom_interfaces__rosidl_generator_py.dir/rosidl_generator_py/custom_interfaces/srv/_follow_gps_s.c.o[0m
[12.358s] [ 88%] [32mBuilding C object CMakeFiles/custom_interfaces__rosidl_generator_py.dir/rosidl_generator_py/custom_interfaces/msg/_age_s.c.o[0m
[12.609s] [ 90%] [32m[1mLinking C shared library rosidl_generator_py/custom_interfaces/libcustom_interfaces__rosidl_generator_py.so[0m
[12.701s] [ 90%] Built target custom_interfaces__rosidl_generator_py
[12.744s] [ 95%] [32mBuilding C object CMakeFiles/custom_interfaces__rosidl_typesupport_introspection_c__pyext.dir/rosidl_generator_py/custom_interfaces/_custom_interfaces_s.ep.rosidl_typesupport_introspection_c.c.o[0m
[12.744s] [ 95%] [32mBuilding C object CMakeFiles/custom_interfaces__rosidl_typesupport_c__pyext.dir/rosidl_generator_py/custom_interfaces/_custom_interfaces_s.ep.rosidl_typesupport_c.c.o[0m
[12.745s] [ 95%] [32mBuilding C object CMakeFiles/custom_interfaces__rosidl_typesupport_fastrtps_c__pyext.dir/rosidl_generator_py/custom_interfaces/_custom_interfaces_s.ep.rosidl_typesupport_fastrtps_c.c.o[0m
[12.967s] [ 96%] [32m[1mLinking C shared library rosidl_generator_py/custom_interfaces/custom_interfaces_s__rosidl_typesupport_fastrtps_c.cpython-310-aarch64-linux-gnu.so[0m
[12.967s] [ 98%] [32m[1mLinking C shared library rosidl_generator_py/custom_interfaces/custom_interfaces_s__rosidl_typesupport_introspection_c.cpython-310-aarch64-linux-gnu.so[0m
[12.972s] [100%] [32m[1mLinking C shared library rosidl_generator_py/custom_interfaces/custom_interfaces_s__rosidl_typesupport_c.cpython-310-aarch64-linux-gnu.so[0m
[13.039s] [100%] Built target custom_interfaces__rosidl_typesupport_introspection_c__pyext
[13.039s] [100%] Built target custom_interfaces__rosidl_typesupport_fastrtps_c__pyext
[13.052s] [100%] Built target custom_interfaces__rosidl_typesupport_c__pyext
[13.084s] Invoked command in '/home/quantum_main/computer_vision/build/custom_interfaces' returned '0': CMAKE_PREFIX_PATH=${CMAKE_PREFIX_PATH}:/home/quantum_main/ros2_ws/install/qr_navigation_2:/home/quantum_main/ros2_ws/install/bno055:/opt/ros/humble /usr/bin/cmake --build /home/quantum_main/computer_vision/build/custom_interfaces -- -j6 -l6
[13.406s] Invoking command in '/home/quantum_main/computer_vision/build/custom_interfaces': CMAKE_PREFIX_PATH=${CMAKE_PREFIX_PATH}:/home/quantum_main/ros2_ws/install/qr_navigation_2:/home/quantum_main/ros2_ws/install/bno055:/opt/ros/humble /usr/bin/cmake --install /home/quantum_main/computer_vision/build/custom_interfaces
[13.424s] -- Install configuration: ""
[13.425s] -- Installing: /home/quantum_main/computer_vision/install/custom_interfaces/share/ament_index/resource_index/rosidl_interfaces/custom_interfaces
[13.425s] -- Installing: /home/quantum_main/computer_vision/install/custom_interfaces/include/custom_interfaces/custom_interfaces
[13.426s] -- Installing: /home/quantum_main/computer_vision/install/custom_interfaces/include/custom_interfaces/custom_interfaces/srv
[13.426s] -- Installing: /home/quantum_main/computer_vision/install/custom_interfaces/include/custom_interfaces/custom_interfaces/srv/detail
[13.427s] -- Installing: /home/quantum_main/computer_vision/install/custom_interfaces/include/custom_interfaces/custom_interfaces/srv/detail/follow_gps__type_support.h
[13.427s] -- Installing: /home/quantum_main/computer_vision/install/custom_interfaces/include/custom_interfaces/custom_interfaces/srv/detail/follow_gps__struct.h
[13.427s] -- Installing: /home/quantum_main/computer_vision/install/custom_interfaces/include/custom_interfaces/custom_interfaces/srv/detail/follow_gps__functions.h
[13.428s] -- Installing: /home/quantum_main/computer_vision/install/custom_interfaces/include/custom_interfaces/custom_interfaces/srv/detail/follow_gps__functions.c
[13.428s] -- Installing: /home/quantum_main/computer_vision/install/custom_interfaces/include/custom_interfaces/custom_interfaces/srv/follow_gps.h
[13.428s] -- Installing: /home/quantum_main/computer_vision/install/custom_interfaces/include/custom_interfaces/custom_interfaces/msg
[13.429s] -- Installing: /home/quantum_main/computer_vision/install/custom_interfaces/include/custom_interfaces/custom_interfaces/msg/target_coordinates.h
[13.429s] -- Installing: /home/quantum_main/computer_vision/install/custom_interfaces/include/custom_interfaces/custom_interfaces/msg/detail
[13.429s] -- Installing: /home/quantum_main/computer_vision/install/custom_interfaces/include/custom_interfaces/custom_interfaces/msg/detail/age__type_support.h
[13.430s] -- Installing: /home/quantum_main/computer_vision/install/custom_interfaces/include/custom_interfaces/custom_interfaces/msg/detail/ca__functions.h
[13.430s] -- Installing: /home/quantum_main/computer_vision/install/custom_interfaces/include/custom_interfaces/custom_interfaces/msg/detail/ca__type_support.h
[13.430s] -- Installing: /home/quantum_main/computer_vision/install/custom_interfaces/include/custom_interfaces/custom_interfaces/msg/detail/target_coordinates__functions.c
[13.431s] -- Installing: /home/quantum_main/computer_vision/install/custom_interfaces/include/custom_interfaces/custom_interfaces/msg/detail/age__struct.h
[13.431s] -- Installing: /home/quantum_main/computer_vision/install/custom_interfaces/include/custom_interfaces/custom_interfaces/msg/detail/target_coordinates__struct.h
[13.431s] -- Installing: /home/quantum_main/computer_vision/install/custom_interfaces/include/custom_interfaces/custom_interfaces/msg/detail/target_coordinates__functions.h
[13.432s] -- Installing: /home/quantum_main/computer_vision/install/custom_interfaces/include/custom_interfaces/custom_interfaces/msg/detail/ca__functions.c
[13.432s] -- Installing: /home/quantum_main/computer_vision/install/custom_interfaces/include/custom_interfaces/custom_interfaces/msg/detail/ca__struct.h
[13.432s] -- Installing: /home/quantum_main/computer_vision/install/custom_interfaces/include/custom_interfaces/custom_interfaces/msg/detail/age__functions.h
[13.433s] -- Installing: /home/quantum_main/computer_vision/install/custom_interfaces/include/custom_interfaces/custom_interfaces/msg/detail/coordinates__struct.h
[13.433s] -- Installing: /home/quantum_main/computer_vision/install/custom_interfaces/include/custom_interfaces/custom_interfaces/msg/detail/age__functions.c
[13.433s] -- Installing: /home/quantum_main/computer_vision/install/custom_interfaces/include/custom_interfaces/custom_interfaces/msg/detail/coordinates__type_support.h
[13.434s] -- Installing: /home/quantum_main/computer_vision/install/custom_interfaces/include/custom_interfaces/custom_interfaces/msg/detail/coordinates__functions.c
[13.434s] -- Installing: /home/quantum_main/computer_vision/install/custom_interfaces/include/custom_interfaces/custom_interfaces/msg/detail/coordinates__functions.h
[13.434s] -- Installing: /home/quantum_main/computer_vision/install/custom_interfaces/include/custom_interfaces/custom_interfaces/msg/detail/target_coordinates__type_support.h
[13.434s] -- Installing: /home/quantum_main/computer_vision/install/custom_interfaces/include/custom_interfaces/custom_interfaces/msg/rosidl_generator_c__visibility_control.h
[13.435s] -- Installing: /home/quantum_main/computer_vision/install/custom_interfaces/include/custom_interfaces/custom_interfaces/msg/age.h
[13.435s] -- Installing: /home/quantum_main/computer_vision/install/custom_interfaces/include/custom_interfaces/custom_interfaces/msg/ca.h
[13.435s] -- Installing: /home/quantum_main/computer_vision/install/custom_interfaces/include/custom_interfaces/custom_interfaces/msg/coordinates.h
[13.436s] -- Installing: /home/quantum_main/computer_vision/install/custom_interfaces/share/custom_interfaces/environment/library_path.sh
[13.437s] -- Installing: /home/quantum_main/computer_vision/install/custom_interfaces/share/custom_interfaces/environment/library_path.dsv
[13.437s] -- Installing: /home/quantum_main/computer_vision/install/custom_interfaces/lib/libcustom_interfaces__rosidl_generator_c.so
[13.437s] -- Set runtime path of "/home/quantum_main/computer_vision/install/custom_interfaces/lib/libcustom_interfaces__rosidl_generator_c.so" to ""
[13.438s] -- Up-to-date: /home/quantum_main/computer_vision/install/custom_interfaces/include/custom_interfaces/custom_interfaces
[13.438s] -- Up-to-date: /home/quantum_main/computer_vision/install/custom_interfaces/include/custom_interfaces/custom_interfaces/srv
[13.438s] -- Up-to-date: /home/quantum_main/computer_vision/install/custom_interfaces/include/custom_interfaces/custom_interfaces/srv/detail
[13.439s] -- Installing: /home/quantum_main/computer_vision/install/custom_interfaces/include/custom_interfaces/custom_interfaces/srv/detail/follow_gps__rosidl_typesupport_fastrtps_c.h
[13.439s] -- Up-to-date: /home/quantum_main/computer_vision/install/custom_interfaces/include/custom_interfaces/custom_interfaces/msg
[13.439s] -- Up-to-date: /home/quantum_main/computer_vision/install/custom_interfaces/include/custom_interfaces/custom_interfaces/msg/detail
[13.439s] -- Installing: /home/quantum_main/computer_vision/install/custom_interfaces/include/custom_interfaces/custom_interfaces/msg/detail/coordinates__rosidl_typesupport_fastrtps_c.h
[13.440s] -- Installing: /home/quantum_main/computer_vision/install/custom_interfaces/include/custom_interfaces/custom_interfaces/msg/detail/target_coordinates__rosidl_typesupport_fastrtps_c.h
[13.440s] -- Installing: /home/quantum_main/computer_vision/install/custom_interfaces/include/custom_interfaces/custom_interfaces/msg/detail/age__rosidl_typesupport_fastrtps_c.h
[13.440s] -- Installing: /home/quantum_main/computer_vision/install/custom_interfaces/include/custom_interfaces/custom_interfaces/msg/detail/ca__rosidl_typesupport_fastrtps_c.h
[13.441s] -- Installing: /home/quantum_main/computer_vision/install/custom_interfaces/include/custom_interfaces/custom_interfaces/msg/rosidl_typesupport_fastrtps_c__visibility_control.h
[13.441s] -- Installing: /home/quantum_main/computer_vision/install/custom_interfaces/lib/libcustom_interfaces__rosidl_typesupport_fastrtps_c.so
[13.442s] -- Set runtime path of "/home/quantum_main/computer_vision/install/custom_interfaces/lib/libcustom_interfaces__rosidl_typesupport_fastrtps_c.so" to ""
[13.442s] -- Up-to-date: /home/quantum_main/computer_vision/install/custom_interfaces/include/custom_interfaces/custom_interfaces
[13.442s] -- Up-to-date: /home/quantum_main/computer_vision/install/custom_interfaces/include/custom_interfaces/custom_interfaces/srv
[13.443s] -- Up-to-date: /home/quantum_main/computer_vision/install/custom_interfaces/include/custom_interfaces/custom_interfaces/srv/detail
[13.443s] -- Installing: /home/quantum_main/computer_vision/install/custom_interfaces/include/custom_interfaces/custom_interfaces/srv/detail/follow_gps__struct.hpp
[13.443s] -- Installing: /home/quantum_main/computer_vision/install/custom_interfaces/include/custom_interfaces/custom_interfaces/srv/detail/follow_gps__builder.hpp
[13.444s] -- Installing: /home/quantum_main/computer_vision/install/custom_interfaces/include/custom_interfaces/custom_interfaces/srv/detail/follow_gps__traits.hpp
[13.444s] -- Installing: /home/quantum_main/computer_vision/install/custom_interfaces/include/custom_interfaces/custom_interfaces/srv/follow_gps.hpp
[13.444s] -- Up-to-date: /home/quantum_main/computer_vision/install/custom_interfaces/include/custom_interfaces/custom_interfaces/msg
[13.445s] -- Up-to-date: /home/quantum_main/computer_vision/install/custom_interfaces/include/custom_interfaces/custom_interfaces/msg/detail
[13.445s] -- Installing: /home/quantum_main/computer_vision/install/custom_interfaces/include/custom_interfaces/custom_interfaces/msg/detail/target_coordinates__traits.hpp
[13.445s] -- Installing: /home/quantum_main/computer_vision/install/custom_interfaces/include/custom_interfaces/custom_interfaces/msg/detail/age__traits.hpp
[13.446s] -- Installing: /home/quantum_main/computer_vision/install/custom_interfaces/include/custom_interfaces/custom_interfaces/msg/detail/coordinates__struct.hpp
[13.446s] -- Installing: /home/quantum_main/computer_vision/install/custom_interfaces/include/custom_interfaces/custom_interfaces/msg/detail/ca__struct.hpp
[13.446s] -- Installing: /home/quantum_main/computer_vision/install/custom_interfaces/include/custom_interfaces/custom_interfaces/msg/detail/target_coordinates__struct.hpp
[13.447s] -- Installing: /home/quantum_main/computer_vision/install/custom_interfaces/include/custom_interfaces/custom_interfaces/msg/detail/coordinates__builder.hpp
[13.447s] -- Installing: /home/quantum_main/computer_vision/install/custom_interfaces/include/custom_interfaces/custom_interfaces/msg/detail/target_coordinates__builder.hpp
[13.447s] -- Installing: /home/quantum_main/computer_vision/install/custom_interfaces/include/custom_interfaces/custom_interfaces/msg/detail/age__struct.hpp
[13.448s] -- Installing: /home/quantum_main/computer_vision/install/custom_interfaces/include/custom_interfaces/custom_interfaces/msg/detail/age__builder.hpp
[13.448s] -- Installing: /home/quantum_main/computer_vision/install/custom_interfaces/include/custom_interfaces/custom_interfaces/msg/detail/coordinates__traits.hpp
[13.448s] -- Installing: /home/quantum_main/computer_vision/install/custom_interfaces/include/custom_interfaces/custom_interfaces/msg/detail/ca__traits.hpp
[13.449s] -- Installing: /home/quantum_main/computer_vision/install/custom_interfaces/include/custom_interfaces/custom_interfaces/msg/detail/ca__builder.hpp
[13.449s] -- Installing: /home/quantum_main/computer_vision/install/custom_interfaces/include/custom_interfaces/custom_interfaces/msg/age.hpp
[13.450s] -- Installing: /home/quantum_main/computer_vision/install/custom_interfaces/include/custom_interfaces/custom_interfaces/msg/target_coordinates.hpp
[13.450s] -- Installing: /home/quantum_main/computer_vision/install/custom_interfaces/include/custom_interfaces/custom_interfaces/msg/coordinates.hpp
[13.450s] -- Installing: /home/quantum_main/computer_vision/install/custom_interfaces/include/custom_interfaces/custom_interfaces/msg/ca.hpp
[13.451s] -- Up-to-date: /home/quantum_main/computer_vision/install/custom_interfaces/include/custom_interfaces/custom_interfaces
[13.451s] -- Up-to-date: /home/quantum_main/computer_vision/install/custom_interfaces/include/custom_interfaces/custom_interfaces/srv
[13.451s] -- Up-to-date: /home/quantum_main/computer_vision/install/custom_interfaces/include/custom_interfaces/custom_interfaces/srv/detail
[13.452s] -- Installing: /home/quantum_main/computer_vision/install/custom_interfaces/include/custom_interfaces/custom_interfaces/srv/detail/follow_gps__rosidl_typesupport_fastrtps_cpp.hpp
[13.452s] -- Installing: /home/quantum_main/computer_vision/install/custom_interfaces/include/custom_interfaces/custom_interfaces/srv/detail/dds_fastrtps
[13.452s] -- Up-to-date: /home/quantum_main/computer_vision/install/custom_interfaces/include/custom_interfaces/custom_interfaces/msg
[13.453s] -- Up-to-date: /home/quantum_main/computer_vision/install/custom_interfaces/include/custom_interfaces/custom_interfaces/msg/detail
[13.453s] -- Installing: /home/quantum_main/computer_vision/install/custom_interfaces/include/custom_interfaces/custom_interfaces/msg/detail/ca__rosidl_typesupport_fastrtps_cpp.hpp
[13.453s] -- Installing: /home/quantum_main/computer_vision/install/custom_interfaces/include/custom_interfaces/custom_interfaces/msg/detail/age__rosidl_typesupport_fastrtps_cpp.hpp
[13.454s] -- Installing: /home/quantum_main/computer_vision/install/custom_interfaces/include/custom_interfaces/custom_interfaces/msg/detail/coordinates__rosidl_typesupport_fastrtps_cpp.hpp
[13.454s] -- Installing: /home/quantum_main/computer_vision/install/custom_interfaces/include/custom_interfaces/custom_interfaces/msg/detail/target_coordinates__rosidl_typesupport_fastrtps_cpp.hpp
[13.454s] -- Installing: /home/quantum_main/computer_vision/install/custom_interfaces/include/custom_interfaces/custom_interfaces/msg/detail/dds_fastrtps
[13.455s] -- Installing: /home/quantum_main/computer_vision/install/custom_interfaces/include/custom_interfaces/custom_interfaces/msg/rosidl_typesupport_fastrtps_cpp__visibility_control.h
[13.455s] -- Installing: /home/quantum_main/computer_vision/install/custom_interfaces/lib/libcustom_interfaces__rosidl_typesupport_fastrtps_cpp.so
[13.455s] -- Set runtime path of "/home/quantum_main/computer_vision/install/custom_interfaces/lib/libcustom_interfaces__rosidl_typesupport_fastrtps_cpp.so" to ""
[13.455s] -- Up-to-date: /home/quantum_main/computer_vision/install/custom_interfaces/include/custom_interfaces/custom_interfaces
[13.456s] -- Up-to-date: /home/quantum_main/computer_vision/install/custom_interfaces/include/custom_interfaces/custom_interfaces/srv
[13.456s] -- Up-to-date: /home/quantum_main/computer_vision/install/custom_interfaces/include/custom_interfaces/custom_interfaces/srv/detail
[13.456s] -- Installing: /home/quantum_main/computer_vision/install/custom_interfaces/include/custom_interfaces/custom_interfaces/srv/detail/follow_gps__rosidl_typesupport_introspection_c.h
[13.457s] -- Installing: /home/quantum_main/computer_vision/install/custom_interfaces/include/custom_interfaces/custom_interfaces/srv/detail/follow_gps__type_support.c
[13.458s] -- Up-to-date: /home/quantum_main/computer_vision/install/custom_interfaces/include/custom_interfaces/custom_interfaces/msg
[13.458s] -- Up-to-date: /home/quantum_main/computer_vision/install/custom_interfaces/include/custom_interfaces/custom_interfaces/msg/detail
[13.458s] -- Installing: /home/quantum_main/computer_vision/install/custom_interfaces/include/custom_interfaces/custom_interfaces/msg/detail/age__rosidl_typesupport_introspection_c.h
[13.459s] -- Installing: /home/quantum_main/computer_vision/install/custom_interfaces/include/custom_interfaces/custom_interfaces/msg/detail/age__type_support.c
[13.459s] -- Installing: /home/quantum_main/computer_vision/install/custom_interfaces/include/custom_interfaces/custom_interfaces/msg/detail/ca__type_support.c
[13.460s] -- Installing: /home/quantum_main/computer_vision/install/custom_interfaces/include/custom_interfaces/custom_interfaces/msg/detail/target_coordinates__type_support.c
[13.460s] -- Installing: /home/quantum_main/computer_vision/install/custom_interfaces/include/custom_interfaces/custom_interfaces/msg/detail/target_coordinates__rosidl_typesupport_introspection_c.h
[13.460s] -- Installing: /home/quantum_main/computer_vision/install/custom_interfaces/include/custom_interfaces/custom_interfaces/msg/detail/coordinates__rosidl_typesupport_introspection_c.h
[13.461s] -- Installing: /home/quantum_main/computer_vision/install/custom_interfaces/include/custom_interfaces/custom_interfaces/msg/detail/ca__rosidl_typesupport_introspection_c.h
[13.461s] -- Installing: /home/quantum_main/computer_vision/install/custom_interfaces/include/custom_interfaces/custom_interfaces/msg/detail/coordinates__type_support.c
[13.461s] -- Installing: /home/quantum_main/computer_vision/install/custom_interfaces/include/custom_interfaces/custom_interfaces/msg/rosidl_typesupport_introspection_c__visibility_control.h
[13.461s] -- Installing: /home/quantum_main/computer_vision/install/custom_interfaces/lib/libcustom_interfaces__rosidl_typesupport_introspection_c.so
[13.462s] -- Set runtime path of "/home/quantum_main/computer_vision/install/custom_interfaces/lib/libcustom_interfaces__rosidl_typesupport_introspection_c.so" to ""
[13.462s] -- Installing: /home/quantum_main/computer_vision/install/custom_interfaces/lib/libcustom_interfaces__rosidl_typesupport_c.so
[13.462s] -- Set runtime path of "/home/quantum_main/computer_vision/install/custom_interfaces/lib/libcustom_interfaces__rosidl_typesupport_c.so" to ""
[13.462s] -- Up-to-date: /home/quantum_main/computer_vision/install/custom_interfaces/include/custom_interfaces/custom_interfaces
[13.463s] -- Up-to-date: /home/quantum_main/computer_vision/install/custom_interfaces/include/custom_interfaces/custom_interfaces/srv
[13.463s] -- Up-to-date: /home/quantum_main/computer_vision/install/custom_interfaces/include/custom_interfaces/custom_interfaces/srv/detail
[13.463s] -- Installing: /home/quantum_main/computer_vision/install/custom_interfaces/include/custom_interfaces/custom_interfaces/srv/detail/follow_gps__rosidl_typesupport_introspection_cpp.hpp
[13.463s] -- Installing: /home/quantum_main/computer_vision/install/custom_interfaces/include/custom_interfaces/custom_interfaces/srv/detail/follow_gps__type_support.cpp
[13.464s] -- Up-to-date: /home/quantum_main/computer_vision/install/custom_interfaces/include/custom_interfaces/custom_interfaces/msg
[13.464s] -- Up-to-date: /home/quantum_main/computer_vision/install/custom_interfaces/include/custom_interfaces/custom_interfaces/msg/detail
[13.464s] -- Installing: /home/quantum_main/computer_vision/install/custom_interfaces/include/custom_interfaces/custom_interfaces/msg/detail/age__type_support.cpp
[13.464s] -- Installing: /home/quantum_main/computer_vision/install/custom_interfaces/include/custom_interfaces/custom_interfaces/msg/detail/target_coordinates__type_support.cpp
[13.465s] -- Installing: /home/quantum_main/computer_vision/install/custom_interfaces/include/custom_interfaces/custom_interfaces/msg/detail/coordinates__rosidl_typesupport_introspection_cpp.hpp
[13.465s] -- Installing: /home/quantum_main/computer_vision/install/custom_interfaces/include/custom_interfaces/custom_interfaces/msg/detail/age__rosidl_typesupport_introspection_cpp.hpp
[13.465s] -- Installing: /home/quantum_main/computer_vision/install/custom_interfaces/include/custom_interfaces/custom_interfaces/msg/detail/ca__rosidl_typesupport_introspection_cpp.hpp
[13.465s] -- Installing: /home/quantum_main/computer_vision/install/custom_interfaces/include/custom_interfaces/custom_interfaces/msg/detail/target_coordinates__rosidl_typesupport_introspection_cpp.hpp
[13.466s] -- Installing: /home/quantum_main/computer_vision/install/custom_interfaces/include/custom_interfaces/custom_interfaces/msg/detail/coordinates__type_support.cpp
[13.466s] -- Installing: /home/quantum_main/computer_vision/install/custom_interfaces/include/custom_interfaces/custom_interfaces/msg/detail/ca__type_support.cpp
[13.466s] -- Installing: /home/quantum_main/computer_vision/install/custom_interfaces/lib/libcustom_interfaces__rosidl_typesupport_introspection_cpp.so
[13.466s] -- Set runtime path of "/home/quantum_main/computer_vision/install/custom_interfaces/lib/libcustom_interfaces__rosidl_typesupport_introspection_cpp.so" to ""
[13.467s] -- Installing: /home/quantum_main/computer_vision/install/custom_interfaces/lib/libcustom_interfaces__rosidl_typesupport_cpp.so
[13.467s] -- Set runtime path of "/home/quantum_main/computer_vision/install/custom_interfaces/lib/libcustom_interfaces__rosidl_typesupport_cpp.so" to ""
[13.467s] -- Installing: /home/quantum_main/computer_vision/install/custom_interfaces/share/custom_interfaces/environment/pythonpath.sh
[13.468s] -- Installing: /home/quantum_main/computer_vision/install/custom_interfaces/share/custom_interfaces/environment/pythonpath.dsv
[13.468s] -- Installing: /home/quantum_main/computer_vision/install/custom_interfaces/local/lib/python3.10/dist-packages/custom_interfaces-0.0.0-py3.10.egg-info
[13.468s] -- Installing: /home/quantum_main/computer_vision/install/custom_interfaces/local/lib/python3.10/dist-packages/custom_interfaces-0.0.0-py3.10.egg-info/top_level.txt
[13.468s] -- Installing: /home/quantum_main/computer_vision/install/custom_interfaces/local/lib/python3.10/dist-packages/custom_interfaces-0.0.0-py3.10.egg-info/dependency_links.txt
[13.469s] -- Installing: /home/quantum_main/computer_vision/install/custom_interfaces/local/lib/python3.10/dist-packages/custom_interfaces-0.0.0-py3.10.egg-info/SOURCES.txt
[13.469s] -- Installing: /home/quantum_main/computer_vision/install/custom_interfaces/local/lib/python3.10/dist-packages/custom_interfaces-0.0.0-py3.10.egg-info/PKG-INFO
[13.469s] -- Installing: /home/quantum_main/computer_vision/install/custom_interfaces/local/lib/python3.10/dist-packages/custom_interfaces
[13.470s] -- Installing: /home/quantum_main/computer_vision/install/custom_interfaces/local/lib/python3.10/dist-packages/custom_interfaces/srv
[13.470s] -- Installing: /home/quantum_main/computer_vision/install/custom_interfaces/local/lib/python3.10/dist-packages/custom_interfaces/srv/_follow_gps.py
[13.470s] -- Installing: /home/quantum_main/computer_vision/install/custom_interfaces/local/lib/python3.10/dist-packages/custom_interfaces/srv/_follow_gps_s.c
[13.471s] -- Installing: /home/quantum_main/computer_vision/install/custom_interfaces/local/lib/python3.10/dist-packages/custom_interfaces/srv/__init__.py
[13.471s] -- Installing: /home/quantum_main/computer_vision/install/custom_interfaces/local/lib/python3.10/dist-packages/custom_interfaces/custom_interfaces_s__rosidl_typesupport_fastrtps_c.cpython-310-aarch64-linux-gnu.so
[13.471s] -- Installing: /home/quantum_main/computer_vision/install/custom_interfaces/local/lib/python3.10/dist-packages/custom_interfaces/libcustom_interfaces__rosidl_generator_py.so
[13.471s] -- Installing: /home/quantum_main/computer_vision/install/custom_interfaces/local/lib/python3.10/dist-packages/custom_interfaces/_custom_interfaces_s.ep.rosidl_typesupport_c.c
[13.472s] -- Installing: /home/quantum_main/computer_vision/install/custom_interfaces/local/lib/python3.10/dist-packages/custom_interfaces/msg
[13.472s] -- Installing: /home/quantum_main/computer_vision/install/custom_interfaces/local/lib/python3.10/dist-packages/custom_interfaces/msg/_target_coordinates_s.c
[13.472s] -- Installing: /home/quantum_main/computer_vision/install/custom_interfaces/local/lib/python3.10/dist-packages/custom_interfaces/msg/_ca_s.c
[13.473s] -- Installing: /home/quantum_main/computer_vision/install/custom_interfaces/local/lib/python3.10/dist-packages/custom_interfaces/msg/_coordinates.py
[13.473s] -- Installing: /home/quantum_main/computer_vision/install/custom_interfaces/local/lib/python3.10/dist-packages/custom_interfaces/msg/_age_s.c
[13.473s] -- Installing: /home/quantum_main/computer_vision/install/custom_interfaces/local/lib/python3.10/dist-packages/custom_interfaces/msg/_target_coordinates.py
[13.474s] -- Installing: /home/quantum_main/computer_vision/install/custom_interfaces/local/lib/python3.10/dist-packages/custom_interfaces/msg/__init__.py
[13.474s] -- Installing: /home/quantum_main/computer_vision/install/custom_interfaces/local/lib/python3.10/dist-packages/custom_interfaces/msg/_coordinates_s.c
[13.474s] -- Installing: /home/quantum_main/computer_vision/install/custom_interfaces/local/lib/python3.10/dist-packages/custom_interfaces/msg/_ca.py
[13.474s] -- Installing: /home/quantum_main/computer_vision/install/custom_interfaces/local/lib/python3.10/dist-packages/custom_interfaces/msg/_age.py
[13.475s] -- Installing: /home/quantum_main/computer_vision/install/custom_interfaces/local/lib/python3.10/dist-packages/custom_interfaces/_custom_interfaces_s.ep.rosidl_typesupport_fastrtps_c.c
[13.475s] -- Installing: /home/quantum_main/computer_vision/install/custom_interfaces/local/lib/python3.10/dist-packages/custom_interfaces/_custom_interfaces_s.ep.rosidl_typesupport_introspection_c.c
[13.475s] -- Installing: /home/quantum_main/computer_vision/install/custom_interfaces/local/lib/python3.10/dist-packages/custom_interfaces/__init__.py
[13.475s] -- Installing: /home/quantum_main/computer_vision/install/custom_interfaces/local/lib/python3.10/dist-packages/custom_interfaces/custom_interfaces_s__rosidl_typesupport_c.cpython-310-aarch64-linux-gnu.so
[13.476s] -- Installing: /home/quantum_main/computer_vision/install/custom_interfaces/local/lib/python3.10/dist-packages/custom_interfaces/custom_interfaces_s__rosidl_typesupport_introspection_c.cpython-310-aarch64-linux-gnu.so
[13.544s] Listing '/home/quantum_main/computer_vision/install/custom_interfaces/local/lib/python3.10/dist-packages/custom_interfaces'...
[13.544s] Compiling '/home/quantum_main/computer_vision/install/custom_interfaces/local/lib/python3.10/dist-packages/custom_interfaces/__init__.py'...
[13.544s] Listing '/home/quantum_main/computer_vision/install/custom_interfaces/local/lib/python3.10/dist-packages/custom_interfaces/msg'...
[13.544s] Compiling '/home/quantum_main/computer_vision/install/custom_interfaces/local/lib/python3.10/dist-packages/custom_interfaces/msg/__init__.py'...
[13.544s] Compiling '/home/quantum_main/computer_vision/install/custom_interfaces/local/lib/python3.10/dist-packages/custom_interfaces/msg/_age.py'...
[13.545s] Compiling '/home/quantum_main/computer_vision/install/custom_interfaces/local/lib/python3.10/dist-packages/custom_interfaces/msg/_ca.py'...
[13.545s] Compiling '/home/quantum_main/computer_vision/install/custom_interfaces/local/lib/python3.10/dist-packages/custom_interfaces/msg/_coordinates.py'...
[13.545s] Compiling '/home/quantum_main/computer_vision/install/custom_interfaces/local/lib/python3.10/dist-packages/custom_interfaces/msg/_target_coordinates.py'...
[13.545s] Listing '/home/quantum_main/computer_vision/install/custom_interfaces/local/lib/python3.10/dist-packages/custom_interfaces/srv'...
[13.545s] Compiling '/home/quantum_main/computer_vision/install/custom_interfaces/local/lib/python3.10/dist-packages/custom_interfaces/srv/__init__.py'...
[13.545s] Compiling '/home/quantum_main/computer_vision/install/custom_interfaces/local/lib/python3.10/dist-packages/custom_interfaces/srv/_follow_gps.py'...
[13.556s] -- Installing: /home/quantum_main/computer_vision/install/custom_interfaces/local/lib/python3.10/dist-packages/custom_interfaces/custom_interfaces_s__rosidl_typesupport_fastrtps_c.cpython-310-aarch64-linux-gnu.so
[13.556s] -- Set runtime path of "/home/quantum_main/computer_vision/install/custom_interfaces/local/lib/python3.10/dist-packages/custom_interfaces/custom_interfaces_s__rosidl_typesupport_fastrtps_c.cpython-310-aarch64-linux-gnu.so" to ""
[13.556s] -- Installing: /home/quantum_main/computer_vision/install/custom_interfaces/local/lib/python3.10/dist-packages/custom_interfaces/custom_interfaces_s__rosidl_typesupport_introspection_c.cpython-310-aarch64-linux-gnu.so
[13.557s] -- Set runtime path of "/home/quantum_main/computer_vision/install/custom_interfaces/local/lib/python3.10/dist-packages/custom_interfaces/custom_interfaces_s__rosidl_typesupport_introspection_c.cpython-310-aarch64-linux-gnu.so" to ""
[13.557s] -- Installing: /home/quantum_main/computer_vision/install/custom_interfaces/local/lib/python3.10/dist-packages/custom_interfaces/custom_interfaces_s__rosidl_typesupport_c.cpython-310-aarch64-linux-gnu.so
[13.558s] -- Set runtime path of "/home/quantum_main/computer_vision/install/custom_interfaces/local/lib/python3.10/dist-packages/custom_interfaces/custom_interfaces_s__rosidl_typesupport_c.cpython-310-aarch64-linux-gnu.so" to ""
[13.558s] -- Installing: /home/quantum_main/computer_vision/install/custom_interfaces/lib/libcustom_interfaces__rosidl_generator_py.so
[13.559s] -- Set runtime path of "/home/quantum_main/computer_vision/install/custom_interfaces/lib/libcustom_interfaces__rosidl_generator_py.so" to ""
[13.560s] -- Installing: /home/quantum_main/computer_vision/install/custom_interfaces/share/custom_interfaces/msg/Age.idl
[13.560s] -- Installing: /home/quantum_main/computer_vision/install/custom_interfaces/share/custom_interfaces/srv/FollowGPS.idl
[13.560s] -- Installing: /home/quantum_main/computer_vision/install/custom_interfaces/share/custom_interfaces/msg/TargetCoordinates.idl
[13.561s] -- Installing: /home/quantum_main/computer_vision/install/custom_interfaces/share/custom_interfaces/msg/Coordinates.idl
[13.561s] -- Installing: /home/quantum_main/computer_vision/install/custom_interfaces/share/custom_interfaces/msg/CA.idl
[13.561s] -- Installing: /home/quantum_main/computer_vision/install/custom_interfaces/share/custom_interfaces/msg/Age.msg
[13.562s] -- Installing: /home/quantum_main/computer_vision/install/custom_interfaces/share/custom_interfaces/srv/FollowGPS.srv
[13.562s] -- Installing: /home/quantum_main/computer_vision/install/custom_interfaces/share/custom_interfaces/srv/FollowGPS_Request.msg
[13.562s] -- Installing: /home/quantum_main/computer_vision/install/custom_interfaces/share/custom_interfaces/srv/FollowGPS_Response.msg
[13.562s] -- Installing: /home/quantum_main/computer_vision/install/custom_interfaces/share/custom_interfaces/msg/TargetCoordinates.msg
[13.563s] -- Installing: /home/quantum_main/computer_vision/install/custom_interfaces/share/custom_interfaces/msg/Coordinates.msg
[13.563s] -- Installing: /home/quantum_main/computer_vision/install/custom_interfaces/share/custom_interfaces/msg/CA.msg
[13.564s] -- Installing: /home/quantum_main/computer_vision/install/custom_interfaces/share/ament_index/resource_index/package_run_dependencies/custom_interfaces
[13.564s] -- Installing: /home/quantum_main/computer_vision/install/custom_interfaces/share/ament_index/resource_index/parent_prefix_path/custom_interfaces
[13.564s] -- Installing: /home/quantum_main/computer_vision/install/custom_interfaces/share/custom_interfaces/environment/ament_prefix_path.sh
[13.565s] -- Installing: /home/quantum_main/computer_vision/install/custom_interfaces/share/custom_interfaces/environment/ament_prefix_path.dsv
[13.565s] -- Installing: /home/quantum_main/computer_vision/install/custom_interfaces/share/custom_interfaces/environment/path.sh
[13.565s] -- Installing: /home/quantum_main/computer_vision/install/custom_interfaces/share/custom_interfaces/environment/path.dsv
[13.566s] -- Installing: /home/quantum_main/computer_vision/install/custom_interfaces/share/custom_interfaces/local_setup.bash
[13.566s] -- Installing: /home/quantum_main/computer_vision/install/custom_interfaces/share/custom_interfaces/local_setup.sh
[13.566s] -- Installing: /home/quantum_main/computer_vision/install/custom_interfaces/share/custom_interfaces/local_setup.zsh
[13.567s] -- Installing: /home/quantum_main/computer_vision/install/custom_interfaces/share/custom_interfaces/local_setup.dsv
[13.567s] -- Installing: /home/quantum_main/computer_vision/install/custom_interfaces/share/custom_interfaces/package.dsv
[13.567s] -- Installing: /home/quantum_main/computer_vision/install/custom_interfaces/share/ament_index/resource_index/packages/custom_interfaces
[13.568s] -- Installing: /home/quantum_main/computer_vision/install/custom_interfaces/share/custom_interfaces/cmake/export_custom_interfaces__rosidl_generator_cExport.cmake
[13.568s] -- Installing: /home/quantum_main/computer_vision/install/custom_interfaces/share/custom_interfaces/cmake/export_custom_interfaces__rosidl_generator_cExport-noconfig.cmake
[13.569s] -- Installing: /home/quantum_main/computer_vision/install/custom_interfaces/share/custom_interfaces/cmake/export_custom_interfaces__rosidl_typesupport_fastrtps_cExport.cmake
[13.569s] -- Installing: /home/quantum_main/computer_vision/install/custom_interfaces/share/custom_interfaces/cmake/export_custom_interfaces__rosidl_typesupport_fastrtps_cExport-noconfig.cmake
[13.569s] -- Installing: /home/quantum_main/computer_vision/install/custom_interfaces/share/custom_interfaces/cmake/export_custom_interfaces__rosidl_generator_cppExport.cmake
[13.570s] -- Installing: /home/quantum_main/computer_vision/install/custom_interfaces/share/custom_interfaces/cmake/export_custom_interfaces__rosidl_typesupport_fastrtps_cppExport.cmake
[13.570s] -- Installing: /home/quantum_main/computer_vision/install/custom_interfaces/share/custom_interfaces/cmake/export_custom_interfaces__rosidl_typesupport_fastrtps_cppExport-noconfig.cmake
[13.570s] -- Installing: /home/quantum_main/computer_vision/install/custom_interfaces/share/custom_interfaces/cmake/custom_interfaces__rosidl_typesupport_introspection_cExport.cmake
[13.571s] -- Installing: /home/quantum_main/computer_vision/install/custom_interfaces/share/custom_interfaces/cmake/custom_interfaces__rosidl_typesupport_introspection_cExport-noconfig.cmake
[13.571s] -- Installing: /home/quantum_main/computer_vision/install/custom_interfaces/share/custom_interfaces/cmake/custom_interfaces__rosidl_typesupport_cExport.cmake
[13.571s] -- Installing: /home/quantum_main/computer_vision/install/custom_interfaces/share/custom_interfaces/cmake/custom_interfaces__rosidl_typesupport_cExport-noconfig.cmake
[13.571s] -- Installing: /home/quantum_main/computer_vision/install/custom_interfaces/share/custom_interfaces/cmake/custom_interfaces__rosidl_typesupport_introspection_cppExport.cmake
[13.572s] -- Installing: /home/quantum_main/computer_vision/install/custom_interfaces/share/custom_interfaces/cmake/custom_interfaces__rosidl_typesupport_introspection_cppExport-noconfig.cmake
[13.572s] -- Installing: /home/quantum_main/computer_vision/install/custom_interfaces/share/custom_interfaces/cmake/custom_interfaces__rosidl_typesupport_cppExport.cmake
[13.572s] -- Installing: /home/quantum_main/computer_vision/install/custom_interfaces/share/custom_interfaces/cmake/custom_interfaces__rosidl_typesupport_cppExport-noconfig.cmake
[13.573s] -- Installing: /home/quantum_main/computer_vision/install/custom_interfaces/share/custom_interfaces/cmake/export_custom_interfaces__rosidl_generator_pyExport.cmake
[13.573s] -- Installing: /home/quantum_main/computer_vision/install/custom_interfaces/share/custom_interfaces/cmake/export_custom_interfaces__rosidl_generator_pyExport-noconfig.cmake
[13.573s] -- Installing: /home/quantum_main/computer_vision/install/custom_interfaces/share/custom_interfaces/cmake/rosidl_cmake-extras.cmake
[13.574s] -- Installing: /home/quantum_main/computer_vision/install/custom_interfaces/share/custom_interfaces/cmake/ament_cmake_export_include_directories-extras.cmake
[13.574s] -- Installing: /home/quantum_main/computer_vision/install/custom_interfaces/share/custom_interfaces/cmake/ament_cmake_export_libraries-extras.cmake
[13.574s] -- Installing: /home/quantum_main/computer_vision/install/custom_interfaces/share/custom_interfaces/cmake/ament_cmake_export_targets-extras.cmake
[13.575s] -- Installing: /home/quantum_main/computer_vision/install/custom_interfaces/share/custom_interfaces/cmake/rosidl_cmake_export_typesupport_targets-extras.cmake
[13.575s] -- Installing: /home/quantum_main/computer_vision/install/custom_interfaces/share/custom_interfaces/cmake/ament_cmake_export_dependencies-extras.cmake
[13.575s] -- Installing: /home/quantum_main/computer_vision/install/custom_interfaces/share/custom_interfaces/cmake/rosidl_cmake_export_typesupport_libraries-extras.cmake
[13.575s] -- Installing: /home/quantum_main/computer_vision/install/custom_interfaces/share/custom_interfaces/cmake/custom_interfacesConfig.cmake
[13.576s] -- Installing: /home/quantum_main/computer_vision/install/custom_interfaces/share/custom_interfaces/cmake/custom_interfacesConfig-version.cmake
[13.576s] -- Installing: /home/quantum_main/computer_vision/install/custom_interfaces/share/custom_interfaces/package.xml
[13.583s] Invoked command in '/home/quantum_main/computer_vision/build/custom_interfaces' returned '0': CMAKE_PREFIX_PATH=${CMAKE_PREFIX_PATH}:/home/quantum_main/ros2_ws/install/qr_navigation_2:/home/quantum_main/ros2_ws/install/bno055:/opt/ros/humble /usr/bin/cmake --install /home/quantum_main/computer_vision/build/custom_interfaces
