[1.546s] Invoking command in '/home/quantum_main/computer_vision/computer_ros_vision': PYTHONPATH=/home/quantum_main/computer_vision/build/computer_ros_vision/prefix_override:/usr/lib/python3/dist-packages/colcon_core/task/python/colcon_distutils_commands:/home/quantum_main/computer_vision/install/computer_ros_vision/lib/python3.10/site-packages:${PYTHONPATH} /usr/bin/python3 -W ignore:setup.py install is deprecated setup.py egg_info --egg-base ../build/computer_ros_vision build --build-base /home/quantum_main/computer_vision/build/computer_ros_vision/build install --record /home/quantum_main/computer_vision/build/computer_ros_vision/install.log --single-version-externally-managed install_data
[2.057s] running egg_info
[2.059s] writing ../build/computer_ros_vision/computer_ros_vision.egg-info/PKG-INFO
[2.059s] writing dependency_links to ../build/computer_ros_vision/computer_ros_vision.egg-info/dependency_links.txt
[2.059s] writing entry points to ../build/computer_ros_vision/computer_ros_vision.egg-info/entry_points.txt
[2.060s] writing requirements to ../build/computer_ros_vision/computer_ros_vision.egg-info/requires.txt
[2.060s] writing top-level names to ../build/computer_ros_vision/computer_ros_vision.egg-info/top_level.txt
[2.063s] reading manifest file '../build/computer_ros_vision/computer_ros_vision.egg-info/SOURCES.txt'
[2.065s] writing manifest file '../build/computer_ros_vision/computer_ros_vision.egg-info/SOURCES.txt'
[2.066s] running build
[2.066s] running build_py
[2.067s] running install
[2.067s] running install_lib
[2.070s] running install_data
[2.070s] running install_egg_info
[2.076s] removing '/home/quantum_main/computer_vision/install/computer_ros_vision/lib/python3.10/site-packages/computer_ros_vision-0.0.0-py3.10.egg-info' (and everything under it)
[2.077s] Copying ../build/computer_ros_vision/computer_ros_vision.egg-info to /home/quantum_main/computer_vision/install/computer_ros_vision/lib/python3.10/site-packages/computer_ros_vision-0.0.0-py3.10.egg-info
[2.079s] running install_scripts
[2.120s] Installing server script to /home/quantum_main/computer_vision/install/computer_ros_vision/lib/computer_ros_vision
[2.121s] writing list of installed files to '/home/quantum_main/computer_vision/build/computer_ros_vision/install.log'
