[0.606s] Invoking command in '/home/quantum_main/computer_vision/build/custom_interfaces': CMAKE_PREFIX_PATH=${CMAKE_PREFIX_PATH}:/home/quantum_main/ros2_ws/install/matrix_implementation2:/home/quantum_main/ros2_ws/install/qr_navigation_2:/home/quantum_main/ros2_ws/install/bno055:/opt/ros/humble /usr/bin/cmake --build /home/quantum_main/computer_vision/build/custom_interfaces -- -j6 -l6
[0.701s] [35m[1mConsolidate compiler generated dependencies of target custom_interfaces__rosidl_generator_c[0m
[0.721s] [  1%] Built target custom_interfaces__cpp
[0.733s] [ 12%] Built target custom_interfaces__rosidl_generator_c
[0.744s] [ 12%] Built target ament_cmake_python_copy_custom_interfaces
[0.746s] [35m[1mConsolidate compiler generated dependencies of target custom_interfaces__rosidl_typesupport_fastrtps_cpp[0m
[0.750s] [35m[1mConsolidate compiler generated dependencies of target custom_interfaces__rosidl_typesupport_introspection_cpp[0m
[0.751s] [35m[1mConsolidate compiler generated dependencies of target custom_interfaces__rosidl_typesupport_cpp[0m
[0.768s] [35m[1mConsolidate compiler generated dependencies of target custom_interfaces__rosidl_typesupport_fastrtps_c[0m
[0.777s] [35m[1mConsolidate compiler generated dependencies of target custom_interfaces__rosidl_typesupport_introspection_c[0m
[0.790s] [ 34%] Built target custom_interfaces__rosidl_typesupport_fastrtps_cpp
[0.791s] [35m[1mConsolidate compiler generated dependencies of target custom_interfaces__rosidl_typesupport_c[0m
[0.793s] [ 34%] Built target custom_interfaces__rosidl_typesupport_cpp
[0.804s] [ 46%] Built target custom_interfaces__rosidl_typesupport_introspection_cpp
[0.817s] [ 57%] Built target custom_interfaces__rosidl_typesupport_c
[0.824s] [ 69%] Built target custom_interfaces__rosidl_typesupport_fastrtps_c
[0.824s] [ 79%] Built target custom_interfaces__rosidl_typesupport_introspection_c
[0.866s] [ 79%] Built target custom_interfaces
[0.915s] [ 80%] Built target custom_interfaces__py
[0.940s] [35m[1mConsolidate compiler generated dependencies of target custom_interfaces__rosidl_generator_py[0m
[0.974s] [ 90%] Built target custom_interfaces__rosidl_generator_py
[0.996s] [35m[1mConsolidate compiler generated dependencies of target custom_interfaces__rosidl_typesupport_fastrtps_c__pyext[0m
[0.996s] [35m[1mConsolidate compiler generated dependencies of target custom_interfaces__rosidl_typesupport_introspection_c__pyext[0m
[0.998s] [35m[1mConsolidate compiler generated dependencies of target custom_interfaces__rosidl_typesupport_c__pyext[0m
[1.027s] [ 93%] Built target custom_interfaces__rosidl_typesupport_fastrtps_c__pyext
[1.027s] [ 96%] Built target custom_interfaces__rosidl_typesupport_introspection_c__pyext
[1.034s] [100%] Built target custom_interfaces__rosidl_typesupport_c__pyext
[1.337s] running egg_info
[1.338s] writing custom_interfaces.egg-info/PKG-INFO
[1.339s] writing dependency_links to custom_interfaces.egg-info/dependency_links.txt
[1.339s] writing top-level names to custom_interfaces.egg-info/top_level.txt
[1.345s] reading manifest file 'custom_interfaces.egg-info/SOURCES.txt'
[1.346s] writing manifest file 'custom_interfaces.egg-info/SOURCES.txt'
[1.418s] [100%] Built target ament_cmake_python_build_custom_interfaces_egg
[1.443s] Invoked command in '/home/quantum_main/computer_vision/build/custom_interfaces' returned '0': CMAKE_PREFIX_PATH=${CMAKE_PREFIX_PATH}:/home/quantum_main/ros2_ws/install/matrix_implementation2:/home/quantum_main/ros2_ws/install/qr_navigation_2:/home/quantum_main/ros2_ws/install/bno055:/opt/ros/humble /usr/bin/cmake --build /home/quantum_main/computer_vision/build/custom_interfaces -- -j6 -l6
[1.696s] Invoking command in '/home/quantum_main/computer_vision/build/custom_interfaces': CMAKE_PREFIX_PATH=${CMAKE_PREFIX_PATH}:/home/quantum_main/ros2_ws/install/matrix_implementation2:/home/quantum_main/ros2_ws/install/qr_navigation_2:/home/quantum_main/ros2_ws/install/bno055:/opt/ros/humble /usr/bin/cmake --install /home/quantum_main/computer_vision/build/custom_interfaces
[1.712s] -- Install configuration: ""
[1.712s] -- Up-to-date: /home/quantum_main/computer_vision/install/custom_interfaces/share/ament_index/resource_index/rosidl_interfaces/custom_interfaces
[1.713s] -- Up-to-date: /home/quantum_main/computer_vision/install/custom_interfaces/include/custom_interfaces/custom_interfaces
[1.713s] -- Up-to-date: /home/quantum_main/computer_vision/install/custom_interfaces/include/custom_interfaces/custom_interfaces/srv
[1.714s] -- Up-to-date: /home/quantum_main/computer_vision/install/custom_interfaces/include/custom_interfaces/custom_interfaces/srv/detail
[1.714s] -- Up-to-date: /home/quantum_main/computer_vision/install/custom_interfaces/include/custom_interfaces/custom_interfaces/srv/detail/follow_gps__type_support.h
[1.714s] -- Up-to-date: /home/quantum_main/computer_vision/install/custom_interfaces/include/custom_interfaces/custom_interfaces/srv/detail/follow_gps__struct.h
[1.714s] -- Up-to-date: /home/quantum_main/computer_vision/install/custom_interfaces/include/custom_interfaces/custom_interfaces/srv/detail/follow_gps__functions.h
[1.715s] -- Up-to-date: /home/quantum_main/computer_vision/install/custom_interfaces/include/custom_interfaces/custom_interfaces/srv/detail/follow_gps__functions.c
[1.716s] -- Up-to-date: /home/quantum_main/computer_vision/install/custom_interfaces/include/custom_interfaces/custom_interfaces/srv/follow_gps.h
[1.716s] -- Up-to-date: /home/quantum_main/computer_vision/install/custom_interfaces/include/custom_interfaces/custom_interfaces/msg
[1.717s] -- Up-to-date: /home/quantum_main/computer_vision/install/custom_interfaces/include/custom_interfaces/custom_interfaces/msg/target_coordinates.h
[1.717s] -- Up-to-date: /home/quantum_main/computer_vision/install/custom_interfaces/include/custom_interfaces/custom_interfaces/msg/detail
[1.717s] -- Up-to-date: /home/quantum_main/computer_vision/install/custom_interfaces/include/custom_interfaces/custom_interfaces/msg/detail/age__type_support.h
[1.718s] -- Up-to-date: /home/quantum_main/computer_vision/install/custom_interfaces/include/custom_interfaces/custom_interfaces/msg/detail/ca__functions.h
[1.718s] -- Up-to-date: /home/quantum_main/computer_vision/install/custom_interfaces/include/custom_interfaces/custom_interfaces/msg/detail/ca__type_support.h
[1.719s] -- Up-to-date: /home/quantum_main/computer_vision/install/custom_interfaces/include/custom_interfaces/custom_interfaces/msg/detail/target_coordinates__functions.c
[1.719s] -- Up-to-date: /home/quantum_main/computer_vision/install/custom_interfaces/include/custom_interfaces/custom_interfaces/msg/detail/age__struct.h
[1.720s] -- Up-to-date: /home/quantum_main/computer_vision/install/custom_interfaces/include/custom_interfaces/custom_interfaces/msg/detail/target_coordinates__struct.h
[1.720s] -- Up-to-date: /home/quantum_main/computer_vision/install/custom_interfaces/include/custom_interfaces/custom_interfaces/msg/detail/target_coordinates__functions.h
[1.721s] -- Up-to-date: /home/quantum_main/computer_vision/install/custom_interfaces/include/custom_interfaces/custom_interfaces/msg/detail/ca__functions.c
[1.721s] -- Up-to-date: /home/quantum_main/computer_vision/install/custom_interfaces/include/custom_interfaces/custom_interfaces/msg/detail/ca__struct.h
[1.722s] -- Up-to-date: /home/quantum_main/computer_vision/install/custom_interfaces/include/custom_interfaces/custom_interfaces/msg/detail/age__functions.h
[1.722s] -- Up-to-date: /home/quantum_main/computer_vision/install/custom_interfaces/include/custom_interfaces/custom_interfaces/msg/detail/coordinates__struct.h
[1.722s] -- Up-to-date: /home/quantum_main/computer_vision/install/custom_interfaces/include/custom_interfaces/custom_interfaces/msg/detail/age__functions.c
[1.722s] -- Up-to-date: /home/quantum_main/computer_vision/install/custom_interfaces/include/custom_interfaces/custom_interfaces/msg/detail/coordinates__type_support.h
[1.722s] -- Up-to-date: /home/quantum_main/computer_vision/install/custom_interfaces/include/custom_interfaces/custom_interfaces/msg/detail/coordinates__functions.c
[1.722s] -- Up-to-date: /home/quantum_main/computer_vision/install/custom_interfaces/include/custom_interfaces/custom_interfaces/msg/detail/coordinates__functions.h
[1.724s] -- Up-to-date: /home/quantum_main/computer_vision/install/custom_interfaces/include/custom_interfaces/custom_interfaces/msg/detail/target_coordinates__type_support.h
[1.725s] -- Up-to-date: /home/quantum_main/computer_vision/install/custom_interfaces/include/custom_interfaces/custom_interfaces/msg/rosidl_generator_c__visibility_control.h
[1.725s] -- Up-to-date: /home/quantum_main/computer_vision/install/custom_interfaces/include/custom_interfaces/custom_interfaces/msg/age.h
[1.725s] -- Up-to-date: /home/quantum_main/computer_vision/install/custom_interfaces/include/custom_interfaces/custom_interfaces/msg/ca.h
[1.725s] -- Up-to-date: /home/quantum_main/computer_vision/install/custom_interfaces/include/custom_interfaces/custom_interfaces/msg/coordinates.h
[1.725s] -- Up-to-date: /home/quantum_main/computer_vision/install/custom_interfaces/share/custom_interfaces/environment/library_path.sh
[1.725s] -- Up-to-date: /home/quantum_main/computer_vision/install/custom_interfaces/share/custom_interfaces/environment/library_path.dsv
[1.726s] -- Up-to-date: /home/quantum_main/computer_vision/install/custom_interfaces/lib/libcustom_interfaces__rosidl_generator_c.so
[1.726s] -- Up-to-date: /home/quantum_main/computer_vision/install/custom_interfaces/include/custom_interfaces/custom_interfaces
[1.726s] -- Up-to-date: /home/quantum_main/computer_vision/install/custom_interfaces/include/custom_interfaces/custom_interfaces/srv
[1.726s] -- Up-to-date: /home/quantum_main/computer_vision/install/custom_interfaces/include/custom_interfaces/custom_interfaces/srv/detail
[1.726s] -- Up-to-date: /home/quantum_main/computer_vision/install/custom_interfaces/include/custom_interfaces/custom_interfaces/srv/detail/follow_gps__rosidl_typesupport_fastrtps_c.h
[1.726s] -- Up-to-date: /home/quantum_main/computer_vision/install/custom_interfaces/include/custom_interfaces/custom_interfaces/msg
[1.726s] -- Up-to-date: /home/quantum_main/computer_vision/install/custom_interfaces/include/custom_interfaces/custom_interfaces/msg/detail
[1.726s] -- Up-to-date: /home/quantum_main/computer_vision/install/custom_interfaces/include/custom_interfaces/custom_interfaces/msg/detail/coordinates__rosidl_typesupport_fastrtps_c.h
[1.727s] -- Up-to-date: /home/quantum_main/computer_vision/install/custom_interfaces/include/custom_interfaces/custom_interfaces/msg/detail/target_coordinates__rosidl_typesupport_fastrtps_c.h
[1.727s] -- Up-to-date: /home/quantum_main/computer_vision/install/custom_interfaces/include/custom_interfaces/custom_interfaces/msg/detail/age__rosidl_typesupport_fastrtps_c.h
[1.727s] -- Up-to-date: /home/quantum_main/computer_vision/install/custom_interfaces/include/custom_interfaces/custom_interfaces/msg/detail/ca__rosidl_typesupport_fastrtps_c.h
[1.727s] -- Up-to-date: /home/quantum_main/computer_vision/install/custom_interfaces/include/custom_interfaces/custom_interfaces/msg/rosidl_typesupport_fastrtps_c__visibility_control.h
[1.727s] -- Up-to-date: /home/quantum_main/computer_vision/install/custom_interfaces/lib/libcustom_interfaces__rosidl_typesupport_fastrtps_c.so
[1.727s] -- Up-to-date: /home/quantum_main/computer_vision/install/custom_interfaces/include/custom_interfaces/custom_interfaces
[1.727s] -- Up-to-date: /home/quantum_main/computer_vision/install/custom_interfaces/include/custom_interfaces/custom_interfaces/srv
[1.727s] -- Up-to-date: /home/quantum_main/computer_vision/install/custom_interfaces/include/custom_interfaces/custom_interfaces/srv/detail
[1.728s] -- Up-to-date: /home/quantum_main/computer_vision/install/custom_interfaces/include/custom_interfaces/custom_interfaces/srv/detail/follow_gps__struct.hpp
[1.728s] -- Up-to-date: /home/quantum_main/computer_vision/install/custom_interfaces/include/custom_interfaces/custom_interfaces/srv/detail/follow_gps__builder.hpp
[1.728s] -- Up-to-date: /home/quantum_main/computer_vision/install/custom_interfaces/include/custom_interfaces/custom_interfaces/srv/detail/follow_gps__traits.hpp
[1.728s] -- Up-to-date: /home/quantum_main/computer_vision/install/custom_interfaces/include/custom_interfaces/custom_interfaces/srv/follow_gps.hpp
[1.728s] -- Up-to-date: /home/quantum_main/computer_vision/install/custom_interfaces/include/custom_interfaces/custom_interfaces/msg
[1.728s] -- Up-to-date: /home/quantum_main/computer_vision/install/custom_interfaces/include/custom_interfaces/custom_interfaces/msg/detail
[1.728s] -- Up-to-date: /home/quantum_main/computer_vision/install/custom_interfaces/include/custom_interfaces/custom_interfaces/msg/detail/target_coordinates__traits.hpp
[1.729s] -- Up-to-date: /home/quantum_main/computer_vision/install/custom_interfaces/include/custom_interfaces/custom_interfaces/msg/detail/age__traits.hpp
[1.729s] -- Up-to-date: /home/quantum_main/computer_vision/install/custom_interfaces/include/custom_interfaces/custom_interfaces/msg/detail/coordinates__struct.hpp
[1.729s] -- Up-to-date: /home/quantum_main/computer_vision/install/custom_interfaces/include/custom_interfaces/custom_interfaces/msg/detail/ca__struct.hpp
[1.729s] -- Up-to-date: /home/quantum_main/computer_vision/install/custom_interfaces/include/custom_interfaces/custom_interfaces/msg/detail/target_coordinates__struct.hpp
[1.729s] -- Up-to-date: /home/quantum_main/computer_vision/install/custom_interfaces/include/custom_interfaces/custom_interfaces/msg/detail/coordinates__builder.hpp
[1.729s] -- Up-to-date: /home/quantum_main/computer_vision/install/custom_interfaces/include/custom_interfaces/custom_interfaces/msg/detail/target_coordinates__builder.hpp
[1.729s] -- Up-to-date: /home/quantum_main/computer_vision/install/custom_interfaces/include/custom_interfaces/custom_interfaces/msg/detail/age__struct.hpp
[1.729s] -- Up-to-date: /home/quantum_main/computer_vision/install/custom_interfaces/include/custom_interfaces/custom_interfaces/msg/detail/age__builder.hpp
[1.730s] -- Up-to-date: /home/quantum_main/computer_vision/install/custom_interfaces/include/custom_interfaces/custom_interfaces/msg/detail/coordinates__traits.hpp
[1.730s] -- Up-to-date: /home/quantum_main/computer_vision/install/custom_interfaces/include/custom_interfaces/custom_interfaces/msg/detail/ca__traits.hpp
[1.730s] -- Up-to-date: /home/quantum_main/computer_vision/install/custom_interfaces/include/custom_interfaces/custom_interfaces/msg/detail/ca__builder.hpp
[1.730s] -- Up-to-date: /home/quantum_main/computer_vision/install/custom_interfaces/include/custom_interfaces/custom_interfaces/msg/age.hpp
[1.730s] -- Up-to-date: /home/quantum_main/computer_vision/install/custom_interfaces/include/custom_interfaces/custom_interfaces/msg/target_coordinates.hpp
[1.730s] -- Up-to-date: /home/quantum_main/computer_vision/install/custom_interfaces/include/custom_interfaces/custom_interfaces/msg/coordinates.hpp
[1.730s] -- Up-to-date: /home/quantum_main/computer_vision/install/custom_interfaces/include/custom_interfaces/custom_interfaces/msg/ca.hpp
[1.731s] -- Up-to-date: /home/quantum_main/computer_vision/install/custom_interfaces/include/custom_interfaces/custom_interfaces
[1.731s] -- Up-to-date: /home/quantum_main/computer_vision/install/custom_interfaces/include/custom_interfaces/custom_interfaces/srv
[1.731s] -- Up-to-date: /home/quantum_main/computer_vision/install/custom_interfaces/include/custom_interfaces/custom_interfaces/srv/detail
[1.731s] -- Up-to-date: /home/quantum_main/computer_vision/install/custom_interfaces/include/custom_interfaces/custom_interfaces/srv/detail/follow_gps__rosidl_typesupport_fastrtps_cpp.hpp
[1.731s] -- Up-to-date: /home/quantum_main/computer_vision/install/custom_interfaces/include/custom_interfaces/custom_interfaces/srv/detail/dds_fastrtps
[1.731s] -- Up-to-date: /home/quantum_main/computer_vision/install/custom_interfaces/include/custom_interfaces/custom_interfaces/msg
[1.731s] -- Up-to-date: /home/quantum_main/computer_vision/install/custom_interfaces/include/custom_interfaces/custom_interfaces/msg/detail
[1.731s] -- Up-to-date: /home/quantum_main/computer_vision/install/custom_interfaces/include/custom_interfaces/custom_interfaces/msg/detail/ca__rosidl_typesupport_fastrtps_cpp.hpp
[1.732s] -- Up-to-date: /home/quantum_main/computer_vision/install/custom_interfaces/include/custom_interfaces/custom_interfaces/msg/detail/age__rosidl_typesupport_fastrtps_cpp.hpp
[1.732s] -- Up-to-date: /home/quantum_main/computer_vision/install/custom_interfaces/include/custom_interfaces/custom_interfaces/msg/detail/coordinates__rosidl_typesupport_fastrtps_cpp.hpp
[1.732s] -- Up-to-date: /home/quantum_main/computer_vision/install/custom_interfaces/include/custom_interfaces/custom_interfaces/msg/detail/target_coordinates__rosidl_typesupport_fastrtps_cpp.hpp
[1.732s] -- Up-to-date: /home/quantum_main/computer_vision/install/custom_interfaces/include/custom_interfaces/custom_interfaces/msg/detail/dds_fastrtps
[1.732s] -- Up-to-date: /home/quantum_main/computer_vision/install/custom_interfaces/include/custom_interfaces/custom_interfaces/msg/rosidl_typesupport_fastrtps_cpp__visibility_control.h
[1.732s] -- Up-to-date: /home/quantum_main/computer_vision/install/custom_interfaces/lib/libcustom_interfaces__rosidl_typesupport_fastrtps_cpp.so
[1.732s] -- Up-to-date: /home/quantum_main/computer_vision/install/custom_interfaces/include/custom_interfaces/custom_interfaces
[1.732s] -- Up-to-date: /home/quantum_main/computer_vision/install/custom_interfaces/include/custom_interfaces/custom_interfaces/srv
[1.733s] -- Up-to-date: /home/quantum_main/computer_vision/install/custom_interfaces/include/custom_interfaces/custom_interfaces/srv/detail
[1.733s] -- Up-to-date: /home/quantum_main/computer_vision/install/custom_interfaces/include/custom_interfaces/custom_interfaces/srv/detail/follow_gps__rosidl_typesupport_introspection_c.h
[1.733s] -- Up-to-date: /home/quantum_main/computer_vision/install/custom_interfaces/include/custom_interfaces/custom_interfaces/srv/detail/follow_gps__type_support.c
[1.733s] -- Up-to-date: /home/quantum_main/computer_vision/install/custom_interfaces/include/custom_interfaces/custom_interfaces/msg
[1.733s] -- Up-to-date: /home/quantum_main/computer_vision/install/custom_interfaces/include/custom_interfaces/custom_interfaces/msg/detail
[1.733s] -- Up-to-date: /home/quantum_main/computer_vision/install/custom_interfaces/include/custom_interfaces/custom_interfaces/msg/detail/age__rosidl_typesupport_introspection_c.h
[1.733s] -- Up-to-date: /home/quantum_main/computer_vision/install/custom_interfaces/include/custom_interfaces/custom_interfaces/msg/detail/age__type_support.c
[1.733s] -- Up-to-date: /home/quantum_main/computer_vision/install/custom_interfaces/include/custom_interfaces/custom_interfaces/msg/detail/ca__type_support.c
[1.734s] -- Up-to-date: /home/quantum_main/computer_vision/install/custom_interfaces/include/custom_interfaces/custom_interfaces/msg/detail/target_coordinates__type_support.c
[1.734s] -- Up-to-date: /home/quantum_main/computer_vision/install/custom_interfaces/include/custom_interfaces/custom_interfaces/msg/detail/target_coordinates__rosidl_typesupport_introspection_c.h
[1.734s] -- Up-to-date: /home/quantum_main/computer_vision/install/custom_interfaces/include/custom_interfaces/custom_interfaces/msg/detail/coordinates__rosidl_typesupport_introspection_c.h
[1.734s] -- Up-to-date: /home/quantum_main/computer_vision/install/custom_interfaces/include/custom_interfaces/custom_interfaces/msg/detail/ca__rosidl_typesupport_introspection_c.h
[1.734s] -- Up-to-date: /home/quantum_main/computer_vision/install/custom_interfaces/include/custom_interfaces/custom_interfaces/msg/detail/coordinates__type_support.c
[1.734s] -- Up-to-date: /home/quantum_main/computer_vision/install/custom_interfaces/include/custom_interfaces/custom_interfaces/msg/rosidl_typesupport_introspection_c__visibility_control.h
[1.734s] -- Up-to-date: /home/quantum_main/computer_vision/install/custom_interfaces/lib/libcustom_interfaces__rosidl_typesupport_introspection_c.so
[1.734s] -- Up-to-date: /home/quantum_main/computer_vision/install/custom_interfaces/lib/libcustom_interfaces__rosidl_typesupport_c.so
[1.735s] -- Up-to-date: /home/quantum_main/computer_vision/install/custom_interfaces/include/custom_interfaces/custom_interfaces
[1.735s] -- Up-to-date: /home/quantum_main/computer_vision/install/custom_interfaces/include/custom_interfaces/custom_interfaces/srv
[1.735s] -- Up-to-date: /home/quantum_main/computer_vision/install/custom_interfaces/include/custom_interfaces/custom_interfaces/srv/detail
[1.735s] -- Up-to-date: /home/quantum_main/computer_vision/install/custom_interfaces/include/custom_interfaces/custom_interfaces/srv/detail/follow_gps__rosidl_typesupport_introspection_cpp.hpp
[1.735s] -- Up-to-date: /home/quantum_main/computer_vision/install/custom_interfaces/include/custom_interfaces/custom_interfaces/srv/detail/follow_gps__type_support.cpp
[1.735s] -- Up-to-date: /home/quantum_main/computer_vision/install/custom_interfaces/include/custom_interfaces/custom_interfaces/msg
[1.735s] -- Up-to-date: /home/quantum_main/computer_vision/install/custom_interfaces/include/custom_interfaces/custom_interfaces/msg/detail
[1.735s] -- Up-to-date: /home/quantum_main/computer_vision/install/custom_interfaces/include/custom_interfaces/custom_interfaces/msg/detail/age__type_support.cpp
[1.736s] -- Up-to-date: /home/quantum_main/computer_vision/install/custom_interfaces/include/custom_interfaces/custom_interfaces/msg/detail/target_coordinates__type_support.cpp
[1.736s] -- Up-to-date: /home/quantum_main/computer_vision/install/custom_interfaces/include/custom_interfaces/custom_interfaces/msg/detail/coordinates__rosidl_typesupport_introspection_cpp.hpp
[1.736s] -- Up-to-date: /home/quantum_main/computer_vision/install/custom_interfaces/include/custom_interfaces/custom_interfaces/msg/detail/age__rosidl_typesupport_introspection_cpp.hpp
[1.736s] -- Up-to-date: /home/quantum_main/computer_vision/install/custom_interfaces/include/custom_interfaces/custom_interfaces/msg/detail/ca__rosidl_typesupport_introspection_cpp.hpp
[1.736s] -- Up-to-date: /home/quantum_main/computer_vision/install/custom_interfaces/include/custom_interfaces/custom_interfaces/msg/detail/target_coordinates__rosidl_typesupport_introspection_cpp.hpp
[1.736s] -- Up-to-date: /home/quantum_main/computer_vision/install/custom_interfaces/include/custom_interfaces/custom_interfaces/msg/detail/coordinates__type_support.cpp
[1.736s] -- Up-to-date: /home/quantum_main/computer_vision/install/custom_interfaces/include/custom_interfaces/custom_interfaces/msg/detail/ca__type_support.cpp
[1.737s] -- Up-to-date: /home/quantum_main/computer_vision/install/custom_interfaces/lib/libcustom_interfaces__rosidl_typesupport_introspection_cpp.so
[1.737s] -- Up-to-date: /home/quantum_main/computer_vision/install/custom_interfaces/lib/libcustom_interfaces__rosidl_typesupport_cpp.so
[1.737s] -- Up-to-date: /home/quantum_main/computer_vision/install/custom_interfaces/share/custom_interfaces/environment/pythonpath.sh
[1.737s] -- Up-to-date: /home/quantum_main/computer_vision/install/custom_interfaces/share/custom_interfaces/environment/pythonpath.dsv
[1.737s] -- Up-to-date: /home/quantum_main/computer_vision/install/custom_interfaces/local/lib/python3.10/dist-packages/custom_interfaces-0.0.0-py3.10.egg-info
[1.737s] -- Installing: /home/quantum_main/computer_vision/install/custom_interfaces/local/lib/python3.10/dist-packages/custom_interfaces-0.0.0-py3.10.egg-info/top_level.txt
[1.738s] -- Installing: /home/quantum_main/computer_vision/install/custom_interfaces/local/lib/python3.10/dist-packages/custom_interfaces-0.0.0-py3.10.egg-info/dependency_links.txt
[1.738s] -- Installing: /home/quantum_main/computer_vision/install/custom_interfaces/local/lib/python3.10/dist-packages/custom_interfaces-0.0.0-py3.10.egg-info/SOURCES.txt
[1.739s] -- Installing: /home/quantum_main/computer_vision/install/custom_interfaces/local/lib/python3.10/dist-packages/custom_interfaces-0.0.0-py3.10.egg-info/PKG-INFO
[1.739s] -- Up-to-date: /home/quantum_main/computer_vision/install/custom_interfaces/local/lib/python3.10/dist-packages/custom_interfaces
[1.739s] -- Up-to-date: /home/quantum_main/computer_vision/install/custom_interfaces/local/lib/python3.10/dist-packages/custom_interfaces/srv
[1.739s] -- Up-to-date: /home/quantum_main/computer_vision/install/custom_interfaces/local/lib/python3.10/dist-packages/custom_interfaces/srv/_follow_gps.py
[1.739s] -- Up-to-date: /home/quantum_main/computer_vision/install/custom_interfaces/local/lib/python3.10/dist-packages/custom_interfaces/srv/_follow_gps_s.c
[1.739s] -- Up-to-date: /home/quantum_main/computer_vision/install/custom_interfaces/local/lib/python3.10/dist-packages/custom_interfaces/srv/__init__.py
[1.739s] -- Up-to-date: /home/quantum_main/computer_vision/install/custom_interfaces/local/lib/python3.10/dist-packages/custom_interfaces/custom_interfaces_s__rosidl_typesupport_fastrtps_c.cpython-310-aarch64-linux-gnu.so
[1.740s] -- Up-to-date: /home/quantum_main/computer_vision/install/custom_interfaces/local/lib/python3.10/dist-packages/custom_interfaces/libcustom_interfaces__rosidl_generator_py.so
[1.740s] -- Up-to-date: /home/quantum_main/computer_vision/install/custom_interfaces/local/lib/python3.10/dist-packages/custom_interfaces/_custom_interfaces_s.ep.rosidl_typesupport_c.c
[1.740s] -- Up-to-date: /home/quantum_main/computer_vision/install/custom_interfaces/local/lib/python3.10/dist-packages/custom_interfaces/msg
[1.740s] -- Up-to-date: /home/quantum_main/computer_vision/install/custom_interfaces/local/lib/python3.10/dist-packages/custom_interfaces/msg/_target_coordinates_s.c
[1.740s] -- Up-to-date: /home/quantum_main/computer_vision/install/custom_interfaces/local/lib/python3.10/dist-packages/custom_interfaces/msg/_ca_s.c
[1.740s] -- Up-to-date: /home/quantum_main/computer_vision/install/custom_interfaces/local/lib/python3.10/dist-packages/custom_interfaces/msg/_coordinates.py
[1.740s] -- Up-to-date: /home/quantum_main/computer_vision/install/custom_interfaces/local/lib/python3.10/dist-packages/custom_interfaces/msg/_age_s.c
[1.741s] -- Up-to-date: /home/quantum_main/computer_vision/install/custom_interfaces/local/lib/python3.10/dist-packages/custom_interfaces/msg/_target_coordinates.py
[1.741s] -- Up-to-date: /home/quantum_main/computer_vision/install/custom_interfaces/local/lib/python3.10/dist-packages/custom_interfaces/msg/__init__.py
[1.741s] -- Up-to-date: /home/quantum_main/computer_vision/install/custom_interfaces/local/lib/python3.10/dist-packages/custom_interfaces/msg/_coordinates_s.c
[1.741s] -- Up-to-date: /home/quantum_main/computer_vision/install/custom_interfaces/local/lib/python3.10/dist-packages/custom_interfaces/msg/_ca.py
[1.741s] -- Up-to-date: /home/quantum_main/computer_vision/install/custom_interfaces/local/lib/python3.10/dist-packages/custom_interfaces/msg/_age.py
[1.741s] -- Up-to-date: /home/quantum_main/computer_vision/install/custom_interfaces/local/lib/python3.10/dist-packages/custom_interfaces/_custom_interfaces_s.ep.rosidl_typesupport_fastrtps_c.c
[1.741s] -- Up-to-date: /home/quantum_main/computer_vision/install/custom_interfaces/local/lib/python3.10/dist-packages/custom_interfaces/_custom_interfaces_s.ep.rosidl_typesupport_introspection_c.c
[1.742s] -- Up-to-date: /home/quantum_main/computer_vision/install/custom_interfaces/local/lib/python3.10/dist-packages/custom_interfaces/__init__.py
[1.742s] -- Up-to-date: /home/quantum_main/computer_vision/install/custom_interfaces/local/lib/python3.10/dist-packages/custom_interfaces/custom_interfaces_s__rosidl_typesupport_c.cpython-310-aarch64-linux-gnu.so
[1.742s] -- Up-to-date: /home/quantum_main/computer_vision/install/custom_interfaces/local/lib/python3.10/dist-packages/custom_interfaces/custom_interfaces_s__rosidl_typesupport_introspection_c.cpython-310-aarch64-linux-gnu.so
[1.791s] Listing '/home/quantum_main/computer_vision/install/custom_interfaces/local/lib/python3.10/dist-packages/custom_interfaces'...
[1.791s] Listing '/home/quantum_main/computer_vision/install/custom_interfaces/local/lib/python3.10/dist-packages/custom_interfaces/msg'...
[1.791s] Listing '/home/quantum_main/computer_vision/install/custom_interfaces/local/lib/python3.10/dist-packages/custom_interfaces/srv'...
[1.801s] -- Up-to-date: /home/quantum_main/computer_vision/install/custom_interfaces/local/lib/python3.10/dist-packages/custom_interfaces/custom_interfaces_s__rosidl_typesupport_fastrtps_c.cpython-310-aarch64-linux-gnu.so
[1.801s] -- Up-to-date: /home/quantum_main/computer_vision/install/custom_interfaces/local/lib/python3.10/dist-packages/custom_interfaces/custom_interfaces_s__rosidl_typesupport_introspection_c.cpython-310-aarch64-linux-gnu.so
[1.802s] -- Up-to-date: /home/quantum_main/computer_vision/install/custom_interfaces/local/lib/python3.10/dist-packages/custom_interfaces/custom_interfaces_s__rosidl_typesupport_c.cpython-310-aarch64-linux-gnu.so
[1.802s] -- Up-to-date: /home/quantum_main/computer_vision/install/custom_interfaces/lib/libcustom_interfaces__rosidl_generator_py.so
[1.802s] -- Up-to-date: /home/quantum_main/computer_vision/install/custom_interfaces/share/custom_interfaces/msg/Age.idl
[1.803s] -- Up-to-date: /home/quantum_main/computer_vision/install/custom_interfaces/share/custom_interfaces/srv/FollowGPS.idl
[1.803s] -- Up-to-date: /home/quantum_main/computer_vision/install/custom_interfaces/share/custom_interfaces/msg/TargetCoordinates.idl
[1.803s] -- Up-to-date: /home/quantum_main/computer_vision/install/custom_interfaces/share/custom_interfaces/msg/Coordinates.idl
[1.803s] -- Up-to-date: /home/quantum_main/computer_vision/install/custom_interfaces/share/custom_interfaces/msg/CA.idl
[1.804s] -- Up-to-date: /home/quantum_main/computer_vision/install/custom_interfaces/share/custom_interfaces/msg/Age.msg
[1.804s] -- Up-to-date: /home/quantum_main/computer_vision/install/custom_interfaces/share/custom_interfaces/srv/FollowGPS.srv
[1.804s] -- Up-to-date: /home/quantum_main/computer_vision/install/custom_interfaces/share/custom_interfaces/srv/FollowGPS_Request.msg
[1.804s] -- Up-to-date: /home/quantum_main/computer_vision/install/custom_interfaces/share/custom_interfaces/srv/FollowGPS_Response.msg
[1.805s] -- Up-to-date: /home/quantum_main/computer_vision/install/custom_interfaces/share/custom_interfaces/msg/TargetCoordinates.msg
[1.805s] -- Up-to-date: /home/quantum_main/computer_vision/install/custom_interfaces/share/custom_interfaces/msg/Coordinates.msg
[1.805s] -- Up-to-date: /home/quantum_main/computer_vision/install/custom_interfaces/share/custom_interfaces/msg/CA.msg
[1.805s] -- Up-to-date: /home/quantum_main/computer_vision/install/custom_interfaces/share/ament_index/resource_index/package_run_dependencies/custom_interfaces
[1.806s] -- Up-to-date: /home/quantum_main/computer_vision/install/custom_interfaces/share/ament_index/resource_index/parent_prefix_path/custom_interfaces
[1.806s] -- Up-to-date: /home/quantum_main/computer_vision/install/custom_interfaces/share/custom_interfaces/environment/ament_prefix_path.sh
[1.806s] -- Up-to-date: /home/quantum_main/computer_vision/install/custom_interfaces/share/custom_interfaces/environment/ament_prefix_path.dsv
[1.806s] -- Up-to-date: /home/quantum_main/computer_vision/install/custom_interfaces/share/custom_interfaces/environment/path.sh
[1.807s] -- Up-to-date: /home/quantum_main/computer_vision/install/custom_interfaces/share/custom_interfaces/environment/path.dsv
[1.807s] -- Up-to-date: /home/quantum_main/computer_vision/install/custom_interfaces/share/custom_interfaces/local_setup.bash
[1.807s] -- Up-to-date: /home/quantum_main/computer_vision/install/custom_interfaces/share/custom_interfaces/local_setup.sh
[1.807s] -- Up-to-date: /home/quantum_main/computer_vision/install/custom_interfaces/share/custom_interfaces/local_setup.zsh
[1.807s] -- Up-to-date: /home/quantum_main/computer_vision/install/custom_interfaces/share/custom_interfaces/local_setup.dsv
[1.808s] -- Installing: /home/quantum_main/computer_vision/install/custom_interfaces/share/custom_interfaces/package.dsv
[1.808s] -- Up-to-date: /home/quantum_main/computer_vision/install/custom_interfaces/share/ament_index/resource_index/packages/custom_interfaces
[1.808s] -- Up-to-date: /home/quantum_main/computer_vision/install/custom_interfaces/share/custom_interfaces/cmake/export_custom_interfaces__rosidl_generator_cExport.cmake
[1.808s] -- Up-to-date: /home/quantum_main/computer_vision/install/custom_interfaces/share/custom_interfaces/cmake/export_custom_interfaces__rosidl_generator_cExport-noconfig.cmake
[1.808s] -- Up-to-date: /home/quantum_main/computer_vision/install/custom_interfaces/share/custom_interfaces/cmake/export_custom_interfaces__rosidl_typesupport_fastrtps_cExport.cmake
[1.809s] -- Up-to-date: /home/quantum_main/computer_vision/install/custom_interfaces/share/custom_interfaces/cmake/export_custom_interfaces__rosidl_typesupport_fastrtps_cExport-noconfig.cmake
[1.809s] -- Up-to-date: /home/quantum_main/computer_vision/install/custom_interfaces/share/custom_interfaces/cmake/export_custom_interfaces__rosidl_generator_cppExport.cmake
[1.809s] -- Up-to-date: /home/quantum_main/computer_vision/install/custom_interfaces/share/custom_interfaces/cmake/export_custom_interfaces__rosidl_typesupport_fastrtps_cppExport.cmake
[1.809s] -- Up-to-date: /home/quantum_main/computer_vision/install/custom_interfaces/share/custom_interfaces/cmake/export_custom_interfaces__rosidl_typesupport_fastrtps_cppExport-noconfig.cmake
[1.809s] -- Up-to-date: /home/quantum_main/computer_vision/install/custom_interfaces/share/custom_interfaces/cmake/custom_interfaces__rosidl_typesupport_introspection_cExport.cmake
[1.809s] -- Up-to-date: /home/quantum_main/computer_vision/install/custom_interfaces/share/custom_interfaces/cmake/custom_interfaces__rosidl_typesupport_introspection_cExport-noconfig.cmake
[1.809s] -- Up-to-date: /home/quantum_main/computer_vision/install/custom_interfaces/share/custom_interfaces/cmake/custom_interfaces__rosidl_typesupport_cExport.cmake
[1.810s] -- Up-to-date: /home/quantum_main/computer_vision/install/custom_interfaces/share/custom_interfaces/cmake/custom_interfaces__rosidl_typesupport_cExport-noconfig.cmake
[1.810s] -- Up-to-date: /home/quantum_main/computer_vision/install/custom_interfaces/share/custom_interfaces/cmake/custom_interfaces__rosidl_typesupport_introspection_cppExport.cmake
[1.810s] -- Up-to-date: /home/quantum_main/computer_vision/install/custom_interfaces/share/custom_interfaces/cmake/custom_interfaces__rosidl_typesupport_introspection_cppExport-noconfig.cmake
[1.810s] -- Up-to-date: /home/quantum_main/computer_vision/install/custom_interfaces/share/custom_interfaces/cmake/custom_interfaces__rosidl_typesupport_cppExport.cmake
[1.810s] -- Up-to-date: /home/quantum_main/computer_vision/install/custom_interfaces/share/custom_interfaces/cmake/custom_interfaces__rosidl_typesupport_cppExport-noconfig.cmake
[1.810s] -- Up-to-date: /home/quantum_main/computer_vision/install/custom_interfaces/share/custom_interfaces/cmake/export_custom_interfaces__rosidl_generator_pyExport.cmake
[1.810s] -- Up-to-date: /home/quantum_main/computer_vision/install/custom_interfaces/share/custom_interfaces/cmake/export_custom_interfaces__rosidl_generator_pyExport-noconfig.cmake
[1.810s] -- Up-to-date: /home/quantum_main/computer_vision/install/custom_interfaces/share/custom_interfaces/cmake/rosidl_cmake-extras.cmake
[1.811s] -- Up-to-date: /home/quantum_main/computer_vision/install/custom_interfaces/share/custom_interfaces/cmake/ament_cmake_export_include_directories-extras.cmake
[1.811s] -- Up-to-date: /home/quantum_main/computer_vision/install/custom_interfaces/share/custom_interfaces/cmake/ament_cmake_export_libraries-extras.cmake
[1.811s] -- Up-to-date: /home/quantum_main/computer_vision/install/custom_interfaces/share/custom_interfaces/cmake/ament_cmake_export_targets-extras.cmake
[1.811s] -- Up-to-date: /home/quantum_main/computer_vision/install/custom_interfaces/share/custom_interfaces/cmake/rosidl_cmake_export_typesupport_targets-extras.cmake
[1.811s] -- Up-to-date: /home/quantum_main/computer_vision/install/custom_interfaces/share/custom_interfaces/cmake/ament_cmake_export_dependencies-extras.cmake
[1.811s] -- Up-to-date: /home/quantum_main/computer_vision/install/custom_interfaces/share/custom_interfaces/cmake/rosidl_cmake_export_typesupport_libraries-extras.cmake
[1.812s] -- Up-to-date: /home/quantum_main/computer_vision/install/custom_interfaces/share/custom_interfaces/cmake/custom_interfacesConfig.cmake
[1.813s] -- Up-to-date: /home/quantum_main/computer_vision/install/custom_interfaces/share/custom_interfaces/cmake/custom_interfacesConfig-version.cmake
[1.814s] -- Up-to-date: /home/quantum_main/computer_vision/install/custom_interfaces/share/custom_interfaces/package.xml
[1.814s] Invoked command in '/home/quantum_main/computer_vision/build/custom_interfaces' returned '0': CMAKE_PREFIX_PATH=${CMAKE_PREFIX_PATH}:/home/quantum_main/ros2_ws/install/matrix_implementation2:/home/quantum_main/ros2_ws/install/qr_navigation_2:/home/quantum_main/ros2_ws/install/bno055:/opt/ros/humble /usr/bin/cmake --install /home/quantum_main/computer_vision/build/custom_interfaces
